#
# There is insufficient memory for the Java Runtime Environment to continue.
# Native memory allocation (mmap) failed to map 28311552 bytes for Failed to commit area from 0x000000008e200000 to 0x000000008fd00000 of length 28311552.
# Possible reasons:
#   The system is out of physical RAM or swap space
#   The process is running with CompressedOops enabled, and the Java Heap may be blocking the growth of the native heap
# Possible solutions:
#   Reduce memory load on the system
#   Increase physical memory or swap space
#   Check if swap backing store is full
#   Decrease Java heap size (-Xmx/-Xms)
#   Decrease number of Java threads
#   Decrease Java thread stack sizes (-Xss)
#   Set larger code cache with -XX:ReservedCodeCacheSize=
#   JVM is running with Unscaled Compressed Oops mode in which the Java heap is
#     placed in the first 4GB address space. The Java Heap base address is the
#     maximum limit for the native heap growth. Please use -XX:HeapBaseMinAddress
#     to set the Java Heap base and to place the Java Heap above 4GB virtual address.
# This output file may be truncated or incomplete.
#
#  Out of Memory Error (t:/workspace/open/src/hotspot/os/windows/os_windows.cpp:3301), pid=19964, tid=10972
#
# JRE version: Java(TM) SE Runtime Environment (13.0.2+8) (build 13.0.2+8)
# Java VM: Java HotSpot(TM) 64-Bit Server VM (13.0.2+8, mixed mode, sharing, tiered, compressed oops, g1 gc, windows-amd64)
# No core dump will be written. Minidumps are not enabled by default on client versions of Windows
#

---------------  S U M M A R Y ------------

Command Line: --add-opens=java.base/java.util=ALL-UNNAMED --add-opens=java.base/java.lang=ALL-UNNAMED --add-opens=java.base/java.lang.invoke=ALL-UNNAMED --add-opens=java.base/java.util=ALL-UNNAMED --add-opens=java.prefs/java.util.prefs=ALL-UNNAMED --add-opens=java.prefs/java.util.prefs=ALL-UNNAMED --add-opens=java.base/java.nio.charset=ALL-UNNAMED --add-opens=java.base/java.net=ALL-UNNAMED --add-opens=java.base/java.util.concurrent.atomic=ALL-UNNAMED -Xmx2048m -Dfile.encoding=UTF-8 -Duser.country=MX -Duser.language=es -Duser.variant org.gradle.launcher.daemon.bootstrap.GradleDaemon 7.2

Host: Intel(R) Core(TM) i7-7700HQ CPU @ 2.80GHz, 8 cores, 15G,  Windows 10 , 64 bit Build 19041 (10.0.19041.1645)
Time: Sun May  8 15:52:46 2022 Hora de verano central (México) elapsed time: 14 seconds (0d 0h 0m 14s)

---------------  T H R E A D  ---------------

Current thread (0x00000206da67e000):  VMThread "VM Thread" [stack: 0x00000008d2000000,0x00000008d2100000] [id=10972]

Stack: [0x00000008d2000000,0x00000008d2100000]
[error occurred during error reporting (printing stack bounds), id 0xc0000005, EXCEPTION_ACCESS_VIOLATION (0xc0000005) at pc=0x00000206c3b610ad]

Native frames: (J=compiled Java code, j=interpreted, Vv=VM code, C=native code)
V  [jvm.dll+0x624f9a]
V  [jvm.dll+0x770cfa]
V  [jvm.dll+0x7724af]
V  [jvm.dll+0x772a15]
V  [jvm.dll+0x7729cb]
V  [jvm.dll+0x6244df]
C  [ntdll.dll+0x78a3c]
C  [ntdll.dll+0x51276]
C  [ntdll.dll+0xa0bfe]
C  0x00000206c3b610ad

VM_Operation (0x00000008daffa650): G1CollectForAllocation, mode: safepoint, requested by thread 0x00000206ddab5000


---------------  P R O C E S S  ---------------

Threads class SMR info:
_java_thread_list=0x00000206e4488030, length=136, elements={
0x00000206bb64e800, 0x00000206da67f000, 0x00000206da683000, 0x00000206da69a000,
0x00000206da69b800, 0x00000206da69c800, 0x00000206da69e800, 0x00000206da6aa000,
0x00000206db065000, 0x00000206db06f000, 0x00000206dd6af800, 0x00000206dc9c2000,
0x00000206db280000, 0x00000206db12d800, 0x00000206ddf6d000, 0x00000206dc25d800,
0x00000206dc759800, 0x00000206dc8f5800, 0x00000206dcdde000, 0x00000206dd30b800,
0x00000206dd262800, 0x00000206dd074000, 0x00000206dd078800, 0x00000206dd073000,
0x00000206dd078000, 0x00000206dd30a800, 0x00000206dd076800, 0x00000206dd075800,
0x00000206dd079800, 0x00000206dd074800, 0x00000206dd077000, 0x00000206e52ef800,
0x00000206e52ee800, 0x00000206e52ed000, 0x00000206e52f4000, 0x00000206e52f5000,
0x00000206e52f6000, 0x00000206e52f6800, 0x00000206e52f2800, 0x00000206e52f1000,
0x00000206e52f7800, 0x00000206e52f3800, 0x00000206e52f1800, 0x00000206e52f8000,
0x00000206e52f9000, 0x00000206dd7c9800, 0x00000206dd7ca000, 0x00000206dd7cc000,
0x00000206dd7cb000, 0x00000206dd7cc800, 0x00000206dd7cd800, 0x00000206dd7ce800,
0x00000206dd7c8800, 0x00000206dd7d0800, 0x00000206dd7d3000, 0x00000206dd7d0000,
0x00000206dd7d2800, 0x00000206dd7d1800, 0x00000206dd7d4000, 0x00000206dd7d5000,
0x00000206dd7cf000, 0x00000206dd7d5800, 0x00000206dd7d6800, 0x00000206dd7d7800,
0x00000206dd742000, 0x00000206dd745800, 0x00000206dd746800, 0x00000206dd743000,
0x00000206dd744000, 0x00000206dd744800, 0x00000206dd740800, 0x00000206dd747000,
0x00000206dd741800, 0x00000206dd748000, 0x00000206dd74c000, 0x00000206dd74d800,
0x00000206dd748800, 0x00000206dd74a800, 0x00000206dd74b000, 0x00000206dd74d000,
0x00000206dd74e800, 0x00000206dd74f800, 0x00000206dd749800, 0x00000206dffcf000,
0x00000206dffcd800, 0x00000206dffd2000, 0x00000206dffd3000, 0x00000206dffd1800,
0x00000206dffd4000, 0x00000206dffd0800, 0x00000206dffce000, 0x00000206dffd4800,
0x00000206dffd5800, 0x00000206dffcf800, 0x00000206dffd8800, 0x00000206dffd9800,
0x00000206dffda800, 0x00000206dffdb000, 0x00000206dffdc000, 0x00000206dffd6800,
0x00000206dffd7000, 0x00000206dffd8000, 0x00000206e2401000, 0x00000206e2403800,
0x00000206e23ff800, 0x00000206e2402000, 0x00000206e23fe800, 0x00000206e2400000,
0x00000206e2402800, 0x00000206e23fe000, 0x00000206e2405000, 0x00000206e240a000,
0x00000206e2406000, 0x00000206e2406800, 0x00000206e2404800, 0x00000206e240c800,
0x00000206e2409000, 0x00000206e2408800, 0x00000206e240b000, 0x00000206e2407800,
0x00000206e240b800, 0x00000206ddaaf800, 0x00000206ddab1000, 0x00000206ddaac000,
0x00000206ddab0000, 0x00000206ddaad000, 0x00000206ddab2800, 0x00000206ddab3800,
0x00000206ddab2000, 0x00000206ddaad800, 0x00000206ddab9000, 0x00000206ddaba000,
0x00000206ddab4000, 0x00000206ddab5000, 0x00000206ddaba800, 0x00000206ddab8800
}

Java Threads: ( => current thread )
  0x00000206bb64e800 JavaThread "main" [_thread_blocked, id=2024, stack(0x00000008d1a00000,0x00000008d1b00000)]
  0x00000206da67f000 JavaThread "Reference Handler" daemon [_thread_blocked, id=9488, stack(0x00000008d2100000,0x00000008d2200000)]
  0x00000206da683000 JavaThread "Finalizer" daemon [_thread_blocked, id=15168, stack(0x00000008d2200000,0x00000008d2300000)]
  0x00000206da69a000 JavaThread "Signal Dispatcher" daemon [_thread_blocked, id=19192, stack(0x00000008d2300000,0x00000008d2400000)]
  0x00000206da69b800 JavaThread "Attach Listener" daemon [_thread_blocked, id=19700, stack(0x00000008d2400000,0x00000008d2500000)]
  0x00000206da69c800 JavaThread "C2 CompilerThread0" daemon [_thread_blocked, id=3508, stack(0x00000008d2500000,0x00000008d2600000)]
  0x00000206da69e800 JavaThread "C1 CompilerThread0" daemon [_thread_blocked, id=1984, stack(0x00000008d2600000,0x00000008d2700000)]
  0x00000206da6aa000 JavaThread "Sweeper thread" daemon [_thread_blocked, id=3192, stack(0x00000008d2700000,0x00000008d2800000)]
  0x00000206db065000 JavaThread "Common-Cleaner" daemon [_thread_blocked, id=10344, stack(0x00000008d2800000,0x00000008d2900000)]
  0x00000206db06f000 JavaThread "Service Thread" daemon [_thread_blocked, id=15616, stack(0x00000008d2900000,0x00000008d2a00000)]
  0x00000206dd6af800 JavaThread "Daemon health stats" [_thread_blocked, id=18064, stack(0x00000008d3200000,0x00000008d3300000)]
  0x00000206dc9c2000 JavaThread "Incoming local TCP Connector on port 49276" [_thread_in_native, id=12160, stack(0x00000008d2b00000,0x00000008d2c00000)]
  0x00000206db280000 JavaThread "Daemon periodic checks" [_thread_blocked, id=19760, stack(0x00000008d2c00000,0x00000008d2d00000)]
  0x00000206db12d800 JavaThread "Daemon" [_thread_blocked, id=15644, stack(0x00000008d3300000,0x00000008d3400000)]
  0x00000206ddf6d000 JavaThread "Handler for socket connection from /127.0.0.1:49276 to /127.0.0.1:49277" [_thread_in_native, id=15248, stack(0x00000008d3400000,0x00000008d3500000)]
  0x00000206dc25d800 JavaThread "Cancel handler" [_thread_blocked, id=9844, stack(0x00000008d3500000,0x00000008d3600000)]
  0x00000206dc759800 JavaThread "Daemon worker" [_thread_blocked, id=10980, stack(0x00000008d3600000,0x00000008d3700000)]
  0x00000206dc8f5800 JavaThread "Asynchronous log dispatcher for DefaultDaemonConnection: socket connection from /127.0.0.1:49276 to /127.0.0.1:49277" [_thread_blocked, id=6484, stack(0x00000008d3700000,0x00000008d3800000)]
  0x00000206dcdde000 JavaThread "Stdin handler" [_thread_blocked, id=18204, stack(0x00000008d3800000,0x00000008d3900000)]
  0x00000206dd30b800 JavaThread "Daemon client event forwarder" [_thread_blocked, id=3860, stack(0x00000008d3900000,0x00000008d3a00000)]
  0x00000206dd262800 JavaThread "C2 CompilerThread1" daemon [_thread_in_native, id=19772, stack(0x00000008d3a00000,0x00000008d3b00000)]
  0x00000206dd074000 JavaThread "Cache worker for journal cache (C:\Users\alopezorozco\.gradle\caches\journal-1)" [_thread_blocked, id=17528, stack(0x00000008d3d00000,0x00000008d3e00000)]
  0x00000206dd078800 JavaThread "File lock request listener" [_thread_in_native, id=15184, stack(0x00000008d3e00000,0x00000008d3f00000)]
  0x00000206dd073000 JavaThread "Cache worker for file hash cache (C:\Users\alopezorozco\.gradle\caches\7.2\fileHashes)" [_thread_blocked, id=1828, stack(0x00000008d3f00000,0x00000008d4000000)]
  0x00000206dd078000 JavaThread "Cache worker for file hash cache (D:\alopezorozco\Documents\EJ2022\AndroidProjects\Adivinar_Palabras_Firebase\.gradle\7.2\fileHashes)" [_thread_blocked, id=15140, stack(0x00000008d4000000,0x00000008d4100000)]
  0x00000206dd30a800 JavaThread "C2 CompilerThread2" daemon [_thread_in_native, id=10396, stack(0x00000008d4100000,0x00000008d4200000)]
  0x00000206dd076800 JavaThread "File watcher server" daemon [_thread_blocked, id=19020, stack(0x00000008d4200000,0x00000008d4300000)]
  0x00000206dd075800 JavaThread "File watcher consumer" daemon [_thread_blocked, id=6692, stack(0x00000008d4300000,0x00000008d4400000)]
  0x00000206dd079800 JavaThread "Cache worker for checksums cache (D:\alopezorozco\Documents\EJ2022\AndroidProjects\Adivinar_Palabras_Firebase\.gradle\checksums)" [_thread_blocked, id=3244, stack(0x00000008d4400000,0x00000008d4500000)]
  0x00000206dd074800 JavaThread "Cache worker for cache directory md-supplier (C:\Users\alopezorozco\.gradle\caches\7.2\md-supplier)" [_thread_blocked, id=12716, stack(0x00000008d4500000,0x00000008d4600000)]
  0x00000206dd077000 JavaThread "Cache worker for cache directory md-rule (C:\Users\alopezorozco\.gradle\caches\7.2\md-rule)" [_thread_blocked, id=1596, stack(0x00000008d4600000,0x00000008d4700000)]
  0x00000206e52ef800 JavaThread "Cache worker for execution history cache (C:\Users\alopezorozco\.gradle\caches\7.2\executionHistory)" [_thread_blocked, id=1244, stack(0x00000008d4800000,0x00000008d4900000)]
  0x00000206e52ee800 JavaThread "jar transforms" [_thread_blocked, id=11628, stack(0x00000008d4900000,0x00000008d4a00000)]
  0x00000206e52ed000 JavaThread "Cache worker for file content cache (C:\Users\alopezorozco\.gradle\caches\7.2\fileContent)" [_thread_blocked, id=12436, stack(0x00000008d4a00000,0x00000008d4b00000)]
  0x00000206e52f4000 JavaThread "jar transforms Thread 2" [_thread_blocked, id=2832, stack(0x00000008d4b00000,0x00000008d4c00000)]
  0x00000206e52f5000 JavaThread "Cache worker for dependencies-accessors (D:\alopezorozco\Documents\EJ2022\AndroidProjects\Adivinar_Palabras_Firebase\.gradle\7.2\dependencies-accessors)" [_thread_blocked, id=3744, stack(0x00000008d4c00000,0x00000008d4d00000)]
  0x00000206e52f6000 JavaThread "jar transforms Thread 3" [_thread_blocked, id=14460, stack(0x00000008d4d00000,0x00000008d4e00000)]
  0x00000206e52f6800 JavaThread "Cache worker for Build Output Cleanup Cache (D:\alopezorozco\Documents\EJ2022\AndroidProjects\Adivinar_Palabras_Firebase\.gradle\buildOutputCleanup)" [_thread_blocked, id=15748, stack(0x00000008d4e00000,0x00000008d4f00000)]
  0x00000206e52f2800 JavaThread "Unconstrained build operations" [_thread_blocked, id=8608, stack(0x00000008d4f00000,0x00000008d5000000)]
  0x00000206e52f1000 JavaThread "Unconstrained build operations Thread 2" [_thread_blocked, id=19752, stack(0x00000008d5000000,0x00000008d5100000)]
  0x00000206e52f7800 JavaThread "Unconstrained build operations Thread 3" [_thread_blocked, id=13276, stack(0x00000008d5100000,0x00000008d5200000)]
  0x00000206e52f3800 JavaThread "Unconstrained build operations Thread 4" [_thread_blocked, id=14660, stack(0x00000008d5200000,0x00000008d5300000)]
  0x00000206e52f1800 JavaThread "Unconstrained build operations Thread 5" [_thread_blocked, id=2432, stack(0x00000008d5300000,0x00000008d5400000)]
  0x00000206e52f8000 JavaThread "Unconstrained build operations Thread 6" [_thread_blocked, id=18304, stack(0x00000008d5400000,0x00000008d5500000)]
  0x00000206e52f9000 JavaThread "Unconstrained build operations Thread 7" [_thread_blocked, id=8408, stack(0x00000008d5500000,0x00000008d5600000)]
  0x00000206dd7c9800 JavaThread "Unconstrained build operations Thread 8" [_thread_blocked, id=14168, stack(0x00000008d5600000,0x00000008d5700000)]
  0x00000206dd7ca000 JavaThread "Unconstrained build operations Thread 9" [_thread_blocked, id=19440, stack(0x00000008d5700000,0x00000008d5800000)]
  0x00000206dd7cc000 JavaThread "Unconstrained build operations Thread 10" [_thread_blocked, id=19936, stack(0x00000008d5800000,0x00000008d5900000)]
  0x00000206dd7cb000 JavaThread "Unconstrained build operations Thread 11" [_thread_blocked, id=17268, stack(0x00000008d5900000,0x00000008d5a00000)]
  0x00000206dd7cc800 JavaThread "Unconstrained build operations Thread 12" [_thread_blocked, id=4996, stack(0x00000008d5a00000,0x00000008d5b00000)]
  0x00000206dd7cd800 JavaThread "Unconstrained build operations Thread 13" [_thread_blocked, id=4224, stack(0x00000008d5b00000,0x00000008d5c00000)]
  0x00000206dd7ce800 JavaThread "Unconstrained build operations Thread 14" [_thread_blocked, id=16720, stack(0x00000008d5c00000,0x00000008d5d00000)]
  0x00000206dd7c8800 JavaThread "Unconstrained build operations Thread 15" [_thread_blocked, id=10940, stack(0x00000008d5d00000,0x00000008d5e00000)]
  0x00000206dd7d0800 JavaThread "Unconstrained build operations Thread 16" [_thread_blocked, id=10272, stack(0x00000008d5e00000,0x00000008d5f00000)]
  0x00000206dd7d3000 JavaThread "Unconstrained build operations Thread 17" [_thread_blocked, id=4312, stack(0x00000008d5f00000,0x00000008d6000000)]
  0x00000206dd7d0000 JavaThread "Unconstrained build operations Thread 18" [_thread_blocked, id=16772, stack(0x00000008d6000000,0x00000008d6100000)]
  0x00000206dd7d2800 JavaThread "Unconstrained build operations Thread 19" [_thread_blocked, id=13788, stack(0x00000008d6100000,0x00000008d6200000)]
  0x00000206dd7d1800 JavaThread "Unconstrained build operations Thread 20" [_thread_blocked, id=13156, stack(0x00000008d6200000,0x00000008d6300000)]
  0x00000206dd7d4000 JavaThread "Unconstrained build operations Thread 21" [_thread_blocked, id=2232, stack(0x00000008d6300000,0x00000008d6400000)]
  0x00000206dd7d5000 JavaThread "Unconstrained build operations Thread 22" [_thread_blocked, id=1664, stack(0x00000008d6400000,0x00000008d6500000)]
  0x00000206dd7cf000 JavaThread "Unconstrained build operations Thread 23" [_thread_blocked, id=2096, stack(0x00000008d6500000,0x00000008d6600000)]
  0x00000206dd7d5800 JavaThread "Unconstrained build operations Thread 24" [_thread_blocked, id=19940, stack(0x00000008d6600000,0x00000008d6700000)]
  0x00000206dd7d6800 JavaThread "Unconstrained build operations Thread 25" [_thread_blocked, id=20416, stack(0x00000008d6700000,0x00000008d6800000)]
  0x00000206dd7d7800 JavaThread "Unconstrained build operations Thread 26" [_thread_blocked, id=3228, stack(0x00000008d6800000,0x00000008d6900000)]
  0x00000206dd742000 JavaThread "Unconstrained build operations Thread 27" [_thread_blocked, id=20456, stack(0x00000008d6900000,0x00000008d6a00000)]
  0x00000206dd745800 JavaThread "Unconstrained build operations Thread 28" [_thread_blocked, id=15944, stack(0x00000008d6a00000,0x00000008d6b00000)]
  0x00000206dd746800 JavaThread "Unconstrained build operations Thread 29" [_thread_blocked, id=12424, stack(0x00000008d6b00000,0x00000008d6c00000)]
  0x00000206dd743000 JavaThread "Unconstrained build operations Thread 30" [_thread_blocked, id=16712, stack(0x00000008d6c00000,0x00000008d6d00000)]
  0x00000206dd744000 JavaThread "Unconstrained build operations Thread 31" [_thread_blocked, id=10840, stack(0x00000008d6d00000,0x00000008d6e00000)]
  0x00000206dd744800 JavaThread "Unconstrained build operations Thread 32" [_thread_blocked, id=19348, stack(0x00000008d6e00000,0x00000008d6f00000)]
  0x00000206dd740800 JavaThread "Unconstrained build operations Thread 33" [_thread_blocked, id=3964, stack(0x00000008d6f00000,0x00000008d7000000)]
  0x00000206dd747000 JavaThread "Unconstrained build operations Thread 34" [_thread_blocked, id=20428, stack(0x00000008d7000000,0x00000008d7100000)]
  0x00000206dd741800 JavaThread "Unconstrained build operations Thread 35" [_thread_blocked, id=11116, stack(0x00000008d7100000,0x00000008d7200000)]
  0x00000206dd748000 JavaThread "Unconstrained build operations Thread 36" [_thread_blocked, id=19856, stack(0x00000008d7200000,0x00000008d7300000)]
  0x00000206dd74c000 JavaThread "Unconstrained build operations Thread 37" [_thread_blocked, id=1772, stack(0x00000008d7300000,0x00000008d7400000)]
  0x00000206dd74d800 JavaThread "Unconstrained build operations Thread 38" [_thread_blocked, id=1884, stack(0x00000008d7400000,0x00000008d7500000)]
  0x00000206dd748800 JavaThread "Unconstrained build operations Thread 39" [_thread_blocked, id=3388, stack(0x00000008d7500000,0x00000008d7600000)]
  0x00000206dd74a800 JavaThread "Unconstrained build operations Thread 40" [_thread_blocked, id=16728, stack(0x00000008d7600000,0x00000008d7700000)]
  0x00000206dd74b000 JavaThread "Unconstrained build operations Thread 41" [_thread_blocked, id=1792, stack(0x00000008d7700000,0x00000008d7800000)]
  0x00000206dd74d000 JavaThread "Unconstrained build operations Thread 42" [_thread_blocked, id=19240, stack(0x00000008d7800000,0x00000008d7900000)]
  0x00000206dd74e800 JavaThread "Unconstrained build operations Thread 43" [_thread_blocked, id=14052, stack(0x00000008d7900000,0x00000008d7a00000)]
  0x00000206dd74f800 JavaThread "Unconstrained build operations Thread 44" [_thread_blocked, id=12560, stack(0x00000008d7a00000,0x00000008d7b00000)]
  0x00000206dd749800 JavaThread "Unconstrained build operations Thread 45" [_thread_blocked, id=13884, stack(0x00000008d7b00000,0x00000008d7c00000)]
  0x00000206dffcf000 JavaThread "Unconstrained build operations Thread 46" [_thread_blocked, id=2340, stack(0x00000008d7c00000,0x00000008d7d00000)]
  0x00000206dffcd800 JavaThread "Unconstrained build operations Thread 47" [_thread_blocked, id=6408, stack(0x00000008d7d00000,0x00000008d7e00000)]
  0x00000206dffd2000 JavaThread "Unconstrained build operations Thread 48" [_thread_blocked, id=15072, stack(0x00000008d7e00000,0x00000008d7f00000)]
  0x00000206dffd3000 JavaThread "Unconstrained build operations Thread 49" [_thread_blocked, id=1716, stack(0x00000008d7f00000,0x00000008d8000000)]
  0x00000206dffd1800 JavaThread "Unconstrained build operations Thread 50" [_thread_blocked, id=9236, stack(0x00000008d8000000,0x00000008d8100000)]
  0x00000206dffd4000 JavaThread "Unconstrained build operations Thread 51" [_thread_blocked, id=15912, stack(0x00000008d8100000,0x00000008d8200000)]
  0x00000206dffd0800 JavaThread "Unconstrained build operations Thread 52" [_thread_blocked, id=18964, stack(0x00000008d8200000,0x00000008d8300000)]
  0x00000206dffce000 JavaThread "Unconstrained build operations Thread 53" [_thread_blocked, id=15588, stack(0x00000008d8300000,0x00000008d8400000)]
  0x00000206dffd4800 JavaThread "Unconstrained build operations Thread 54" [_thread_blocked, id=19756, stack(0x00000008d8400000,0x00000008d8500000)]
  0x00000206dffd5800 JavaThread "Unconstrained build operations Thread 55" [_thread_blocked, id=18960, stack(0x00000008d8500000,0x00000008d8600000)]
  0x00000206dffcf800 JavaThread "Unconstrained build operations Thread 56" [_thread_blocked, id=18004, stack(0x00000008d8600000,0x00000008d8700000)]
  0x00000206dffd8800 JavaThread "Unconstrained build operations Thread 57" [_thread_blocked, id=3852, stack(0x00000008d8700000,0x00000008d8800000)]
  0x00000206dffd9800 JavaThread "Unconstrained build operations Thread 58" [_thread_blocked, id=17796, stack(0x00000008d8800000,0x00000008d8900000)]
  0x00000206dffda800 JavaThread "Unconstrained build operations Thread 59" [_thread_blocked, id=18908, stack(0x00000008d8900000,0x00000008d8a00000)]
  0x00000206dffdb000 JavaThread "Unconstrained build operations Thread 60" [_thread_blocked, id=11384, stack(0x00000008d8a00000,0x00000008d8b00000)]
  0x00000206dffdc000 JavaThread "Unconstrained build operations Thread 61" [_thread_blocked, id=1712, stack(0x00000008d8b00000,0x00000008d8c00000)]
  0x00000206dffd6800 JavaThread "Unconstrained build operations Thread 62" [_thread_blocked, id=19268, stack(0x00000008d8c00000,0x00000008d8d00000)]
  0x00000206dffd7000 JavaThread "Unconstrained build operations Thread 63" [_thread_blocked, id=10572, stack(0x00000008d8d00000,0x00000008d8e00000)]
  0x00000206dffd8000 JavaThread "Unconstrained build operations Thread 64" [_thread_blocked, id=6648, stack(0x00000008d8e00000,0x00000008d8f00000)]
  0x00000206e2401000 JavaThread "Unconstrained build operations Thread 65" [_thread_blocked, id=2552, stack(0x00000008d8f00000,0x00000008d9000000)]
  0x00000206e2403800 JavaThread "Unconstrained build operations Thread 66" [_thread_blocked, id=16228, stack(0x00000008d9000000,0x00000008d9100000)]
  0x00000206e23ff800 JavaThread "Unconstrained build operations Thread 67" [_thread_blocked, id=5656, stack(0x00000008d9100000,0x00000008d9200000)]
  0x00000206e2402000 JavaThread "Unconstrained build operations Thread 68" [_thread_blocked, id=12556, stack(0x00000008d9200000,0x00000008d9300000)]
  0x00000206e23fe800 JavaThread "Unconstrained build operations Thread 69" [_thread_blocked, id=4712, stack(0x00000008d9300000,0x00000008d9400000)]
  0x00000206e2400000 JavaThread "Unconstrained build operations Thread 70" [_thread_blocked, id=20164, stack(0x00000008d9400000,0x00000008d9500000)]
  0x00000206e2402800 JavaThread "Unconstrained build operations Thread 71" [_thread_blocked, id=9640, stack(0x00000008d9500000,0x00000008d9600000)]
  0x00000206e23fe000 JavaThread "Unconstrained build operations Thread 72" [_thread_blocked, id=18348, stack(0x00000008d9600000,0x00000008d9700000)]
  0x00000206e2405000 JavaThread "Unconstrained build operations Thread 73" [_thread_blocked, id=15572, stack(0x00000008d9700000,0x00000008d9800000)]
  0x00000206e240a000 JavaThread "Unconstrained build operations Thread 74" [_thread_blocked, id=6320, stack(0x00000008d9800000,0x00000008d9900000)]
  0x00000206e2406000 JavaThread "Unconstrained build operations Thread 75" [_thread_blocked, id=14032, stack(0x00000008d9900000,0x00000008d9a00000)]
  0x00000206e2406800 JavaThread "Unconstrained build operations Thread 76" [_thread_blocked, id=12852, stack(0x00000008d9a00000,0x00000008d9b00000)]
  0x00000206e2404800 JavaThread "Unconstrained build operations Thread 77" [_thread_blocked, id=20400, stack(0x00000008d9b00000,0x00000008d9c00000)]
  0x00000206e240c800 JavaThread "Unconstrained build operations Thread 78" [_thread_blocked, id=2948, stack(0x00000008d9c00000,0x00000008d9d00000)]
  0x00000206e2409000 JavaThread "Unconstrained build operations Thread 79" [_thread_blocked, id=19820, stack(0x00000008d9d00000,0x00000008d9e00000)]
  0x00000206e2408800 JavaThread "Unconstrained build operations Thread 80" [_thread_blocked, id=10780, stack(0x00000008d9e00000,0x00000008d9f00000)]
  0x00000206e240b000 JavaThread "jar transforms Thread 4" [_thread_blocked, id=8008, stack(0x00000008d9f00000,0x00000008da000000)]
  0x00000206e2407800 JavaThread "jar transforms Thread 5" [_thread_blocked, id=14384, stack(0x00000008da000000,0x00000008da100000)]
  0x00000206e240b800 JavaThread "jar transforms Thread 6" [_thread_blocked, id=14956, stack(0x00000008da100000,0x00000008da200000)]
  0x00000206ddaaf800 JavaThread "jar transforms Thread 7" [_thread_blocked, id=10120, stack(0x00000008da200000,0x00000008da300000)]
  0x00000206ddab1000 JavaThread "jar transforms Thread 8" [_thread_blocked, id=16556, stack(0x00000008da300000,0x00000008da400000)]
  0x00000206ddaac000 JavaThread "Memory manager" [_thread_blocked, id=12464, stack(0x00000008da400000,0x00000008da500000)]
  0x00000206ddab0000 JavaThread "build event listener" [_thread_blocked, id=13324, stack(0x00000008da500000,0x00000008da600000)]
  0x00000206ddaad000 JavaThread "Execution worker for ':'" [_thread_blocked, id=17336, stack(0x00000008da600000,0x00000008da700000)]
  0x00000206ddab2800 JavaThread "Execution worker for ':' Thread 2" [_thread_blocked, id=216, stack(0x00000008da700000,0x00000008da800000)]
  0x00000206ddab3800 JavaThread "Execution worker for ':' Thread 3" [_thread_blocked, id=17024, stack(0x00000008da800000,0x00000008da900000)]
  0x00000206ddab2000 JavaThread "Execution worker for ':' Thread 4" [_thread_blocked, id=1260, stack(0x00000008da900000,0x00000008daa00000)]
  0x00000206ddaad800 JavaThread "Execution worker for ':' Thread 5" [_thread_blocked, id=11632, stack(0x00000008daa00000,0x00000008dab00000)]
  0x00000206ddab9000 JavaThread "Execution worker for ':' Thread 6" [_thread_blocked, id=3424, stack(0x00000008dab00000,0x00000008dac00000)]
  0x00000206ddaba000 JavaThread "Execution worker for ':' Thread 7" [_thread_blocked, id=16308, stack(0x00000008dac00000,0x00000008dad00000)]
  0x00000206ddab4000 JavaThread "Cache worker for execution history cache (D:\alopezorozco\Documents\EJ2022\AndroidProjects\Adivinar_Palabras_Firebase\.gradle\7.2\executionHistory)" [_thread_blocked, id=2956, stack(0x00000008dad00000,0x00000008dae00000)]
  0x00000206ddab5000 JavaThread "WorkerExecutor Queue" [_thread_blocked, id=5532, stack(0x00000008daf00000,0x00000008db000000)]
  0x00000206ddaba800 JavaThread "WorkerExecutor Queue Thread 2" [_thread_blocked, id=2504, stack(0x00000008db000000,0x00000008db100000)]
  0x00000206ddab8800 JavaThread "WorkerExecutor Queue Thread 3" [_thread_blocked, id=15280, stack(0x00000008db100000,0x00000008db200000)]

Other Threads:
=>0x00000206da67e000 VMThread "VM Thread" [stack: 0x00000008d2000000,0x00000008d2100000] [id=10972]
  0x00000206db079000 WatcherThread [stack: 0x00000008d2a00000,0x00000008d2b00000] [id=18568]
  0x00000206bb692800 GCTaskThread "GC Thread#0" [stack: 0x00000008d1b00000,0x00000008d1c00000] [id=19432]
  0x00000206dc010800 GCTaskThread "GC Thread#1" [stack: 0x00000008d2d00000,0x00000008d2e00000] [id=12236]
  0x00000206dc00f800 GCTaskThread "GC Thread#2" [stack: 0x00000008d2e00000,0x00000008d2f00000] [id=1364]
  0x00000206dc012800 GCTaskThread "GC Thread#3" [stack: 0x00000008d2f00000,0x00000008d3000000] [id=7932]
  0x00000206dc015800 GCTaskThread "GC Thread#4" [stack: 0x00000008d3000000,0x00000008d3100000] [id=13960]
  0x00000206dc015000 GCTaskThread "GC Thread#5" [stack: 0x00000008d3100000,0x00000008d3200000] [id=15376]
  0x00000206dc013800 GCTaskThread "GC Thread#6" [stack: 0x00000008d3b00000,0x00000008d3c00000] [id=20240]
  0x00000206dc011800 GCTaskThread "GC Thread#7" [stack: 0x00000008d3c00000,0x00000008d3d00000] [id=2780]
  0x00000206bb6a4000 ConcurrentGCThread "G1 Main Marker" [stack: 0x00000008d1c00000,0x00000008d1d00000] [id=18916]
  0x00000206bb6a5800 ConcurrentGCThread "G1 Conc#0" [stack: 0x00000008d1d00000,0x00000008d1e00000] [id=19628]
  0x00000206dc012000 ConcurrentGCThread "G1 Conc#1" [stack: 0x00000008d4700000,0x00000008d4800000] [id=18488]
  0x00000206bb72d800 ConcurrentGCThread "G1 Refine#0" [stack: 0x00000008d1e00000,0x00000008d1f00000] [id=13904]
  0x00000206e3ef3800 ConcurrentGCThread "G1 Refine#1" [stack: 0x00000008dae00000,0x00000008daf00000] [id=5440]
  0x00000206da57f000 ConcurrentGCThread "G1 Young RemSet Sampling" [stack: 0x00000008d1f00000,0x00000008d2000000] [id=11916]

Threads with active compile tasks:
C2 CompilerThread0    14362 11367   !   4       java.nio.file.FileTreeWalker::next (144 bytes)
C1 CompilerThread0    14362 11478       2       sun.nio.cs.StreamDecoder::implRead (243 bytes)
C2 CompilerThread1    14362 11412 % !   4       java.io.BufferedReader::readLine @ 131 (304 bytes)
C2 CompilerThread2    14362 11403       4       org.gradle.internal.snapshot.impl.DefaultValueSnapshotter::processValue (675 bytes)

VM state:at safepoint (normal execution)

VM Mutex/Monitor currently owned by a thread:  ([mutex/lock_event])
[0x00000206bb649630] Threads_lock - owner thread: 0x00000206da67e000
[0x00000206bb649870] Heap_lock - owner thread: 0x00000206ddab5000

Heap address: 0x0000000080000000, size: 2048 MB, Compressed Oops mode: 32-bit
Narrow klass base: 0x0000000800000000, Narrow klass shift: 3
Compressed class space size: 1073741824 Address: 0x0000000800b40000

Heap:
 garbage-first heap   total 261120K, used 103691K [0x0000000080000000, 0x0000000100000000)
  region size 1024K, 1 young (1024K), 1 survivors (1024K)
 Metaspace       used 85327K, capacity 87523K, committed 88060K, reserved 1124352K
  class space    used 11258K, capacity 12059K, committed 12284K, reserved 1048576K
Heap Regions: E=young(eden), S=young(survivor), O=old, HS=humongous(starts), HC=humongous(continues), CS=collection set, F=free, A=archive, TAMS=top-at-mark-start (previous, next)
|   0|0x0000000080000000, 0x0000000080100000, 0x0000000080100000|100%| O|  |TAMS 0x0000000080100000, 0x0000000080000000| Complete 
|   1|0x0000000080100000, 0x0000000080200000, 0x0000000080200000|100%| O|  |TAMS 0x0000000080200000, 0x0000000080100000| Untracked 
|   2|0x0000000080200000, 0x0000000080300000, 0x0000000080300000|100%| O|  |TAMS 0x0000000080300000, 0x0000000080200000| Untracked 
|   3|0x0000000080300000, 0x0000000080400000, 0x0000000080400000|100%|HS|  |TAMS 0x0000000080400000, 0x0000000080300000| Complete 
|   4|0x0000000080400000, 0x0000000080500000, 0x0000000080500000|100%|HC|  |TAMS 0x0000000080500000, 0x0000000080400000| Complete 
|   5|0x0000000080500000, 0x0000000080600000, 0x0000000080600000|100%|HC|  |TAMS 0x0000000080600000, 0x0000000080500000| Complete 
|   6|0x0000000080600000, 0x0000000080700000, 0x0000000080700000|100%| O|  |TAMS 0x0000000080700000, 0x0000000080600000| Untracked 
|   7|0x0000000080700000, 0x0000000080800000, 0x0000000080800000|100%| O|  |TAMS 0x0000000080800000, 0x0000000080700000| Untracked 
|   8|0x0000000080800000, 0x0000000080900000, 0x0000000080900000|100%| O|  |TAMS 0x0000000080900000, 0x0000000080800000| Untracked 
|   9|0x0000000080900000, 0x0000000080a00000, 0x0000000080a00000|100%| O|  |TAMS 0x0000000080a00000, 0x0000000080900000| Untracked 
|  10|0x0000000080a00000, 0x0000000080b00000, 0x0000000080b00000|100%| O|  |TAMS 0x0000000080b00000, 0x0000000080a00000| Untracked 
|  11|0x0000000080b00000, 0x0000000080c00000, 0x0000000080c00000|100%| O|  |TAMS 0x0000000080c00000, 0x0000000080b00000| Untracked 
|  12|0x0000000080c00000, 0x0000000080d00000, 0x0000000080d00000|100%| O|  |TAMS 0x0000000080d00000, 0x0000000080c00000| Untracked 
|  13|0x0000000080d00000, 0x0000000080e00000, 0x0000000080e00000|100%| O|  |TAMS 0x0000000080e00000, 0x0000000080d00000| Untracked 
|  14|0x0000000080e00000, 0x0000000080f00000, 0x0000000080f00000|100%| O|  |TAMS 0x0000000080f00000, 0x0000000080e00000| Untracked 
|  15|0x0000000080f00000, 0x0000000080ff8400, 0x0000000081000000| 96%| O|  |TAMS 0x0000000080ff8400, 0x0000000080f00000| Untracked 
|  16|0x0000000081000000, 0x0000000081100000, 0x0000000081100000|100%| O|  |TAMS 0x0000000081100000, 0x0000000081000000| Untracked 
|  17|0x0000000081100000, 0x0000000081200000, 0x0000000081200000|100%| O|  |TAMS 0x0000000081200000, 0x0000000081100000| Untracked 
|  18|0x0000000081200000, 0x0000000081300000, 0x0000000081300000|100%| O|  |TAMS 0x0000000081300000, 0x0000000081200000| Untracked 
|  19|0x0000000081300000, 0x0000000081400000, 0x0000000081400000|100%| O|  |TAMS 0x0000000081400000, 0x0000000081300000| Untracked 
|  20|0x0000000081400000, 0x0000000081400000, 0x0000000081500000|  0%| F|  |TAMS 0x0000000081400000, 0x0000000081400000| Untracked 
|  21|0x0000000081500000, 0x0000000081600000, 0x0000000081600000|100%| O|  |TAMS 0x0000000081600000, 0x0000000081500000| Untracked 
|  22|0x0000000081600000, 0x0000000081700000, 0x0000000081700000|100%| O|  |TAMS 0x0000000081700000, 0x0000000081600000| Untracked 
|  23|0x0000000081700000, 0x0000000081800000, 0x0000000081800000|100%| O|  |TAMS 0x0000000081800000, 0x0000000081700000| Complete 
|  24|0x0000000081800000, 0x0000000081900000, 0x0000000081900000|100%| O|  |TAMS 0x0000000081900000, 0x0000000081800000| Untracked 
|  25|0x0000000081900000, 0x0000000081a00000, 0x0000000081a00000|100%|HS|  |TAMS 0x0000000081a00000, 0x0000000081900000| Complete 
|  26|0x0000000081a00000, 0x0000000081b00000, 0x0000000081b00000|100%|HS|  |TAMS 0x0000000081b00000, 0x0000000081a00000| Complete 
|  27|0x0000000081b00000, 0x0000000081c00000, 0x0000000081c00000|100%|HS|  |TAMS 0x0000000081c00000, 0x0000000081b00000| Complete 
|  28|0x0000000081c00000, 0x0000000081d00000, 0x0000000081d00000|100%|HS|  |TAMS 0x0000000081d00000, 0x0000000081c00000| Complete 
|  29|0x0000000081d00000, 0x0000000081e00000, 0x0000000081e00000|100%| O|  |TAMS 0x0000000081e00000, 0x0000000081d00000| Untracked 
|  30|0x0000000081e00000, 0x0000000081f00000, 0x0000000081f00000|100%| O|  |TAMS 0x0000000081f00000, 0x0000000081e00000| Complete 
|  31|0x0000000081f00000, 0x0000000082000000, 0x0000000082000000|100%| O|  |TAMS 0x0000000082000000, 0x0000000081f00000| Untracked 
|  32|0x0000000082000000, 0x0000000082100000, 0x0000000082100000|100%| O|  |TAMS 0x0000000082100000, 0x0000000082000000| Untracked 
|  33|0x0000000082100000, 0x0000000082200000, 0x0000000082200000|100%|HS|  |TAMS 0x0000000082200000, 0x0000000082100000| Complete 
|  34|0x0000000082200000, 0x0000000082300000, 0x0000000082300000|100%|HC|  |TAMS 0x0000000082300000, 0x0000000082200000| Complete 
|  35|0x0000000082300000, 0x0000000082400000, 0x0000000082400000|100%|HC|  |TAMS 0x0000000082400000, 0x0000000082300000| Complete 
|  36|0x0000000082400000, 0x0000000082500000, 0x0000000082500000|100%|HS|  |TAMS 0x0000000082500000, 0x0000000082400000| Complete 
|  37|0x0000000082500000, 0x0000000082600000, 0x0000000082600000|100%|HC|  |TAMS 0x0000000082600000, 0x0000000082500000| Complete 
|  38|0x0000000082600000, 0x0000000082700000, 0x0000000082700000|100%| O|  |TAMS 0x0000000082700000, 0x0000000082600000| Untracked 
|  39|0x0000000082700000, 0x0000000082800000, 0x0000000082800000|100%| O|  |TAMS 0x0000000082800000, 0x0000000082700000| Untracked 
|  40|0x0000000082800000, 0x0000000082900000, 0x0000000082900000|100%| O|  |TAMS 0x0000000082900000, 0x0000000082800000| Untracked 
|  41|0x0000000082900000, 0x0000000082a00000, 0x0000000082a00000|100%| O|  |TAMS 0x0000000082a00000, 0x0000000082900000| Untracked 
|  42|0x0000000082a00000, 0x0000000082b00000, 0x0000000082b00000|100%| O|  |TAMS 0x0000000082b00000, 0x0000000082a00000| Untracked 
|  43|0x0000000082b00000, 0x0000000082c00000, 0x0000000082c00000|100%| O|  |TAMS 0x0000000082c00000, 0x0000000082b00000| Untracked 
|  44|0x0000000082c00000, 0x0000000082d00000, 0x0000000082d00000|100%| O|  |TAMS 0x0000000082d00000, 0x0000000082c00000| Untracked 
|  45|0x0000000082d00000, 0x0000000082e00000, 0x0000000082e00000|100%| O|  |TAMS 0x0000000082e00000, 0x0000000082d00000| Untracked 
|  46|0x0000000082e00000, 0x0000000082f00000, 0x0000000082f00000|100%| O|  |TAMS 0x0000000082f00000, 0x0000000082e00000| Untracked 
|  47|0x0000000082f00000, 0x0000000083000000, 0x0000000083000000|100%| O|  |TAMS 0x0000000083000000, 0x0000000082f00000| Untracked 
|  48|0x0000000083000000, 0x0000000083100000, 0x0000000083100000|100%| O|  |TAMS 0x0000000083100000, 0x0000000083000000| Untracked 
|  49|0x0000000083100000, 0x0000000083200000, 0x0000000083200000|100%| O|  |TAMS 0x0000000083200000, 0x0000000083100000| Untracked 
|  50|0x0000000083200000, 0x0000000083300000, 0x0000000083300000|100%| O|  |TAMS 0x0000000083300000, 0x0000000083200000| Untracked 
|  51|0x0000000083300000, 0x0000000083400000, 0x0000000083400000|100%| O|  |TAMS 0x0000000083400000, 0x0000000083300000| Complete 
|  52|0x0000000083400000, 0x0000000083500000, 0x0000000083500000|100%| O|  |TAMS 0x0000000083500000, 0x0000000083400000| Untracked 
|  53|0x0000000083500000, 0x0000000083600000, 0x0000000083600000|100%| O|  |TAMS 0x0000000083600000, 0x0000000083500000| Untracked 
|  54|0x0000000083600000, 0x0000000083700000, 0x0000000083700000|100%| O|  |TAMS 0x0000000083700000, 0x0000000083600000| Untracked 
|  55|0x0000000083700000, 0x0000000083800000, 0x0000000083800000|100%| O|  |TAMS 0x0000000083800000, 0x0000000083700000| Untracked 
|  56|0x0000000083800000, 0x0000000083900000, 0x0000000083900000|100%| O|  |TAMS 0x0000000083900000, 0x0000000083800000| Untracked 
|  57|0x0000000083900000, 0x0000000083a00000, 0x0000000083a00000|100%| O|  |TAMS 0x0000000083a00000, 0x0000000083900000| Untracked 
|  58|0x0000000083a00000, 0x0000000083b00000, 0x0000000083b00000|100%| O|  |TAMS 0x0000000083b00000, 0x0000000083a00000| Untracked 
|  59|0x0000000083b00000, 0x0000000083c00000, 0x0000000083c00000|100%| O|  |TAMS 0x0000000083c00000, 0x0000000083b00000| Complete 
|  60|0x0000000083c00000, 0x0000000083d00000, 0x0000000083d00000|100%| O|  |TAMS 0x0000000083d00000, 0x0000000083c00000| Untracked 
|  61|0x0000000083d00000, 0x0000000083e00000, 0x0000000083e00000|100%| O|  |TAMS 0x0000000083e00000, 0x0000000083d00000| Untracked 
|  62|0x0000000083e00000, 0x0000000083f00000, 0x0000000083f00000|100%| O|  |TAMS 0x0000000083f00000, 0x0000000083e00000| Complete 
|  63|0x0000000083f00000, 0x0000000084000000, 0x0000000084000000|100%| O|  |TAMS 0x0000000084000000, 0x0000000083f00000| Untracked 
|  64|0x0000000084000000, 0x0000000084100000, 0x0000000084100000|100%| O|  |TAMS 0x0000000084100000, 0x0000000084000000| Untracked 
|  65|0x0000000084100000, 0x0000000084200000, 0x0000000084200000|100%| O|  |TAMS 0x0000000084200000, 0x0000000084100000| Untracked 
|  66|0x0000000084200000, 0x0000000084300000, 0x0000000084300000|100%| O|  |TAMS 0x0000000084300000, 0x0000000084200000| Untracked 
|  67|0x0000000084300000, 0x0000000084400000, 0x0000000084400000|100%| O|  |TAMS 0x0000000084400000, 0x0000000084300000| Untracked 
|  68|0x0000000084400000, 0x0000000084500000, 0x0000000084500000|100%| O|  |TAMS 0x0000000084500000, 0x0000000084400000| Untracked 
|  69|0x0000000084500000, 0x0000000084600000, 0x0000000084600000|100%| O|  |TAMS 0x0000000084600000, 0x0000000084500000| Untracked 
|  70|0x0000000084600000, 0x0000000084600000, 0x0000000084700000|  0%| F|  |TAMS 0x0000000084600000, 0x0000000084600000| Untracked 
|  71|0x0000000084700000, 0x0000000084800000, 0x0000000084800000|100%| O|  |TAMS 0x0000000084800000, 0x0000000084700000| Complete 
|  72|0x0000000084800000, 0x0000000084900000, 0x0000000084900000|100%| O|  |TAMS 0x0000000084900000, 0x0000000084800000| Untracked 
|  73|0x0000000084900000, 0x0000000084a00000, 0x0000000084a00000|100%| O|  |TAMS 0x0000000084a00000, 0x0000000084900000| Untracked 
|  74|0x0000000084a00000, 0x0000000084b00000, 0x0000000084b00000|100%| O|  |TAMS 0x0000000084b00000, 0x0000000084a00000| Complete 
|  75|0x0000000084b00000, 0x0000000084b00000, 0x0000000084c00000|  0%| F|  |TAMS 0x0000000084b00000, 0x0000000084b00000| Untracked 
|  76|0x0000000084c00000, 0x0000000084d00000, 0x0000000084d00000|100%| O|  |TAMS 0x0000000084d00000, 0x0000000084c00000| Untracked 
|  77|0x0000000084d00000, 0x0000000084e00000, 0x0000000084e00000|100%| O|  |TAMS 0x0000000084e00000, 0x0000000084d00000| Untracked 
|  78|0x0000000084e00000, 0x0000000084e00000, 0x0000000084f00000|  0%| F|  |TAMS 0x0000000084e00000, 0x0000000084e00000| Untracked 
|  79|0x0000000084f00000, 0x0000000084f00000, 0x0000000085000000|  0%| F|  |TAMS 0x0000000084f00000, 0x0000000084f00000| Untracked 
|  80|0x0000000085000000, 0x0000000085000000, 0x0000000085100000|  0%| F|  |TAMS 0x0000000085000000, 0x0000000085000000| Untracked 
|  81|0x0000000085100000, 0x0000000085100000, 0x0000000085200000|  0%| F|  |TAMS 0x0000000085100000, 0x0000000085100000| Untracked 
|  82|0x0000000085200000, 0x0000000085200000, 0x0000000085300000|  0%| F|  |TAMS 0x0000000085200000, 0x0000000085200000| Untracked 
|  83|0x0000000085300000, 0x0000000085400000, 0x0000000085400000|100%| O|  |TAMS 0x0000000085400000, 0x0000000085300000| Untracked 
|  84|0x0000000085400000, 0x0000000085500000, 0x0000000085500000|100%| O|  |TAMS 0x0000000085500000, 0x0000000085400000| Untracked 
|  85|0x0000000085500000, 0x0000000085600000, 0x0000000085600000|100%| O|  |TAMS 0x0000000085600000, 0x0000000085500000| Untracked 
|  86|0x0000000085600000, 0x0000000085700000, 0x0000000085700000|100%| O|  |TAMS 0x0000000085700000, 0x0000000085600000| Untracked 
|  87|0x0000000085700000, 0x0000000085800000, 0x0000000085800000|100%| O|  |TAMS 0x0000000085800000, 0x0000000085700000| Untracked 
|  88|0x0000000085800000, 0x0000000085800000, 0x0000000085900000|  0%| F|  |TAMS 0x0000000085800000, 0x0000000085800000| Untracked 
|  89|0x0000000085900000, 0x0000000085900000, 0x0000000085a00000|  0%| F|  |TAMS 0x0000000085900000, 0x0000000085900000| Untracked 
|  90|0x0000000085a00000, 0x0000000085a00000, 0x0000000085b00000|  0%| F|  |TAMS 0x0000000085a00000, 0x0000000085a00000| Untracked 
|  91|0x0000000085b00000, 0x0000000085b00000, 0x0000000085c00000|  0%| F|  |TAMS 0x0000000085b00000, 0x0000000085b00000| Untracked 
|  92|0x0000000085c00000, 0x0000000085c00000, 0x0000000085d00000|  0%| F|  |TAMS 0x0000000085c00000, 0x0000000085c00000| Untracked 
|  93|0x0000000085d00000, 0x0000000085e00000, 0x0000000085e00000|100%| O|  |TAMS 0x0000000085e00000, 0x0000000085d00000| Complete 
|  94|0x0000000085e00000, 0x0000000085e00000, 0x0000000085f00000|  0%| F|  |TAMS 0x0000000085e00000, 0x0000000085e00000| Untracked 
|  95|0x0000000085f00000, 0x0000000085f00000, 0x0000000086000000|  0%| F|  |TAMS 0x0000000085f00000, 0x0000000085f00000| Untracked 
|  96|0x0000000086000000, 0x0000000086100000, 0x0000000086100000|100%| O|  |TAMS 0x0000000086100000, 0x0000000086000000| Untracked 
|  97|0x0000000086100000, 0x0000000086200000, 0x0000000086200000|100%| O|  |TAMS 0x0000000086200000, 0x0000000086100000| Untracked 
|  98|0x0000000086200000, 0x0000000086200000, 0x0000000086300000|  0%| F|  |TAMS 0x0000000086200000, 0x0000000086200000| Untracked 
|  99|0x0000000086300000, 0x0000000086400000, 0x0000000086400000|100%| O|  |TAMS 0x0000000086300000, 0x0000000086300000| Untracked 
| 100|0x0000000086400000, 0x0000000086500000, 0x0000000086500000|100%| O|  |TAMS 0x0000000086400000, 0x0000000086400000| Untracked 
| 101|0x0000000086500000, 0x0000000086600000, 0x0000000086600000|100%| O|  |TAMS 0x0000000086500000, 0x0000000086500000| Untracked 
| 102|0x0000000086600000, 0x0000000086700000, 0x0000000086700000|100%| O|  |TAMS 0x0000000086600000, 0x0000000086600000| Untracked 
| 103|0x0000000086700000, 0x0000000086800000, 0x0000000086800000|100%| O|  |TAMS 0x0000000086700000, 0x0000000086700000| Untracked 
| 104|0x0000000086800000, 0x0000000086900000, 0x0000000086900000|100%| O|  |TAMS 0x0000000086800000, 0x0000000086800000| Untracked 
| 105|0x0000000086900000, 0x0000000086a00000, 0x0000000086a00000|100%| O|  |TAMS 0x0000000086900000, 0x0000000086900000| Untracked 
| 106|0x0000000086a00000, 0x0000000086b00000, 0x0000000086b00000|100%| O|  |TAMS 0x0000000086a00000, 0x0000000086a00000| Untracked 
| 107|0x0000000086b00000, 0x0000000086c00000, 0x0000000086c00000|100%| O|  |TAMS 0x0000000086b00000, 0x0000000086b00000| Untracked 
| 108|0x0000000086c00000, 0x0000000086d00000, 0x0000000086d00000|100%| O|  |TAMS 0x0000000086c00000, 0x0000000086c00000| Untracked 
| 109|0x0000000086d00000, 0x0000000086e00000, 0x0000000086e00000|100%| O|  |TAMS 0x0000000086d00000, 0x0000000086d00000| Untracked 
| 110|0x0000000086e00000, 0x0000000086f00000, 0x0000000086f00000|100%| O|  |TAMS 0x0000000086e00000, 0x0000000086e00000| Untracked 
| 111|0x0000000086f00000, 0x0000000087000000, 0x0000000087000000|100%| O|  |TAMS 0x0000000086f00000, 0x0000000086f00000| Untracked 
| 112|0x0000000087000000, 0x0000000087100000, 0x0000000087100000|100%| O|  |TAMS 0x0000000087000000, 0x0000000087000000| Untracked 
| 113|0x0000000087100000, 0x0000000087200000, 0x0000000087200000|100%| O|  |TAMS 0x0000000087100000, 0x0000000087100000| Untracked 
| 114|0x0000000087200000, 0x000000008724a800, 0x0000000087300000| 29%| O|  |TAMS 0x0000000087200000, 0x0000000087200000| Untracked 
| 115|0x0000000087300000, 0x0000000087300000, 0x0000000087400000|  0%| F|  |TAMS 0x0000000087300000, 0x0000000087300000| Untracked 
| 116|0x0000000087400000, 0x0000000087500000, 0x0000000087500000|100%| O|  |TAMS 0x0000000087500000, 0x0000000087400000| Complete 
| 117|0x0000000087500000, 0x0000000087500000, 0x0000000087600000|  0%| F|  |TAMS 0x0000000087500000, 0x0000000087500000| Untracked 
| 118|0x0000000087600000, 0x0000000087600000, 0x0000000087700000|  0%| F|  |TAMS 0x0000000087600000, 0x0000000087600000| Untracked 
| 119|0x0000000087700000, 0x0000000087700000, 0x0000000087800000|  0%| F|  |TAMS 0x0000000087700000, 0x0000000087700000| Untracked 
| 120|0x0000000087800000, 0x0000000087800000, 0x0000000087900000|  0%| F|  |TAMS 0x0000000087800000, 0x0000000087800000| Untracked 
| 121|0x0000000087900000, 0x0000000087900000, 0x0000000087a00000|  0%| F|  |TAMS 0x0000000087900000, 0x0000000087900000| Untracked 
| 122|0x0000000087a00000, 0x0000000087a00000, 0x0000000087b00000|  0%| F|  |TAMS 0x0000000087a00000, 0x0000000087a00000| Untracked 
| 123|0x0000000087b00000, 0x0000000087c00000, 0x0000000087c00000|100%| O|  |TAMS 0x0000000087b79e00, 0x0000000087b00000| Untracked 
| 124|0x0000000087c00000, 0x0000000087c00000, 0x0000000087d00000|  0%| F|  |TAMS 0x0000000087c00000, 0x0000000087c00000| Untracked 
| 125|0x0000000087d00000, 0x0000000087d00000, 0x0000000087e00000|  0%| F|  |TAMS 0x0000000087d00000, 0x0000000087d00000| Untracked 
| 126|0x0000000087e00000, 0x0000000087e00000, 0x0000000087f00000|  0%| F|  |TAMS 0x0000000087e00000, 0x0000000087e00000| Untracked 
| 127|0x0000000087f00000, 0x0000000087f00000, 0x0000000088000000|  0%| F|  |TAMS 0x0000000087f00000, 0x0000000087f00000| Untracked 
| 128|0x0000000088000000, 0x0000000088000000, 0x0000000088100000|  0%| F|  |TAMS 0x0000000088000000, 0x0000000088000000| Untracked 
| 129|0x0000000088100000, 0x0000000088100000, 0x0000000088200000|  0%| F|  |TAMS 0x0000000088100000, 0x0000000088100000| Untracked 
| 130|0x0000000088200000, 0x0000000088200000, 0x0000000088300000|  0%| F|  |TAMS 0x0000000088200000, 0x0000000088200000| Untracked 
| 131|0x0000000088300000, 0x0000000088300000, 0x0000000088400000|  0%| F|  |TAMS 0x0000000088300000, 0x0000000088300000| Untracked 
| 132|0x0000000088400000, 0x0000000088400000, 0x0000000088500000|  0%| F|  |TAMS 0x0000000088400000, 0x0000000088400000| Untracked 
| 133|0x0000000088500000, 0x0000000088500000, 0x0000000088600000|  0%| F|  |TAMS 0x0000000088500000, 0x0000000088500000| Untracked 
| 134|0x0000000088600000, 0x0000000088600000, 0x0000000088700000|  0%| F|  |TAMS 0x0000000088600000, 0x0000000088600000| Untracked 
| 135|0x0000000088700000, 0x0000000088700000, 0x0000000088800000|  0%| F|  |TAMS 0x0000000088700000, 0x0000000088700000| Untracked 
| 136|0x0000000088800000, 0x0000000088800000, 0x0000000088900000|  0%| F|  |TAMS 0x0000000088800000, 0x0000000088800000| Untracked 
| 137|0x0000000088900000, 0x0000000088900000, 0x0000000088a00000|  0%| F|  |TAMS 0x0000000088900000, 0x0000000088900000| Untracked 
| 138|0x0000000088a00000, 0x0000000088a00000, 0x0000000088b00000|  0%| F|  |TAMS 0x0000000088a00000, 0x0000000088a00000| Untracked 
| 139|0x0000000088b00000, 0x0000000088b00000, 0x0000000088c00000|  0%| F|  |TAMS 0x0000000088b00000, 0x0000000088b00000| Untracked 
| 140|0x0000000088c00000, 0x0000000088c00000, 0x0000000088d00000|  0%| F|  |TAMS 0x0000000088c00000, 0x0000000088c00000| Untracked 
| 141|0x0000000088d00000, 0x0000000088d00000, 0x0000000088e00000|  0%| F|  |TAMS 0x0000000088d00000, 0x0000000088d00000| Untracked 
| 142|0x0000000088e00000, 0x0000000088e00000, 0x0000000088f00000|  0%| F|  |TAMS 0x0000000088e00000, 0x0000000088e00000| Untracked 
| 143|0x0000000088f00000, 0x0000000088f00000, 0x0000000089000000|  0%| F|  |TAMS 0x0000000088f00000, 0x0000000088f00000| Untracked 
| 144|0x0000000089000000, 0x0000000089000000, 0x0000000089100000|  0%| F|  |TAMS 0x0000000089000000, 0x0000000089000000| Untracked 
| 145|0x0000000089100000, 0x0000000089100000, 0x0000000089200000|  0%| F|  |TAMS 0x0000000089100000, 0x0000000089100000| Untracked 
| 146|0x0000000089200000, 0x0000000089200000, 0x0000000089300000|  0%| F|  |TAMS 0x0000000089200000, 0x0000000089200000| Untracked 
| 147|0x0000000089300000, 0x0000000089300000, 0x0000000089400000|  0%| F|  |TAMS 0x0000000089300000, 0x0000000089300000| Untracked 
| 148|0x0000000089400000, 0x0000000089400000, 0x0000000089500000|  0%| F|  |TAMS 0x0000000089400000, 0x0000000089400000| Untracked 
| 149|0x0000000089500000, 0x0000000089500000, 0x0000000089600000|  0%| F|  |TAMS 0x0000000089500000, 0x0000000089500000| Untracked 
| 150|0x0000000089600000, 0x0000000089600000, 0x0000000089700000|  0%| F|  |TAMS 0x0000000089600000, 0x0000000089600000| Untracked 
| 151|0x0000000089700000, 0x0000000089700000, 0x0000000089800000|  0%| F|  |TAMS 0x0000000089700000, 0x0000000089700000| Untracked 
| 152|0x0000000089800000, 0x0000000089800000, 0x0000000089900000|  0%| F|  |TAMS 0x0000000089800000, 0x0000000089800000| Untracked 
| 153|0x0000000089900000, 0x0000000089900000, 0x0000000089a00000|  0%| F|  |TAMS 0x0000000089900000, 0x0000000089900000| Untracked 
| 154|0x0000000089a00000, 0x0000000089a00000, 0x0000000089b00000|  0%| F|  |TAMS 0x0000000089a00000, 0x0000000089a00000| Untracked 
| 155|0x0000000089b00000, 0x0000000089b00000, 0x0000000089c00000|  0%| F|  |TAMS 0x0000000089b00000, 0x0000000089b00000| Untracked 
| 156|0x0000000089c00000, 0x0000000089c00000, 0x0000000089d00000|  0%| F|  |TAMS 0x0000000089c00000, 0x0000000089c00000| Untracked 
| 157|0x0000000089d00000, 0x0000000089d00000, 0x0000000089e00000|  0%| F|  |TAMS 0x0000000089d00000, 0x0000000089d00000| Untracked 
| 158|0x0000000089e00000, 0x0000000089e00000, 0x0000000089f00000|  0%| F|  |TAMS 0x0000000089e00000, 0x0000000089e00000| Untracked 
| 159|0x0000000089f00000, 0x0000000089f00000, 0x000000008a000000|  0%| F|  |TAMS 0x0000000089f00000, 0x0000000089f00000| Untracked 
| 160|0x000000008a000000, 0x000000008a000000, 0x000000008a100000|  0%| F|  |TAMS 0x000000008a000000, 0x000000008a000000| Untracked 
| 161|0x000000008a100000, 0x000000008a100000, 0x000000008a200000|  0%| F|  |TAMS 0x000000008a100000, 0x000000008a100000| Untracked 
| 162|0x000000008a200000, 0x000000008a200000, 0x000000008a300000|  0%| F|  |TAMS 0x000000008a200000, 0x000000008a200000| Untracked 
| 163|0x000000008a300000, 0x000000008a300000, 0x000000008a400000|  0%| F|  |TAMS 0x000000008a300000, 0x000000008a300000| Untracked 
| 164|0x000000008a400000, 0x000000008a400000, 0x000000008a500000|  0%| F|  |TAMS 0x000000008a400000, 0x000000008a400000| Untracked 
| 165|0x000000008a500000, 0x000000008a500000, 0x000000008a600000|  0%| F|  |TAMS 0x000000008a500000, 0x000000008a500000| Untracked 
| 166|0x000000008a600000, 0x000000008a600000, 0x000000008a700000|  0%| F|  |TAMS 0x000000008a600000, 0x000000008a600000| Untracked 
| 167|0x000000008a700000, 0x000000008a700000, 0x000000008a800000|  0%| F|  |TAMS 0x000000008a700000, 0x000000008a700000| Untracked 
| 168|0x000000008a800000, 0x000000008a800000, 0x000000008a900000|  0%| F|  |TAMS 0x000000008a800000, 0x000000008a800000| Untracked 
| 169|0x000000008a900000, 0x000000008a900000, 0x000000008aa00000|  0%| F|  |TAMS 0x000000008a900000, 0x000000008a900000| Untracked 
| 170|0x000000008aa00000, 0x000000008aa00000, 0x000000008ab00000|  0%| F|  |TAMS 0x000000008aa00000, 0x000000008aa00000| Untracked 
| 171|0x000000008ab00000, 0x000000008ab00000, 0x000000008ac00000|  0%| F|  |TAMS 0x000000008ab00000, 0x000000008ab00000| Untracked 
| 172|0x000000008ac00000, 0x000000008ac00000, 0x000000008ad00000|  0%| F|  |TAMS 0x000000008ac00000, 0x000000008ac00000| Untracked 
| 173|0x000000008ad00000, 0x000000008ad00000, 0x000000008ae00000|  0%| F|  |TAMS 0x000000008ad00000, 0x000000008ad00000| Untracked 
| 174|0x000000008ae00000, 0x000000008ae00000, 0x000000008af00000|  0%| F|  |TAMS 0x000000008ae00000, 0x000000008ae00000| Untracked 
| 175|0x000000008af00000, 0x000000008af00000, 0x000000008b000000|  0%| F|  |TAMS 0x000000008af00000, 0x000000008af00000| Untracked 
| 176|0x000000008b000000, 0x000000008b000000, 0x000000008b100000|  0%| F|  |TAMS 0x000000008b000000, 0x000000008b000000| Untracked 
| 177|0x000000008b100000, 0x000000008b100000, 0x000000008b200000|  0%| F|  |TAMS 0x000000008b100000, 0x000000008b100000| Untracked 
| 178|0x000000008b200000, 0x000000008b200000, 0x000000008b300000|  0%| F|  |TAMS 0x000000008b200000, 0x000000008b200000| Untracked 
| 179|0x000000008b300000, 0x000000008b300000, 0x000000008b400000|  0%| F|  |TAMS 0x000000008b300000, 0x000000008b300000| Untracked 
| 180|0x000000008b400000, 0x000000008b400000, 0x000000008b500000|  0%| F|  |TAMS 0x000000008b400000, 0x000000008b400000| Untracked 
| 181|0x000000008b500000, 0x000000008b500000, 0x000000008b600000|  0%| F|  |TAMS 0x000000008b500000, 0x000000008b500000| Untracked 
| 182|0x000000008b600000, 0x000000008b600000, 0x000000008b700000|  0%| F|  |TAMS 0x000000008b600000, 0x000000008b600000| Untracked 
| 183|0x000000008b700000, 0x000000008b700000, 0x000000008b800000|  0%| F|  |TAMS 0x000000008b700000, 0x000000008b700000| Untracked 
| 184|0x000000008b800000, 0x000000008b800000, 0x000000008b900000|  0%| F|  |TAMS 0x000000008b800000, 0x000000008b800000| Untracked 
| 185|0x000000008b900000, 0x000000008b900000, 0x000000008ba00000|  0%| F|  |TAMS 0x000000008b900000, 0x000000008b900000| Untracked 
| 186|0x000000008ba00000, 0x000000008ba00000, 0x000000008bb00000|  0%| F|  |TAMS 0x000000008ba00000, 0x000000008ba00000| Untracked 
| 187|0x000000008bb00000, 0x000000008bb00000, 0x000000008bc00000|  0%| F|  |TAMS 0x000000008bb00000, 0x000000008bb00000| Untracked 
| 188|0x000000008bc00000, 0x000000008bc00000, 0x000000008bd00000|  0%| F|  |TAMS 0x000000008bc00000, 0x000000008bc00000| Untracked 
| 189|0x000000008bd00000, 0x000000008bd00000, 0x000000008be00000|  0%| F|  |TAMS 0x000000008bd00000, 0x000000008bd00000| Untracked 
| 190|0x000000008be00000, 0x000000008be00000, 0x000000008bf00000|  0%| F|  |TAMS 0x000000008be00000, 0x000000008be00000| Untracked 
| 191|0x000000008bf00000, 0x000000008bf00000, 0x000000008c000000|  0%| F|  |TAMS 0x000000008bf00000, 0x000000008bf00000| Untracked 
| 192|0x000000008c000000, 0x000000008c000000, 0x000000008c100000|  0%| F|  |TAMS 0x000000008c000000, 0x000000008c000000| Untracked 
| 193|0x000000008c100000, 0x000000008c100000, 0x000000008c200000|  0%| F|  |TAMS 0x000000008c100000, 0x000000008c100000| Untracked 
| 194|0x000000008c200000, 0x000000008c200000, 0x000000008c300000|  0%| F|  |TAMS 0x000000008c200000, 0x000000008c200000| Untracked 
| 195|0x000000008c300000, 0x000000008c300000, 0x000000008c400000|  0%| F|  |TAMS 0x000000008c300000, 0x000000008c300000| Untracked 
| 196|0x000000008c400000, 0x000000008c400000, 0x000000008c500000|  0%| F|  |TAMS 0x000000008c400000, 0x000000008c400000| Untracked 
| 197|0x000000008c500000, 0x000000008c500000, 0x000000008c600000|  0%| F|  |TAMS 0x000000008c500000, 0x000000008c500000| Untracked 
| 198|0x000000008c600000, 0x000000008c600000, 0x000000008c700000|  0%| F|  |TAMS 0x000000008c600000, 0x000000008c600000| Untracked 
| 199|0x000000008c700000, 0x000000008c700000, 0x000000008c800000|  0%| F|  |TAMS 0x000000008c700000, 0x000000008c700000| Untracked 
| 200|0x000000008c800000, 0x000000008c800000, 0x000000008c900000|  0%| F|  |TAMS 0x000000008c800000, 0x000000008c800000| Untracked 
| 201|0x000000008c900000, 0x000000008c900000, 0x000000008ca00000|  0%| F|  |TAMS 0x000000008c900000, 0x000000008c900000| Untracked 
| 202|0x000000008ca00000, 0x000000008ca00000, 0x000000008cb00000|  0%| F|  |TAMS 0x000000008ca00000, 0x000000008ca00000| Untracked 
| 203|0x000000008cb00000, 0x000000008cb00000, 0x000000008cc00000|  0%| F|  |TAMS 0x000000008cb00000, 0x000000008cb00000| Untracked 
| 204|0x000000008cc00000, 0x000000008cc00000, 0x000000008cd00000|  0%| F|  |TAMS 0x000000008cc00000, 0x000000008cc00000| Untracked 
| 205|0x000000008cd00000, 0x000000008cd00000, 0x000000008ce00000|  0%| F|  |TAMS 0x000000008cd00000, 0x000000008cd00000| Untracked 
| 206|0x000000008ce00000, 0x000000008ce00000, 0x000000008cf00000|  0%| F|  |TAMS 0x000000008ce00000, 0x000000008ce00000| Untracked 
| 207|0x000000008cf00000, 0x000000008cf00000, 0x000000008d000000|  0%| F|  |TAMS 0x000000008cf00000, 0x000000008cf00000| Untracked 
| 208|0x000000008d000000, 0x000000008d000000, 0x000000008d100000|  0%| F|  |TAMS 0x000000008d000000, 0x000000008d000000| Untracked 
| 209|0x000000008d100000, 0x000000008d100000, 0x000000008d200000|  0%| F|  |TAMS 0x000000008d100000, 0x000000008d100000| Untracked 
| 210|0x000000008d200000, 0x000000008d200000, 0x000000008d300000|  0%| F|  |TAMS 0x000000008d200000, 0x000000008d200000| Untracked 
| 211|0x000000008d300000, 0x000000008d300000, 0x000000008d400000|  0%| F|  |TAMS 0x000000008d300000, 0x000000008d300000| Untracked 
| 212|0x000000008d400000, 0x000000008d400000, 0x000000008d500000|  0%| F|  |TAMS 0x000000008d400000, 0x000000008d400000| Untracked 
| 213|0x000000008d500000, 0x000000008d500000, 0x000000008d600000|  0%| F|  |TAMS 0x000000008d500000, 0x000000008d500000| Untracked 
| 214|0x000000008d600000, 0x000000008d600000, 0x000000008d700000|  0%| F|  |TAMS 0x000000008d600000, 0x000000008d600000| Untracked 
| 215|0x000000008d700000, 0x000000008d700000, 0x000000008d800000|  0%| F|  |TAMS 0x000000008d700000, 0x000000008d700000| Untracked 
| 216|0x000000008d800000, 0x000000008d800000, 0x000000008d900000|  0%| F|  |TAMS 0x000000008d800000, 0x000000008d800000| Untracked 
| 217|0x000000008d900000, 0x000000008d900000, 0x000000008da00000|  0%| F|  |TAMS 0x000000008d900000, 0x000000008d900000| Untracked 
| 218|0x000000008da00000, 0x000000008da00000, 0x000000008db00000|  0%| F|  |TAMS 0x000000008da00000, 0x000000008da00000| Untracked 
| 219|0x000000008db00000, 0x000000008db00000, 0x000000008dc00000|  0%| F|  |TAMS 0x000000008db00000, 0x000000008db00000| Untracked 
| 220|0x000000008dc00000, 0x000000008dc00000, 0x000000008dd00000|  0%| F|  |TAMS 0x000000008dc00000, 0x000000008dc00000| Untracked 
| 221|0x000000008dd00000, 0x000000008dd00000, 0x000000008de00000|  0%| F|  |TAMS 0x000000008dd00000, 0x000000008dd00000| Untracked 
| 222|0x000000008de00000, 0x000000008de00000, 0x000000008df00000|  0%| F|  |TAMS 0x000000008de00000, 0x000000008de00000| Untracked 
| 223|0x000000008df00000, 0x000000008e000000, 0x000000008e000000|100%| S|CS|TAMS 0x000000008df00000, 0x000000008df00000| Complete 
| 224|0x000000008e000000, 0x000000008e000000, 0x000000008e100000|  0%| F|  |TAMS 0x000000008e000000, 0x000000008e000000| Untracked 
| 225|0x000000008e100000, 0x000000008e100000, 0x000000008e200000|  0%| F|  |TAMS 0x000000008e100000, 0x000000008e100000| Untracked 
| 254|0x000000008fe00000, 0x000000008fe00000, 0x000000008ff00000|  0%| F|  |TAMS 0x000000008fe00000, 0x000000008fe00000| Untracked 
| 255|0x000000008ff00000, 0x000000008ff00000, 0x0000000090000000|  0%| F|  |TAMS 0x000000008ff00000, 0x000000008ff00000| Untracked 

Card table byte_map: [0x00000206d33a0000,0x00000206d37a0000] _byte_map_base: 0x00000206d2fa0000

Marking Bits (Prev, Next): (CMBitMap*) 0x00000206bb693138, (CMBitMap*) 0x00000206bb6930f8
 Prev Bits: [0x00000206d5ba0000, 0x00000206d7ba0000)
 Next Bits: [0x00000206d3ba0000, 0x00000206d5ba0000)

Polling page: 0x00000206bae30000

Metaspace:

Usage:
  Non-class:     73.70 MB capacity,    72.33 MB ( 98%) used,     1.12 MB (  2%) free+waste,   244.81 KB ( <1%) overhead. 
      Class:     11.78 MB capacity,    10.99 MB ( 93%) used,   689.38 KB (  6%) free+waste,   111.31 KB ( <1%) overhead. 
       Both:     85.47 MB capacity,    83.33 MB ( 97%) used,     1.80 MB (  2%) free+waste,   356.13 KB ( <1%) overhead. 

Virtual space:
  Non-class space:       74.00 MB reserved,      74.00 MB (100%) committed 
      Class space:        1.00 GB reserved,      12.00 MB (  1%) committed 
             Both:        1.07 GB reserved,      86.00 MB (  8%) committed 

Chunk freelists:
   Non-Class:  120.00 KB
       Class:  133.00 KB
        Both:  253.00 KB

MaxMetaspaceSize: 17179869184.00 GB
CompressedClassSpaceSize: 1.00 GB

CodeHeap 'non-profiled nmethods': size=120000Kb used=5954Kb max_used=5954Kb free=114045Kb
 bounds [0x00000206cb630000, 0x00000206cbc10000, 0x00000206d2b60000]
CodeHeap 'profiled nmethods': size=120000Kb used=21887Kb max_used=21887Kb free=98112Kb
 bounds [0x00000206c4100000, 0x00000206c5670000, 0x00000206cb630000]
CodeHeap 'non-nmethods': size=5760Kb used=2424Kb max_used=2477Kb free=3335Kb
 bounds [0x00000206c3b60000, 0x00000206c3dd0000, 0x00000206c4100000]
 total_blobs=15527 nmethods=9919 adapters=820
 compilation: enabled
              stopped_count=0, restarted_count=0
 full_count=0

Compilation events (20 events):
Event: 14.303 Thread 0x00000206da69e800 nmethod 11465 0x00000206c5661590 code [0x00000206c5661740, 0x00000206c5661a58]
Event: 14.304 Thread 0x00000206da69e800 11467       2       java.util.HashSet::writeObject (75 bytes)
Event: 14.305 Thread 0x00000206da69e800 nmethod 11467 0x00000206c5661b10 code [0x00000206c5661d40, 0x00000206c56620f0]
Event: 14.305 Thread 0x00000206da69e800 11468       2       java.util.HashMap::capacity (32 bytes)
Event: 14.305 Thread 0x00000206da69e800 nmethod 11468 0x00000206c5662410 code [0x00000206c56625c0, 0x00000206c5662778]
Event: 14.305 Thread 0x00000206da69e800 11469       2       java.io.ObjectOutputStream::writeFloat (9 bytes)
Event: 14.305 Thread 0x00000206da69e800 nmethod 11469 0x00000206c5662810 code [0x00000206c56629c0, 0x00000206c5662b70]
Event: 14.305 Thread 0x00000206da69e800 11471       2       java.io.ObjectOutputStream$BlockDataOutputStream::writeBlockHeader (70 bytes)
Event: 14.306 Thread 0x00000206da69e800 nmethod 11471 0x00000206c5662c10 code [0x00000206c5662de0, 0x00000206c56630b0]
Event: 14.306 Thread 0x00000206da69e800 11470       2       org.gradle.api.DefaultTask::getOutputs (5 bytes)
Event: 14.306 Thread 0x00000206da69e800 nmethod 11470 0x00000206c5663210 code [0x00000206c56633a0, 0x00000206c5663518]
Event: 14.308 Thread 0x00000206da69e800 11474       1       org.gradle.api.internal.artifacts.transform.DefaultTransformationRegistrationFactory$DefaultArtifactTransformRegistration::getFrom (5 bytes)
Event: 14.308 Thread 0x00000206da69e800 nmethod 11474 0x00000206cbc00710 code [0x00000206cbc008a0, 0x00000206cbc009d8]
Event: 14.311 Thread 0x00000206da69e800 11475       2       com.android.build.gradle.internal.dependency.VariantDependencies$Companion$getComponentFilter$1::isSatisfiedBy (9 bytes)
Event: 14.311 Thread 0x00000206da69e800 nmethod 11475 0x00000206c5663590 code [0x00000206c5663740, 0x00000206c5663998]
Event: 14.311 Thread 0x00000206da69e800 11476       2       com.android.build.gradle.internal.dependency.VariantDependencies$Companion$getComponentFilter$1::isSatisfiedBy (13 bytes)
Event: 14.312 Thread 0x00000206da69e800 nmethod 11476 0x00000206c5663a90 code [0x00000206c5663c40, 0x00000206c5663e38]
Event: 14.313 Thread 0x00000206da69e800 11477       2       org.gradle.internal.reflect.annotations.impl.DefaultTypeAnnotationMetadataStore$$Lambda$601/0x0000000801187c40::test (12 bytes)
Event: 14.314 Thread 0x00000206da69e800 nmethod 11477 0x00000206c5663f10 code [0x00000206c56640c0, 0x00000206c56642b0]
Event: 14.319 Thread 0x00000206da69e800 11478       2       sun.nio.cs.StreamDecoder::implRead (243 bytes)

GC Heap History (20 events):
Event: 10.093 GC heap after
{Heap after GC invocations=32 (full 0):
 garbage-first heap   total 144384K, used 71929K [0x0000000080000000, 0x0000000100000000)
  region size 1024K, 6 young (6144K), 6 survivors (6144K)
 Metaspace       used 66303K, capacity 67929K, committed 67964K, reserved 1107968K
  class space    used 8936K, capacity 9565K, committed 9596K, reserved 1048576K
}
Event: 10.568 GC heap before
{Heap before GC invocations=32 (full 0):
 garbage-first heap   total 144384K, used 109817K [0x0000000080000000, 0x0000000100000000)
  region size 1024K, 43 young (44032K), 6 survivors (6144K)
 Metaspace       used 70697K, capacity 72448K, committed 72700K, reserved 1112064K
  class space    used 9544K, capacity 10177K, committed 10236K, reserved 1048576K
}
Event: 10.576 GC heap after
{Heap after GC invocations=33 (full 0):
 garbage-first heap   total 174080K, used 73785K [0x0000000080000000, 0x0000000100000000)
  region size 1024K, 5 young (5120K), 5 survivors (5120K)
 Metaspace       used 70697K, capacity 72448K, committed 72700K, reserved 1112064K
  class space    used 9544K, capacity 10177K, committed 10236K, reserved 1048576K
}
Event: 11.185 GC heap before
{Heap before GC invocations=34 (full 0):
 garbage-first heap   total 174080K, used 127033K [0x0000000080000000, 0x0000000100000000)
  region size 1024K, 57 young (58368K), 5 survivors (5120K)
 Metaspace       used 74194K, capacity 76070K, committed 76156K, reserved 1114112K
  class space    used 10057K, capacity 10790K, committed 10876K, reserved 1048576K
}
Event: 11.192 GC heap after
{Heap after GC invocations=35 (full 0):
 garbage-first heap   total 174080K, used 78136K [0x0000000080000000, 0x0000000100000000)
  region size 1024K, 7 young (7168K), 7 survivors (7168K)
 Metaspace       used 74194K, capacity 76070K, committed 76156K, reserved 1114112K
  class space    used 10057K, capacity 10790K, committed 10876K, reserved 1048576K
}
Event: 11.812 GC heap before
{Heap before GC invocations=35 (full 0):
 garbage-first heap   total 174080K, used 129336K [0x0000000080000000, 0x0000000100000000)
  region size 1024K, 58 young (59392K), 7 survivors (7168K)
 Metaspace       used 75931K, capacity 78135K, committed 78332K, reserved 1116160K
  class space    used 10330K, capacity 11194K, committed 11260K, reserved 1048576K
}
Event: 11.821 GC heap after
{Heap after GC invocations=36 (full 0):
 garbage-first heap   total 174080K, used 82149K [0x0000000080000000, 0x0000000100000000)
  region size 1024K, 5 young (5120K), 5 survivors (5120K)
 Metaspace       used 75931K, capacity 78135K, committed 78332K, reserved 1116160K
  class space    used 10330K, capacity 11194K, committed 11260K, reserved 1048576K
}
Event: 12.272 GC heap before
{Heap before GC invocations=36 (full 0):
 garbage-first heap   total 174080K, used 130277K [0x0000000080000000, 0x0000000100000000)
  region size 1024K, 54 young (55296K), 5 survivors (5120K)
 Metaspace       used 77451K, capacity 79713K, committed 79996K, reserved 1118208K
  class space    used 10441K, capacity 11297K, committed 11388K, reserved 1048576K
}
Event: 12.283 GC heap after
{Heap after GC invocations=37 (full 0):
 garbage-first heap   total 174080K, used 85851K [0x0000000080000000, 0x0000000100000000)
  region size 1024K, 4 young (4096K), 4 survivors (4096K)
 Metaspace       used 77451K, capacity 79713K, committed 79996K, reserved 1118208K
  class space    used 10441K, capacity 11297K, committed 11388K, reserved 1048576K
}
Event: 12.978 GC heap before
{Heap before GC invocations=38 (full 0):
 garbage-first heap   total 174080K, used 138075K [0x0000000080000000, 0x0000000100000000)
  region size 1024K, 54 young (55296K), 4 survivors (4096K)
 Metaspace       used 80635K, capacity 82865K, committed 83196K, reserved 1120256K
  class space    used 10828K, capacity 11688K, committed 11772K, reserved 1048576K
}
Event: 12.991 GC heap after
{Heap after GC invocations=39 (full 0):
 garbage-first heap   total 208896K, used 102570K [0x0000000080000000, 0x0000000100000000)
  region size 1024K, 7 young (7168K), 7 survivors (7168K)
 Metaspace       used 80635K, capacity 82865K, committed 83196K, reserved 1120256K
  class space    used 10828K, capacity 11688K, committed 11772K, reserved 1048576K
}
Event: 13.071 GC heap before
{Heap before GC invocations=39 (full 0):
 garbage-first heap   total 208896K, used 108714K [0x0000000080000000, 0x0000000100000000)
  region size 1024K, 14 young (14336K), 7 survivors (7168K)
 Metaspace       used 80652K, capacity 82865K, committed 83196K, reserved 1120256K
  class space    used 10828K, capacity 11688K, committed 11772K, reserved 1048576K
}
Event: 13.086 GC heap after
{Heap after GC invocations=40 (full 0):
 garbage-first heap   total 208896K, used 109537K [0x0000000080000000, 0x0000000100000000)
  region size 1024K, 8 young (8192K), 8 survivors (8192K)
 Metaspace       used 80652K, capacity 82865K, committed 83196K, reserved 1120256K
  class space    used 10828K, capacity 11688K, committed 11772K, reserved 1048576K
}
Event: 13.519 GC heap before
{Heap before GC invocations=41 (full 0):
 garbage-first heap   total 217088K, used 160737K [0x0000000080000000, 0x0000000100000000)
  region size 1024K, 42 young (43008K), 8 survivors (8192K)
 Metaspace       used 83395K, capacity 85490K, committed 86012K, reserved 1124352K
  class space    used 11062K, capacity 11837K, committed 12028K, reserved 1048576K
}
Event: 13.533 GC heap after
{Heap after GC invocations=42 (full 0):
 garbage-first heap   total 217088K, used 110534K [0x0000000080000000, 0x0000000100000000)
  region size 1024K, 2 young (2048K), 2 survivors (2048K)
 Metaspace       used 83395K, capacity 85490K, committed 86012K, reserved 1124352K
  class space    used 11062K, capacity 11837K, committed 12028K, reserved 1048576K
}
Event: 13.865 GC heap before
{Heap before GC invocations=42 (full 0):
 garbage-first heap   total 217088K, used 148422K [0x0000000080000000, 0x0000000100000000)
  region size 1024K, 40 young (40960K), 2 survivors (2048K)
 Metaspace       used 84002K, capacity 86082K, committed 86652K, reserved 1124352K
  class space    used 11116K, capacity 11936K, committed 12156K, reserved 1048576K
}
Event: 13.871 GC heap after
{Heap after GC invocations=43 (full 0):
 garbage-first heap   total 217088K, used 112797K [0x0000000080000000, 0x0000000100000000)
  region size 1024K, 4 young (4096K), 4 survivors (4096K)
 Metaspace       used 84002K, capacity 86082K, committed 86652K, reserved 1124352K
  class space    used 11116K, capacity 11936K, committed 12156K, reserved 1048576K
}
Event: 14.286 GC heap before
{Heap before GC invocations=44 (full 0):
 garbage-first heap   total 217088K, used 154781K [0x0000000080000000, 0x0000000100000000)
  region size 1024K, 45 young (46080K), 4 survivors (4096K)
 Metaspace       used 85175K, capacity 87388K, committed 87804K, reserved 1124352K
  class space    used 11245K, capacity 12058K, committed 12284K, reserved 1048576K
}
Event: 14.296 GC heap after
{Heap after GC invocations=45 (full 0):
 garbage-first heap   total 217088K, used 116969K [0x0000000080000000, 0x0000000100000000)
  region size 1024K, 6 young (6144K), 6 survivors (6144K)
 Metaspace       used 85175K, capacity 87388K, committed 87804K, reserved 1124352K
  class space    used 11245K, capacity 12058K, committed 12284K, reserved 1048576K
}
Event: 14.320 GC heap before
{Heap before GC invocations=45 (full 0):
 garbage-first heap   total 217088K, used 121065K [0x0000000080000000, 0x0000000100000000)
  region size 1024K, 10 young (10240K), 6 survivors (6144K)
 Metaspace       used 85327K, capacity 87523K, committed 88060K, reserved 1124352K
  class space    used 11258K, capacity 12059K, committed 12284K, reserved 1048576K
}

Deoptimization events (20 events):
Event: 14.176 Thread 0x00000206e2403800 DEOPT PACKING pc=0x00000206c5543feb sp=0x00000008d90fda30
Event: 14.176 Thread 0x00000206e2403800 DEOPT UNPACKING pc=0x00000206c3ba964e sp=0x00000008d90fcf60 mode 0
Event: 14.207 Thread 0x00000206dd7d6800 DEOPT PACKING pc=0x00000206c565466c sp=0x00000008d67fafd0
Event: 14.207 Thread 0x00000206dd7d6800 DEOPT UNPACKING pc=0x00000206c3ba964e sp=0x00000008d67fa520 mode 0
Event: 14.218 Thread 0x00000206dd74c000 DEOPT PACKING pc=0x00000206c52d4eb1 sp=0x00000008d73fbe10
Event: 14.218 Thread 0x00000206dd74c000 DEOPT UNPACKING pc=0x00000206c3ba964e sp=0x00000008d73fb2d8 mode 0
Event: 14.252 Thread 0x00000206e2406800 DEOPT PACKING pc=0x00000206c52d4eb1 sp=0x00000008d9afb920
Event: 14.252 Thread 0x00000206e2406800 DEOPT UNPACKING pc=0x00000206c3ba964e sp=0x00000008d9afade8 mode 0
Event: 14.253 Thread 0x00000206e2406800 DEOPT PACKING pc=0x00000206c52d4eb1 sp=0x00000008d9afb920
Event: 14.253 Thread 0x00000206e2406800 DEOPT UNPACKING pc=0x00000206c3ba964e sp=0x00000008d9afade8 mode 0
Event: 14.258 Thread 0x00000206ddaba000 DEOPT PACKING pc=0x00000206c565466c sp=0x00000008dacfb640
Event: 14.258 Thread 0x00000206ddaba000 DEOPT UNPACKING pc=0x00000206c3ba964e sp=0x00000008dacfab90 mode 0
Event: 14.305 Thread 0x00000206dd30b800 DEOPT PACKING pc=0x00000206c51484cb sp=0x00000008d39fcf40
Event: 14.305 Thread 0x00000206dd30b800 DEOPT UNPACKING pc=0x00000206c3ba964e sp=0x00000008d39fc400 mode 0
Event: 14.305 Thread 0x00000206dd30b800 DEOPT PACKING pc=0x00000206c51490ad sp=0x00000008d39fceb0
Event: 14.305 Thread 0x00000206dd30b800 DEOPT UNPACKING pc=0x00000206c3ba964e sp=0x00000008d39fc378 mode 0
Event: 14.315 Thread 0x00000206ddaad800 DEOPT PACKING pc=0x00000206c565466c sp=0x00000008daafa3d0
Event: 14.315 Thread 0x00000206ddaad800 DEOPT UNPACKING pc=0x00000206c3ba964e sp=0x00000008daaf9920 mode 0
Event: 14.318 Thread 0x00000206dd748000 DEOPT PACKING pc=0x00000206c565466c sp=0x00000008d72fbc50
Event: 14.318 Thread 0x00000206dd748000 DEOPT UNPACKING pc=0x00000206c3ba964e sp=0x00000008d72fb1a0 mode 0

Classes unloaded (20 events):
Event: 13.215 Thread 0x00000206da67e000 Unloading class 0x00000008015e8440 'org/gradle/api/internal/artifacts/transform/DefaultTransformerInvocationFactory$ImmutableTransformerExecution$$Lambda$948'
Event: 13.215 Thread 0x00000206da67e000 Unloading class 0x00000008015e8040 'org/gradle/api/internal/artifacts/transform/DefaultTransformerInvocationFactory$ImmutableTransformerExecution$$Lambda$947'
Event: 13.215 Thread 0x00000206da67e000 Unloading class 0x00000008015dc440 'org/gradle/api/internal/artifacts/transform/DefaultTransformerInvocationFactory$ImmutableTransformerExecution$$Lambda$949'
Event: 13.215 Thread 0x00000206da67e000 Unloading class 0x00000008015dcc40 'org/gradle/api/internal/artifacts/transform/DefaultTransformerInvocationFactory$AbstractTransformerExecution$$Lambda$942'
Event: 13.215 Thread 0x00000206da67e000 Unloading class 0x00000008015dc840 'org/gradle/api/internal/artifacts/transform/DefaultTransformerInvocationFactory$AbstractTransformerExecution$$Lambda$946'
Event: 13.215 Thread 0x00000206da67e000 Unloading class 0x00000008015dd440 'org/gradle/api/internal/artifacts/transform/DefaultTransformerInvocationFactory$AbstractTransformerExecution$$Lambda$943'
Event: 13.215 Thread 0x00000206da67e000 Unloading class 0x00000008015dd040 'org/gradle/api/internal/artifacts/transform/DefaultTransformerInvocationFactory$AbstractTransformerExecution$$Lambda$941'
Event: 13.215 Thread 0x00000206da67e000 Unloading class 0x00000008015ddc40 'org/gradle/api/internal/artifacts/transform/DefaultTransformerInvocationFactory$AbstractTransformerExecution$$Lambda$944'
Event: 13.215 Thread 0x00000206da67e000 Unloading class 0x00000008015de440 'org/gradle/api/internal/artifacts/transform/DefaultTransformerInvocationFactory$AbstractTransformerExecution$$Lambda$940'
Event: 13.215 Thread 0x00000206da67e000 Unloading class 0x00000008015de040 'org/gradle/api/internal/artifacts/transform/DefaultTransformerInvocationFactory$AbstractTransformerExecution$$Lambda$939'
Event: 13.215 Thread 0x00000206da67e000 Unloading class 0x00000008015dec40 'org/gradle/api/internal/artifacts/transform/DefaultTransformerInvocationFactory$AbstractTransformerExecution$$Lambda$938'
Event: 13.215 Thread 0x00000206da67e000 Unloading class 0x00000008015de840 'org/gradle/api/internal/artifacts/transform/DefaultTransformerInvocationFactory$AbstractTransformerExecution$$Lambda$936'
Event: 13.215 Thread 0x00000206da67e000 Unloading class 0x00000008015df440 'org/gradle/api/internal/artifacts/transform/DefaultTransformerInvocationFactory$AbstractTransformerExecution$$Lambda$937'
Event: 13.215 Thread 0x00000206da67e000 Unloading class 0x00000008015df040 'org/gradle/api/internal/artifacts/transform/DefaultTransformerInvocationFactory$AbstractTransformerExecution$$Lambda$935'
Event: 13.215 Thread 0x00000206da67e000 Unloading class 0x00000008015dbc40 'org/gradle/api/internal/artifacts/transform/TransformationStep$$Lambda$932'
Event: 13.215 Thread 0x00000206da67e000 Unloading class 0x00000008015db840 'org/gradle/api/internal/artifacts/transform/TransformationStep$$Lambda$931'
Event: 13.215 Thread 0x00000206da67e000 Unloading class 0x00000008015db440 'org/gradle/api/internal/artifacts/transform/TransformationStep$$Lambda$930'
Event: 13.215 Thread 0x00000206da67e000 Unloading class 0x00000008015db040 'org/gradle/api/internal/artifacts/transform/TransformationStep$$Lambda$929'
Event: 13.215 Thread 0x00000206da67e000 Unloading class 0x00000008015dac40 'org/gradle/api/internal/artifacts/transform/TransformationStep$$Lambda$928'
Event: 13.215 Thread 0x00000206da67e000 Unloading class 0x00000008015da840 'org/gradle/api/internal/artifacts/transform/TransformationStep$$Lambda$927'

Classes redefined (0 events):
No events

Internal exceptions (20 events):
Event: 11.549 Thread 0x00000206e52f9000 Exception <a 'java/lang/NoSuchMethodError'{0x00000000892b0078}: 'int java.lang.invoke.DirectMethodHandle$Holder.invokeStaticInit(java.lang.Object, java.lang.Object, java.lang.Object, java.lang.Object, java.lang.Object)'> (0x00000000892b0078) 
thrown [t:/workspace/open/src/hotspot/share/interpreter/linkResolver.cpp, line 767]
Event: 11.604 Thread 0x00000206dd7cc000 Exception <a 'java/lang/NoSuchMethodError'{0x0000000088cbedd0}: 'void java.lang.invoke.DirectMethodHandle$Holder.invokeVirtual(java.lang.Object, java.lang.Object)'> (0x0000000088cbedd0) 
thrown [t:/workspace/open/src/hotspot/share/interpreter/linkResolver.cpp, line 767]
Event: 11.604 Thread 0x00000206e52f8000 Exception <a 'java/lang/NoSuchMethodError'{0x0000000088c97408}: 'void java.lang.invoke.DirectMethodHandle$Holder.invokeVirtual(java.lang.Object, java.lang.Object)'> (0x0000000088c97408) 
thrown [t:/workspace/open/src/hotspot/share/interpreter/linkResolver.cpp, line 767]
Event: 11.604 Thread 0x00000206dd7cc800 Exception <a 'java/lang/NoSuchMethodError'{0x0000000088cab860}: 'void java.lang.invoke.DirectMethodHandle$Holder.invokeVirtual(java.lang.Object, java.lang.Object)'> (0x0000000088cab860) 
thrown [t:/workspace/open/src/hotspot/share/interpreter/linkResolver.cpp, line 767]
Event: 12.170 Thread 0x00000206dd74c000 Implicit null exception at 0x00000206cbb6f1ec to 0x00000206cbb6fa66
Event: 13.246 Thread 0x00000206ddab2800 Exception <a 'java/lang/NoSuchMethodError'{0x000000008e0a2778}: static [Ljava/lang/Object;.<clinit>()V> (0x000000008e0a2778) 
thrown [t:/workspace/open/src/hotspot/share/prims/jni.cpp, line 1347]
Event: 13.249 Thread 0x00000206ddab2800 Exception <a 'java/lang/NoSuchMethodError'{0x000000008e0c3550}: static Lkotlin/InitializedLazyImpl;.<clinit>()V> (0x000000008e0c3550) 
thrown [t:/workspace/open/src/hotspot/share/prims/jni.cpp, line 1347]
Event: 13.323 Thread 0x00000206ddaad000 Implicit null exception at 0x00000206cb92d1e3 to 0x00000206cb92dee6
Event: 13.378 Thread 0x00000206ddaad000 Exception <a 'java/lang/NoSuchMethodError'{0x000000008bb23580}: 'void java.lang.invoke.DirectMethodHandle$Holder.invokeStatic(java.lang.Object, java.lang.Object, java.lang.Object, java.lang.Object, java.lang.Object, java.lang.Object, java.lang.Object)'> (0x000000008bb23580) 
thrown [t:/workspace/open/src/hotspot/share/interpreter/linkResolver.cpp, line 767]
Event: 13.676 Thread 0x00000206ddaba800 Implicit null exception at 0x00000206cb8de431 to 0x00000206cb8de66a
Event: 13.677 Thread 0x00000206ddaba800 Implicit null exception at 0x00000206cb7544fa to 0x00000206cb7572ae
Event: 13.677 Thread 0x00000206ddaba800 Implicit null exception at 0x00000206cb9a1f6a to 0x00000206cb9a1fc2
Event: 14.137 Thread 0x00000206ddaba000 Exception <a 'java/lang/NoSuchMethodError'{0x000000008c069010}: static Lcom/android/build/gradle/internal/scope/InternalArtifactType;.<clinit>()V> (0x000000008c069010) 
thrown [t:/workspace/open/src/hotspot/share/prims/jni.cpp, line 1347]
Event: 14.137 Thread 0x00000206ddaba000 Exception <a 'java/lang/NoSuchMethodError'{0x000000008c06a670}: static Lcom/android/build/gradle/internal/scope/InternalArtifactType;.<clinit>()V> (0x000000008c06a670) 
thrown [t:/workspace/open/src/hotspot/share/prims/jni.cpp, line 1347]
Event: 14.137 Thread 0x00000206ddaba000 Exception <a 'java/lang/NoSuchMethodError'{0x000000008c06c860}: static Lcom/android/build/api/artifact/Artifact$Single;.<clinit>()V> (0x000000008c06c860) 
thrown [t:/workspace/open/src/hotspot/share/prims/jni.cpp, line 1347]
Event: 14.138 Thread 0x00000206ddaba000 Exception <a 'java/lang/NoSuchMethodError'{0x000000008c083148}: static Lcom/android/build/api/artifact/ArtifactKind;.<clinit>()V> (0x000000008c083148) 
thrown [t:/workspace/open/src/hotspot/share/prims/jni.cpp, line 1347]
Event: 14.139 Thread 0x00000206ddaba000 Exception <a 'java/lang/NoSuchMethodError'{0x000000008c085348}: static Lcom/android/build/api/artifact/ArtifactKind;.<clinit>()V> (0x000000008c085348) 
thrown [t:/workspace/open/src/hotspot/share/prims/jni.cpp, line 1347]
Event: 14.279 Thread 0x00000206ddaba000 Exception <a 'java/lang/NoSuchMethodError'{0x000000008a78e3e0}: static Lcom/android/builder/internal/aapt/AaptOptions;.<clinit>()V> (0x000000008a78e3e0) 
thrown [t:/workspace/open/src/hotspot/share/prims/jni.cpp, line 1347]
Event: 14.283 Thread 0x00000206ddaba000 Exception <a 'java/lang/NoSuchMethodError'{0x000000008a7d3f88}: static Lcom/android/build/api/variant/impl/VariantOutputImpl$SerializedForm;.<clinit>()V> (0x000000008a7d3f88) 
thrown [t:/workspace/open/src/hotspot/share/prims/jni.cpp, line 1347]
Event: 14.284 Thread 0x00000206ddaba000 Exception <a 'java/lang/NoSuchMethodError'{0x000000008a7e6998}: static Lcom/android/build/api/variant/impl/VariantOutputConfigurationImpl;.<clinit>()V> (0x000000008a7e6998) 
thrown [t:/workspace/open/src/hotspot/share/prims/jni.cpp, line 1347]

Events (20 events):
Event: 14.311 loading class com/android/build/api/variant/impl/ArtifactTypeTypeAdapter done
Event: 14.312 loading class com/android/ide/common/build/ListingFileRedirect
Event: 14.312 loading class com/android/ide/common/build/ListingFileRedirect done
Event: 14.313 loading class com/android/build/api/variant/impl/BuiltArtifactsImpl$Companion
Event: 14.313 loading class com/android/build/api/variant/impl/BuiltArtifactsImpl$Companion done
Event: 14.314 loading class com/google/gson/internal/$Gson$Types$WildcardTypeImpl
Event: 14.314 loading class com/google/gson/internal/$Gson$Types$WildcardTypeImpl done
Event: 14.315 loading class jdk/internal/reflect/UnsafeQualifiedIntegerFieldAccessorImpl
Event: 14.315 loading class jdk/internal/reflect/UnsafeQualifiedIntegerFieldAccessorImpl done
Event: 14.315 loading class com/android/build/gradle/internal/api/artifact/ArtifactTypeUtils
Event: 14.315 loading class com/android/build/gradle/internal/api/artifact/ArtifactTypeUtils done
Event: 14.316 loading class kotlin/reflect/jvm/internal/KClassImpl$Data
Event: 14.316 loading class kotlin/reflect/jvm/internal/KClassImpl$Data done
Event: 14.317 loading class kotlin/reflect/jvm/internal/KDeclarationContainerImpl$Data
Event: 14.317 loading class kotlin/reflect/jvm/internal/KDeclarationContainerImpl$Data done
Event: 14.319 loading class kotlin/reflect/jvm/internal/KDeclarationContainerImpl$Data$moduleData$2
Event: 14.319 loading class kotlin/reflect/jvm/internal/KDeclarationContainerImpl$Data$moduleData$2 done
Event: 14.320 loading class kotlin/reflect/jvm/internal/KClassImpl$Data$descriptor$2
Event: 14.320 loading class kotlin/reflect/jvm/internal/KClassImpl$Data$descriptor$2 done
Event: 14.320 Executing VM operation: G1CollectForAllocation


Dynamic libraries:
0x00007ff77fab0000 - 0x00007ff77fabf000 	C:\Program Files\Java\jdk-13.0.2\bin\java.exe
0x00007ff8b6890000 - 0x00007ff8b6a85000 	C:\WINDOWS\SYSTEM32\ntdll.dll
0x00007ff8b5200000 - 0x00007ff8b52be000 	C:\WINDOWS\System32\KERNEL32.DLL
0x00007ff8b3fb0000 - 0x00007ff8b4278000 	C:\WINDOWS\System32\KERNELBASE.dll
0x00007ff8b4640000 - 0x00007ff8b4740000 	C:\WINDOWS\System32\ucrtbase.dll
0x00007ff88ea60000 - 0x00007ff88ea75000 	C:\Program Files\Java\jdk-13.0.2\bin\VCRUNTIME140.dll
0x00007ff88ea40000 - 0x00007ff88ea58000 	C:\Program Files\Java\jdk-13.0.2\bin\jli.dll
0x00007ff8b6700000 - 0x00007ff8b67ae000 	C:\WINDOWS\System32\ADVAPI32.dll
0x00007ff8b52c0000 - 0x00007ff8b535e000 	C:\WINDOWS\System32\msvcrt.dll
0x00007ff8b67b0000 - 0x00007ff8b684c000 	C:\WINDOWS\System32\sechost.dll
0x00007ff8b5070000 - 0x00007ff8b5195000 	C:\WINDOWS\System32\RPCRT4.dll
0x00007ff8b48f0000 - 0x00007ff8b4a90000 	C:\WINDOWS\System32\USER32.dll
0x00007ff8a6250000 - 0x00007ff8a64ea000 	C:\WINDOWS\WinSxS\amd64_microsoft.windows.common-controls_6595b64144ccf1df_6.0.19041.1110_none_60b5254171f9507e\COMCTL32.dll
0x00007ff8b4330000 - 0x00007ff8b4352000 	C:\WINDOWS\System32\win32u.dll
0x00007ff8b4f60000 - 0x00007ff8b4f8a000 	C:\WINDOWS\System32\GDI32.dll
0x00007ff8b4530000 - 0x00007ff8b463b000 	C:\WINDOWS\System32\gdi32full.dll
0x00007ff8b4360000 - 0x00007ff8b43fd000 	C:\WINDOWS\System32\msvcp_win.dll
0x00007ff8ad6f0000 - 0x00007ff8ad6fa000 	C:\WINDOWS\SYSTEM32\VERSION.dll
0x00007ff8b6530000 - 0x00007ff8b6560000 	C:\WINDOWS\System32\IMM32.DLL
0x00007ff87f6e0000 - 0x00007ff87f77b000 	C:\Program Files\Java\jdk-13.0.2\bin\msvcp140.dll
0x00007ff870650000 - 0x00007ff8711ad000 	C:\Program Files\Java\jdk-13.0.2\bin\server\jvm.dll
0x00007ff8b6240000 - 0x00007ff8b6248000 	C:\WINDOWS\System32\PSAPI.DLL
0x00007ff8a6bd0000 - 0x00007ff8a6bf7000 	C:\WINDOWS\SYSTEM32\WINMM.dll
0x00007ff894b30000 - 0x00007ff894b39000 	C:\WINDOWS\SYSTEM32\WSOCK32.dll
0x00007ff8b64c0000 - 0x00007ff8b652b000 	C:\WINDOWS\System32\WS2_32.dll
0x00007ff8b2870000 - 0x00007ff8b2882000 	C:\WINDOWS\SYSTEM32\kernel.appcore.dll
0x00007ff8aea90000 - 0x00007ff8aeaa0000 	C:\Program Files\Java\jdk-13.0.2\bin\verify.dll
0x00007ff899100000 - 0x00007ff8992e4000 	C:\WINDOWS\SYSTEM32\DBGHELP.DLL
0x00007ff8990d0000 - 0x00007ff8990fc000 	C:\WINDOWS\SYSTEM32\dbgcore.DLL
0x00007ff8b44a0000 - 0x00007ff8b4522000 	C:\WINDOWS\System32\bcryptPrimitives.dll
0x00007ff885b00000 - 0x00007ff885b26000 	C:\Program Files\Java\jdk-13.0.2\bin\java.dll
0x00007ff884120000 - 0x00007ff884137000 	C:\Program Files\Java\jdk-13.0.2\bin\zip.dll
0x00007ff8aea50000 - 0x00007ff8aea5a000 	C:\Program Files\Java\jdk-13.0.2\bin\jimage.dll
0x00007ff8b5560000 - 0x00007ff8b5ca4000 	C:\WINDOWS\System32\SHELL32.dll
0x00007ff8b2070000 - 0x00007ff8b2804000 	C:\WINDOWS\SYSTEM32\windows.storage.dll
0x00007ff8b5cb0000 - 0x00007ff8b6004000 	C:\WINDOWS\System32\combase.dll
0x00007ff8b3a20000 - 0x00007ff8b3a4c000 	C:\WINDOWS\SYSTEM32\Wldp.dll
0x00007ff8b6010000 - 0x00007ff8b60bd000 	C:\WINDOWS\System32\SHCORE.dll
0x00007ff8b51a0000 - 0x00007ff8b51f5000 	C:\WINDOWS\System32\shlwapi.dll
0x00007ff8b3ef0000 - 0x00007ff8b3f0f000 	C:\WINDOWS\SYSTEM32\profapi.dll
0x00007ff8836c0000 - 0x00007ff8836d9000 	C:\Program Files\Java\jdk-13.0.2\bin\net.dll
0x00007ff8ab000000 - 0x00007ff8ab10a000 	C:\WINDOWS\SYSTEM32\WINHTTP.dll
0x00007ff8b3730000 - 0x00007ff8b379a000 	C:\WINDOWS\system32\mswsock.dll
0x00007ff8836a0000 - 0x00007ff8836b3000 	C:\Program Files\Java\jdk-13.0.2\bin\nio.dll
0x00007ff87a740000 - 0x00007ff87a767000 	C:\Users\alopezorozco\.gradle\native\e1d6ef7f7dcc3fd88c89a11ec53ec762bb8ba0a96d01ffa2cd45eb1d1d8dd5c5\windows-amd64\native-platform.dll
0x00007ff8717d0000 - 0x00007ff871914000 	C:\Users\alopezorozco\.gradle\native\5664cfc778a61ccfe75a443a1ab52a65af34e5dc3c78e0209fed803814484fcb\windows-amd64\native-platform-file-events.dll
0x00007ff8a5160000 - 0x00007ff8a5169000 	C:\Program Files\Java\jdk-13.0.2\bin\management.dll
0x00007ff8997a0000 - 0x00007ff8997ab000 	C:\Program Files\Java\jdk-13.0.2\bin\management_ext.dll
0x00007ff8b3950000 - 0x00007ff8b3968000 	C:\WINDOWS\SYSTEM32\CRYPTSP.dll
0x00007ff8b3050000 - 0x00007ff8b3084000 	C:\WINDOWS\system32\rsaenh.dll
0x00007ff8b4400000 - 0x00007ff8b4427000 	C:\WINDOWS\System32\bcrypt.dll
0x00007ff8b3eb0000 - 0x00007ff8b3ede000 	C:\WINDOWS\SYSTEM32\USERENV.dll
0x00007ff8b3970000 - 0x00007ff8b397c000 	C:\WINDOWS\SYSTEM32\CRYPTBASE.dll
0x00007ff8b33e0000 - 0x00007ff8b341b000 	C:\WINDOWS\SYSTEM32\IPHLPAPI.DLL
0x00007ff8b66f0000 - 0x00007ff8b66f8000 	C:\WINDOWS\System32\NSI.dll
0x00007ff8ad840000 - 0x00007ff8ad857000 	C:\WINDOWS\SYSTEM32\dhcpcsvc6.DLL
0x00007ff8ad820000 - 0x00007ff8ad83d000 	C:\WINDOWS\SYSTEM32\dhcpcsvc.DLL
0x00007ff8b3420000 - 0x00007ff8b34eb000 	C:\WINDOWS\SYSTEM32\DNSAPI.dll
0x00007ff8b2c80000 - 0x00007ff8b2cb3000 	C:\WINDOWS\SYSTEM32\ntmarta.dll

dbghelp: loaded successfully - version: 4.0.5 - missing functions: none
symbol engine: initialized successfully - sym options: 0x614 - pdb path: .;C:\Program Files\Java\jdk-13.0.2\bin;C:\WINDOWS\SYSTEM32;C:\WINDOWS\WinSxS\amd64_microsoft.windows.common-controls_6595b64144ccf1df_6.0.19041.1110_none_60b5254171f9507e;C:\Program Files\Java\jdk-13.0.2\bin\server;C:\Users\alopezorozco\.gradle\native\e1d6ef7f7dcc3fd88c89a11ec53ec762bb8ba0a96d01ffa2cd45eb1d1d8dd5c5\windows-amd64;C:\Users\alopezorozco\.gradle\native\5664cfc778a61ccfe75a443a1ab52a65af34e5dc3c78e0209fed803814484fcb\windows-amd64

VM Arguments:
jvm_args: --add-opens=java.base/java.util=ALL-UNNAMED --add-opens=java.base/java.lang=ALL-UNNAMED --add-opens=java.base/java.lang.invoke=ALL-UNNAMED --add-opens=java.base/java.util=ALL-UNNAMED --add-opens=java.prefs/java.util.prefs=ALL-UNNAMED --add-opens=java.prefs/java.util.prefs=ALL-UNNAMED --add-opens=java.base/java.nio.charset=ALL-UNNAMED --add-opens=java.base/java.net=ALL-UNNAMED --add-opens=java.base/java.util.concurrent.atomic=ALL-UNNAMED -Xmx2048m -Dfile.encoding=UTF-8 -Duser.country=MX -Duser.language=es -Duser.variant 
java_command: org.gradle.launcher.daemon.bootstrap.GradleDaemon 7.2
java_class_path (initial): C:\Users\alopezorozco\.gradle\wrapper\dists\gradle-7.2-bin\2dnblmf4td7x66yl1d74lt32g\gradle-7.2\lib\gradle-launcher-7.2.jar
Launcher Type: SUN_STANDARD

[Global flags]
     intx CICompilerCount                          = 4                                         {product} {ergonomic}
     uint ConcGCThreads                            = 2                                         {product} {ergonomic}
     uint G1ConcRefinementThreads                  = 8                                         {product} {ergonomic}
   size_t G1HeapRegionSize                         = 1048576                                   {product} {ergonomic}
    uintx GCDrainStackTargetSize                   = 64                                        {product} {ergonomic}
   size_t InitialHeapSize                          = 268435456                                 {product} {ergonomic}
   size_t MarkStackSize                            = 4194304                                   {product} {ergonomic}
   size_t MaxHeapSize                              = 2147483648                                {product} {command line}
   size_t MaxNewSize                               = 1287651328                                {product} {ergonomic}
   size_t MinHeapDeltaBytes                        = 1048576                                   {product} {ergonomic}
   size_t MinHeapSize                              = 8388608                                   {product} {ergonomic}
    uintx NonNMethodCodeHeapSize                   = 5839372                                {pd product} {ergonomic}
    uintx NonProfiledCodeHeapSize                  = 122909434                              {pd product} {ergonomic}
    uintx ProfiledCodeHeapSize                     = 122909434                              {pd product} {ergonomic}
    uintx ReservedCodeCacheSize                    = 251658240                              {pd product} {ergonomic}
     bool SegmentedCodeCache                       = true                                      {product} {ergonomic}
   size_t SoftMaxHeapSize                          = 2147483648                             {manageable} {ergonomic}
     bool UseCompressedClassPointers               = true                                 {lp64_product} {ergonomic}
     bool UseCompressedOops                        = true                                 {lp64_product} {ergonomic}
     bool UseG1GC                                  = true                                      {product} {ergonomic}
     bool UseLargePagesIndividualAllocation        = false                                  {pd product} {ergonomic}

Logging:
Log output configuration:
 #0: stdout all=warning uptime,level,tags
 #1: stderr all=off uptime,level,tags

Environment Variables:
JAVA_HOME=C:\Program Files\Java\jre1.8.0_171
PATH=C:\Python310\Scripts\;C:\Python310\;C:\Program Files (x86)\Common Files\Oracle\Java\javapath;C:\Program Files (x86)\Intel\iCLS Client\;C:\Program Files\Intel\iCLS Client\;C:\Windows\system32;C:\Windows;C:\Windows\System32\Wbem;C:\Windows\System32\WindowsPowerShell\v1.0\;C:\Program Files (x86)\Intel\Intel(R) Management Engine Components\DAL;C:\Program Files\Intel\Intel(R) Management Engine Components\DAL;C:\Program Files (x86)\Intel\Intel(R) Management Engine Components\IPT;C:\Program Files\Intel\Intel(R) Management Engine Components\IPT;C:\Program Files (x86)\NVIDIA Corporation\PhysX\Common;D:\Program Files (x86)\php-8;C:\Program Files (x86)\Common Files\Acronis\VirtualFile\;C:\Program Files (x86)\Common Files\Acronis\VirtualFile64\;C:\Program Files (x86)\Common Files\Acronis\SnapAPI\;C:\WINDOWS\system32;C:\WINDOWS;C:\WINDOWS\System32\Wbem;C:\WINDOWS\System32\WindowsPowerShell\v1.0\;C:\WINDOWS\System32\OpenSSH\;C:\Program Files\Java\jre1.8.0_171\bin;C:\Program Files\Symfony;C:\Program Files (x86)\Google\Cloud SDK\google-cloud-sdk\bin;C:\Program Files\PuTTY\;C:\ProgramData\ComposerSetup\bin;C:\Program Files\Git\cmd;C:\Program Files\nodejs\;C:\ProgramData\chocolatey\bin;C:\maven\bin;D:\Program Files (x86)\php-8\php.exe;D:\symfony_projects\guestbook\node_modules\.bin;C:\Program Fil;D:\Archivos de Programa\Microsoft VS Code\bin
USERNAME=alopezorozco
OS=Windows_NT
PROCESSOR_IDENTIFIER=Intel64 Family 6 Model 158 Stepping 9, GenuineIntel



---------------  S Y S T E M  ---------------

OS: Windows 10 , 64 bit Build 19041 (10.0.19041.1645)
HyperV virtualization detected

CPU:total 8 (initial active 8) (4 cores per cpu, 2 threads per core) family 6 model 158 stepping 9, cmov, cx8, fxsr, mmx, sse, sse2, sse3, ssse3, sse4.1, sse4.2, popcnt, avx, avx2, aes, clmul, erms, 3dnowpref, lzcnt, ht, tsc, tscinvbit, bmi1, bmi2, adx, fma

Memory: 4k page, system-wide physical 16267M (3638M free)
TotalPageFile size 16267M (AvailPageFile size 24M)
current process WorkingSet (physical memory assigned to process): 500M, peak: 502M
current process commit charge ("private bytes"): 565M, peak: 591M

vm_info: Java HotSpot(TM) 64-Bit Server VM (13.0.2+8) for windows-amd64 JRE (13.0.2+8), built on Dec 11 2019 09:20:33 by "mach5one" with unknown MS VC++:1916

END.
