#
# There is insufficient memory for the Java Runtime Environment to continue.
# Native memory allocation (mmap) failed to map 268435456 bytes for Failed to commit area from 0x0000000701c00000 to 0x0000000711c00000 of length 268435456.
# Possible reasons:
#   The system is out of physical RAM or swap space
#   The process is running with CompressedOops enabled, and the Java Heap may be blocking the growth of the native heap
# Possible solutions:
#   Reduce memory load on the system
#   Increase physical memory or swap space
#   Check if swap backing store is full
#   Decrease Java heap size (-Xmx/-Xms)
#   Decrease number of Java threads
#   Decrease Java thread stack sizes (-Xss)
#   Set larger code cache with -XX:ReservedCodeCacheSize=
# This output file may be truncated or incomplete.
#
#  Out of Memory Error (t:/workspace/open/src/hotspot/os/windows/os_windows.cpp:3301), pid=5532, tid=6196
#
# JRE version:  (13.0.2+8) (build )
# Java VM: Java HotSpot(TM) 64-Bit Server VM (13.0.2+8, mixed mode, aot, sharing, tiered, compressed oops, g1 gc, windows-amd64)
# No core dump will be written. Minidumps are not enabled by default on client versions of Windows
#

---------------  S U M M A R Y ------------

Command Line: org.jetbrains.kotlin.cli.jvm.K2JVMCompiler @D:\alopezorozco\Documents\EJ2022\AndroidProjects\Adivinar_Palabras_Firebase\app\build\20220506_158667866377432283.compiler.options

Host: Intel(R) Core(TM) i7-7700HQ CPU @ 2.80GHz, 8 cores, 15G,  Windows 10 , 64 bit Build 19041 (10.0.19041.1645)
Time: Fri May  6 16:19:07 2022 Hora de verano central (México) elapsed time: 0 seconds (0d 0h 0m 0s)

---------------  T H R E A D  ---------------

Current thread (0x0000023406f3d000):  JavaThread "Unknown thread" [_thread_in_vm, id=6196, stack(0x000000b156400000,0x000000b156500000)]

Stack: [0x000000b156400000,0x000000b156500000]
Native frames: (J=compiled Java code, j=interpreted, Vv=VM code, C=native code)
V  [jvm.dll+0x624f9a]
V  [jvm.dll+0x770cfa]
V  [jvm.dll+0x7724af]
V  [jvm.dll+0x772ab3]
V  [jvm.dll+0x24bf08]
V  [jvm.dll+0x6222aa]
V  [jvm.dll+0x6170b5]
V  [jvm.dll+0x30a88c]
V  [jvm.dll+0x30a6c2]
V  [jvm.dll+0x30fe36]
V  [jvm.dll+0x353f46]
V  [jvm.dll+0x353720]
V  [jvm.dll+0x2e550a]
V  [jvm.dll+0x2e67a2]
V  [jvm.dll+0x74dd78]
V  [jvm.dll+0x361989]
V  [jvm.dll+0x730e65]
V  [jvm.dll+0x3cc53f]
V  [jvm.dll+0x3ce861]
C  [jli.dll+0x51ff]
C  [ucrtbase.dll+0x21bb2]
C  [KERNEL32.DLL+0x17034]
C  [ntdll.dll+0x52651]


---------------  P R O C E S S  ---------------

Threads class SMR info:
_java_thread_list=0x00007ffdd219ccb8, length=0, elements={
}

Java Threads: ( => current thread )

Other Threads:
  0x0000023406fa5000 GCTaskThread "GC Thread#0" [stack: 0x000000b156500000,0x000000b156600000] [id=6424]
  0x0000023406fc6800 ConcurrentGCThread "G1 Main Marker" [stack: 0x000000b156600000,0x000000b156700000] [id=3316]
  0x0000023406fc8800 ConcurrentGCThread "G1 Conc#0" [stack: 0x000000b156700000,0x000000b156800000] [id=3916]

[error occurred during error reporting (printing all threads), id 0xc0000005, EXCEPTION_ACCESS_VIOLATION (0xc0000005) at pc=0x00007ffdd19d51d7]

VM state:not at safepoint (not fully initialized)

VM Mutex/Monitor currently owned by a thread:  ([mutex/lock_event])
[0x0000023406f39540] Heap_lock - owner thread: 0x0000023406f3d000

Heap address: 0x0000000701c00000, size: 4068 MB, Compressed Oops mode: Non-zero based: 0x0000000701c00000
Narrow klass base: 0x0000000000000000, Narrow klass shift: 0

GC Heap History (0 events):
No events

Deoptimization events (0 events):
No events

Classes unloaded (0 events):
No events

Classes redefined (0 events):
No events

Internal exceptions (0 events):
No events

Events (8 events):
Event: 0.037 Loaded shared library C:\Program Files\Java\jdk-13.0.2\bin\zip.dll
Event: 0.037 Loaded shared library C:\Program Files\Java\jdk-13.0.2\bin\jimage.dll
Event: 0.039 Loading shared library C:\Program Files\Java\jdk-13.0.2\lib\libjava.base-coop.dll failed, error code 126
Event: 0.039 Loading shared library C:\Program Files\Java\jdk-13.0.2\lib\libjava.logging-coop.dll failed, error code 126
Event: 0.039 Loading shared library C:\Program Files\Java\jdk-13.0.2\lib\libjdk.compiler-coop.dll failed, error code 126
Event: 0.039 Loading shared library C:\Program Files\Java\jdk-13.0.2\lib\libjdk.scripting.nashorn-coop.dll failed, error code 126
Event: 0.039 Loading shared library C:\Program Files\Java\jdk-13.0.2\lib\libjdk.internal.vm.ci-coop.dll failed, error code 126
Event: 0.039 Loading shared library C:\Program Files\Java\jdk-13.0.2\lib\libjdk.internal.vm.compiler-coop.dll failed, error code 126


Dynamic libraries:
0x00007ff673690000 - 0x00007ff67369f000 	C:\Program Files\Java\jdk-13.0.2\bin\java.exe
0x00007ffe12cf0000 - 0x00007ffe12ee5000 	C:\WINDOWS\SYSTEM32\ntdll.dll
0x00007ffe11b50000 - 0x00007ffe11c0e000 	C:\WINDOWS\System32\KERNEL32.DLL
0x00007ffe10410000 - 0x00007ffe106d8000 	C:\WINDOWS\System32\KERNELBASE.dll
0x00007ffe106e0000 - 0x00007ffe107e0000 	C:\WINDOWS\System32\ucrtbase.dll
0x00007ffe092d0000 - 0x00007ffe092e8000 	C:\Program Files\Java\jdk-13.0.2\bin\jli.dll
0x00007ffe126a0000 - 0x00007ffe1274e000 	C:\WINDOWS\System32\ADVAPI32.dll
0x00007ffe11620000 - 0x00007ffe116be000 	C:\WINDOWS\System32\msvcrt.dll
0x00007ffe12c10000 - 0x00007ffe12cac000 	C:\WINDOWS\System32\sechost.dll
0x00007ffe11d20000 - 0x00007ffe11e45000 	C:\WINDOWS\System32\RPCRT4.dll
0x00007ffe10f50000 - 0x00007ffe110f0000 	C:\WINDOWS\System32\USER32.dll
0x00007ffe107e0000 - 0x00007ffe10802000 	C:\WINDOWS\System32\win32u.dll
0x00007ffe0b380000 - 0x00007ffe0b395000 	C:\Program Files\Java\jdk-13.0.2\bin\VCRUNTIME140.dll
0x00007ffe12b80000 - 0x00007ffe12baa000 	C:\WINDOWS\System32\GDI32.dll
0x00007ffe10c40000 - 0x00007ffe10d4b000 	C:\WINDOWS\System32\gdi32full.dll
0x00007ffe10ba0000 - 0x00007ffe10c3d000 	C:\WINDOWS\System32\msvcp_win.dll
0x00007ffdfa5a0000 - 0x00007ffdfa83a000 	C:\WINDOWS\WinSxS\amd64_microsoft.windows.common-controls_6595b64144ccf1df_6.0.19041.1110_none_60b5254171f9507e\COMCTL32.dll
0x00007ffe09000000 - 0x00007ffe0900a000 	C:\WINDOWS\SYSTEM32\VERSION.dll
0x00007ffe116d0000 - 0x00007ffe11700000 	C:\WINDOWS\System32\IMM32.DLL
0x00007ffdd4500000 - 0x00007ffdd459b000 	C:\Program Files\Java\jdk-13.0.2\bin\msvcp140.dll
0x00007ffdd16e0000 - 0x00007ffdd223d000 	C:\Program Files\Java\jdk-13.0.2\bin\server\jvm.dll
0x00007ffe12b70000 - 0x00007ffe12b78000 	C:\WINDOWS\System32\PSAPI.DLL
0x00007ffde97e0000 - 0x00007ffde97e9000 	C:\WINDOWS\SYSTEM32\WSOCK32.dll
0x00007ffe118a0000 - 0x00007ffe1190b000 	C:\WINDOWS\System32\WS2_32.dll
0x00007ffe00f90000 - 0x00007ffe00fb7000 	C:\WINDOWS\SYSTEM32\WINMM.dll
0x00007ffe0ecd0000 - 0x00007ffe0ece2000 	C:\WINDOWS\SYSTEM32\kernel.appcore.dll
0x00007ffe0d030000 - 0x00007ffe0d040000 	C:\Program Files\Java\jdk-13.0.2\bin\verify.dll
0x00007ffdf8ad0000 - 0x00007ffdf8cb4000 	C:\WINDOWS\SYSTEM32\DBGHELP.DLL
0x00007ffdf8aa0000 - 0x00007ffdf8acc000 	C:\WINDOWS\SYSTEM32\dbgcore.DLL
0x00007ffe10910000 - 0x00007ffe10992000 	C:\WINDOWS\System32\bcryptPrimitives.dll
0x00007ffdfa110000 - 0x00007ffdfa136000 	C:\Program Files\Java\jdk-13.0.2\bin\java.dll
0x00007ffe092b0000 - 0x00007ffe092c7000 	C:\Program Files\Java\jdk-13.0.2\bin\zip.dll
0x00007ffe0b880000 - 0x00007ffe0b88a000 	C:\Program Files\Java\jdk-13.0.2\bin\jimage.dll

dbghelp: loaded successfully - version: 4.0.5 - missing functions: none
symbol engine: initialized successfully - sym options: 0x614 - pdb path: .;C:\Program Files\Java\jdk-13.0.2\bin;C:\WINDOWS\SYSTEM32;C:\WINDOWS\WinSxS\amd64_microsoft.windows.common-controls_6595b64144ccf1df_6.0.19041.1110_none_60b5254171f9507e;C:\Program Files\Java\jdk-13.0.2\bin\server

VM Arguments:
java_command: org.jetbrains.kotlin.cli.jvm.K2JVMCompiler @D:\alopezorozco\Documents\EJ2022\AndroidProjects\Adivinar_Palabras_Firebase\app\build\20220506_158667866377432283.compiler.options
java_class_path (initial): C:\Users\alopezorozco\.gradle\caches\modules-2\files-2.1\org.jetbrains.kotlin\kotlin-compiler-embeddable\1.6.20\18f66cca4301c12893ebe4ef47d65c3d9d2bff9b\kotlin-compiler-embeddable-1.6.20.jar;C:\Users\alopezorozco\.gradle\caches\modules-2\files-2.1\org.jetbrains.kotlin\kotlin-reflect\1.6.20\669965154723f1a712e8677af0cc5470dfdab81c\kotlin-reflect-1.6.20.jar;C:\Users\alopezorozco\.gradle\caches\modules-2\files-2.1\org.jetbrains.kotlin\kotlin-stdlib\1.6.20\6cedc143badbb4f1c6b7f5a340b04edff1743208\kotlin-stdlib-1.6.20.jar;C:\Users\alopezorozco\.gradle\caches\modules-2\files-2.1\org.jetbrains.kotlin\kotlin-script-runtime\1.6.20\a115c367e0fd9c8909293b208689afca0c88a6f1\kotlin-script-runtime-1.6.20.jar;C:\Users\alopezorozco\.gradle\caches\modules-2\files-2.1\org.jetbrains.kotlin\kotlin-daemon-embeddable\1.6.20\d4cac343029f48f106c57f457384771165d7deb5\kotlin-daemon-embeddable-1.6.20.jar;C:\Users\alopezorozco\.gradle\caches\modules-2\files-2.1\org.jetbrains.intellij.deps\trove4j\1.0.20200330\3afb14d5f9ceb459d724e907a21145e8ff394f02\trove4j-1.0.20200330.jar;C:\Users\alopezorozco\.gradle\caches\modules-2\files-2.1\net.java.dev.jna\jna\5.6.0\330f2244e9030119ab3030fc3fededc86713d9cc\jna-5.6.0.jar;C:\Users\alopezorozco\.gradle\caches\modules-2\files-2.1\org.jetbrains.kotlin\kotlin-stdlib-common\1.6.20\27b4562b6713d70f458c6d7ea39aadacb8e6a92b\kotlin-stdlib-common-1.6.20.jar;C:\Users\alopezorozco\.gradle\caches\modules-2\files-2.1\org.jetbrains\annotations\13.0\919f0dfe192fb4e063e7dacadee7f8bb9a2672a9\annotations-13.0.jar
Launcher Type: SUN_STANDARD

[Global flags]
     intx CICompilerCount                          = 4                                         {product} {ergonomic}
     uint ConcGCThreads                            = 2                                         {product} {ergonomic}
     uint G1ConcRefinementThreads                  = 8                                         {product} {ergonomic}
   size_t G1HeapRegionSize                         = 1048576                                   {product} {ergonomic}
    uintx GCDrainStackTargetSize                   = 64                                        {product} {ergonomic}
   size_t InitialHeapSize                          = 268435456                                 {product} {ergonomic}
   size_t MarkStackSize                            = 4194304                                   {product} {ergonomic}
   size_t MaxHeapSize                              = 4265607168                                {product} {ergonomic}
   size_t MinHeapDeltaBytes                        = 1048576                                   {product} {ergonomic}
   size_t MinHeapSize                              = 8388608                                   {product} {ergonomic}
    uintx NonNMethodCodeHeapSize                   = 5839372                                {pd product} {ergonomic}
    uintx NonProfiledCodeHeapSize                  = 122909434                              {pd product} {ergonomic}
    uintx ProfiledCodeHeapSize                     = 122909434                              {pd product} {ergonomic}
    uintx ReservedCodeCacheSize                    = 251658240                              {pd product} {ergonomic}
     bool SegmentedCodeCache                       = true                                      {product} {ergonomic}
   size_t SoftMaxHeapSize                          = 4265607168                             {manageable} {ergonomic}
     bool UseCompressedClassPointers               = true                                 {lp64_product} {ergonomic}
     bool UseCompressedOops                        = true                                 {lp64_product} {ergonomic}
     bool UseG1GC                                  = true                                      {product} {ergonomic}
     bool UseLargePagesIndividualAllocation        = false                                  {pd product} {ergonomic}

Logging:
Log output configuration:
 #0: stdout all=warning uptime,level,tags
 #1: stderr all=off uptime,level,tags

Environment Variables:
JAVA_HOME=C:\Program Files\Java\jre1.8.0_171
PATH=C:\Python310\Scripts\;C:\Python310\;C:\Program Files (x86)\Common Files\Oracle\Java\javapath;C:\Program Files (x86)\Intel\iCLS Client\;C:\Program Files\Intel\iCLS Client\;C:\Windows\system32;C:\Windows;C:\Windows\System32\Wbem;C:\Windows\System32\WindowsPowerShell\v1.0\;C:\Program Files (x86)\Intel\Intel(R) Management Engine Components\DAL;C:\Program Files\Intel\Intel(R) Management Engine Components\DAL;C:\Program Files (x86)\Intel\Intel(R) Management Engine Components\IPT;C:\Program Files\Intel\Intel(R) Management Engine Components\IPT;C:\Program Files (x86)\NVIDIA Corporation\PhysX\Common;D:\Program Files (x86)\php-8;C:\Program Files (x86)\Common Files\Acronis\VirtualFile\;C:\Program Files (x86)\Common Files\Acronis\VirtualFile64\;C:\Program Files (x86)\Common Files\Acronis\SnapAPI\;C:\WINDOWS\system32;C:\WINDOWS;C:\WINDOWS\System32\Wbem;C:\WINDOWS\System32\WindowsPowerShell\v1.0\;C:\WINDOWS\System32\OpenSSH\;C:\Program Files\Java\jre1.8.0_171\bin;C:\Program Files\Symfony;C:\Program Files (x86)\Google\Cloud SDK\google-cloud-sdk\bin;C:\Program Files\PuTTY\;C:\ProgramData\ComposerSetup\bin;C:\Program Files\Git\cmd;C:\Program Files\nodejs\;C:\ProgramData\chocolatey\bin;C:\maven\bin;D:\Program Files (x86)\php-8\php.exe;D:\symfony_projects\guestbook\node_modules\.bin;C:\Program Fil;D:\Archivos de Programa\Microsoft VS Code\bin
USERNAME=alopezorozco
OS=Windows_NT
PROCESSOR_IDENTIFIER=Intel64 Family 6 Model 158 Stepping 9, GenuineIntel



---------------  S Y S T E M  ---------------

OS: Windows 10 , 64 bit Build 19041 (10.0.19041.1645)
HyperV virtualization detected

CPU:total 8 (initial active 8) (4 cores per cpu, 2 threads per core) family 6 model 158 stepping 9, cmov, cx8, fxsr, mmx, sse, sse2, sse3, ssse3, sse4.1, sse4.2, popcnt, avx, avx2, aes, clmul, erms, 3dnowpref, lzcnt, ht, tsc, tscinvbit, bmi1, bmi2, adx, fma

Memory: 4k page, system-wide physical 16267M (3705M free)
TotalPageFile size 16267M (AvailPageFile size 44M)
current process WorkingSet (physical memory assigned to process): 10M, peak: 10M
current process commit charge ("private bytes"): 61M, peak: 316M

vm_info: Java HotSpot(TM) 64-Bit Server VM (13.0.2+8) for windows-amd64 JRE (13.0.2+8), built on Dec 11 2019 09:20:33 by "mach5one" with unknown MS VC++:1916

END.
