#
# There is insufficient memory for the Java Runtime Environment to continue.
# Native memory allocation (mmap) failed to map 33554432 bytes for Failed to commit area from 0x000000008de00000 to 0x000000008fe00000 of length 33554432.
# Possible reasons:
#   The system is out of physical RAM or swap space
#   The process is running with CompressedOops enabled, and the Java Heap may be blocking the growth of the native heap
# Possible solutions:
#   Reduce memory load on the system
#   Increase physical memory or swap space
#   Check if swap backing store is full
#   Decrease Java heap size (-Xmx/-Xms)
#   Decrease number of Java threads
#   Decrease Java thread stack sizes (-Xss)
#   Set larger code cache with -XX:ReservedCodeCacheSize=
#   JVM is running with Unscaled Compressed Oops mode in which the Java heap is
#     placed in the first 4GB address space. The Java Heap base address is the
#     maximum limit for the native heap growth. Please use -XX:HeapBaseMinAddress
#     to set the Java Heap base and to place the Java Heap above 4GB virtual address.
# This output file may be truncated or incomplete.
#
#  Out of Memory Error (t:/workspace/open/src/hotspot/os/windows/os_windows.cpp:3301), pid=17588, tid=2856
#
# JRE version: Java(TM) SE Runtime Environment (13.0.2+8) (build 13.0.2+8)
# Java VM: Java HotSpot(TM) 64-Bit Server VM (13.0.2+8, mixed mode, sharing, tiered, compressed oops, g1 gc, windows-amd64)
# No core dump will be written. Minidumps are not enabled by default on client versions of Windows
#

---------------  S U M M A R Y ------------

Command Line: --add-opens=java.base/java.util=ALL-UNNAMED --add-opens=java.base/java.lang=ALL-UNNAMED --add-opens=java.base/java.lang.invoke=ALL-UNNAMED --add-opens=java.base/java.util=ALL-UNNAMED --add-opens=java.prefs/java.util.prefs=ALL-UNNAMED --add-opens=java.prefs/java.util.prefs=ALL-UNNAMED --add-opens=java.base/java.nio.charset=ALL-UNNAMED --add-opens=java.base/java.net=ALL-UNNAMED --add-opens=java.base/java.util.concurrent.atomic=ALL-UNNAMED -Xmx2048m -Dfile.encoding=UTF-8 -Duser.country=MX -Duser.language=es -Duser.variant org.gradle.launcher.daemon.bootstrap.GradleDaemon 7.2

Host: Intel(R) Core(TM) i7-7700HQ CPU @ 2.80GHz, 8 cores, 15G,  Windows 10 , 64 bit Build 19041 (10.0.19041.1645)
Time: Sun May  8 15:51:10 2022 Hora de verano central (México) elapsed time: 14 seconds (0d 0h 0m 14s)

---------------  T H R E A D  ---------------

Current thread (0x0000016679ce3800):  VMThread "VM Thread" [stack: 0x0000003c8d500000,0x0000003c8d600000] [id=2856]

Stack: [0x0000003c8d500000,0x0000003c8d600000]
[error occurred during error reporting (printing stack bounds), id 0xc0000005, EXCEPTION_ACCESS_VIOLATION (0xc0000005) at pc=0x00000166629810ad]

Native frames: (J=compiled Java code, j=interpreted, Vv=VM code, C=native code)
V  [jvm.dll+0x624f9a]
V  [jvm.dll+0x770cfa]
V  [jvm.dll+0x7724af]
V  [jvm.dll+0x772a15]
V  [jvm.dll+0x7729cb]
V  [jvm.dll+0x6244df]
C  [ntdll.dll+0x78a3c]
C  [ntdll.dll+0x51276]
C  [ntdll.dll+0xa0bfe]
C  0x00000166629810ad

VM_Operation (0x0000003c91efc110): G1CollectForAllocation, mode: safepoint, requested by thread 0x0000016600a19800


---------------  P R O C E S S  ---------------

Threads class SMR info:
_java_thread_list=0x0000016606aa9c70, length=136, elements={
0x000001665a46f000, 0x0000016679ce5800, 0x0000016679ce7000, 0x0000016679d00000,
0x0000016679d21000, 0x0000016679d25800, 0x0000016679d2a800, 0x0000016679d2e000,
0x0000016679e6a000, 0x0000016679e95800, 0x000001667b63b800, 0x000001667bdbc800,
0x000001667bac5800, 0x000001667b4f7800, 0x000001667b501000, 0x000001667bc8f800,
0x000001667bb0e000, 0x000001667bb0f000, 0x000001667c1b2800, 0x000001667c92b000,
0x000001667ca96000, 0x000001667ca99800, 0x000001667ca97800, 0x000001667aef0000,
0x000001667ca98800, 0x000001667ca94800, 0x000001667ca95800, 0x000001667ca97000,
0x000001667ca93800, 0x000001667ca9a000, 0x00000166006bf800, 0x00000166006bb800,
0x00000166006bd800, 0x00000166006be800, 0x00000166006bc000, 0x000001660247f800,
0x000001660247c000, 0x0000016602480000, 0x000001660247d000, 0x000001660247a800,
0x000001660247e800, 0x000001660247d800, 0x0000016602481000, 0x000001660247b000,
0x0000016602487800, 0x0000016602486800, 0x0000016602482000, 0x0000016602484000,
0x0000016602482800, 0x0000016602486000, 0x0000016602489000, 0x0000016602483800,
0x0000016602485000, 0x0000016602488800, 0x0000016600a15800, 0x0000016600a16000,
0x0000016600a13800, 0x0000016600a12000, 0x0000016600a17000, 0x0000016600a18800,
0x0000016600a14800, 0x0000016600a17800, 0x0000016600a13000, 0x0000016600a19800,
0x0000016600a1c800, 0x0000016600a1b000, 0x0000016600a1f000, 0x0000016600a1a000,
0x0000016600a20800, 0x0000016600a1d800, 0x0000016600a1e800, 0x0000016600a1c000,
0x0000016600a20000, 0x000001667f9d6000, 0x000001667f9d7000, 0x000001667f9d4000,
0x000001667f9d8800, 0x000001667f9d9800, 0x000001667f9d8000, 0x000001667f9da800,
0x000001667f9d5800, 0x000001667f9d4800, 0x000001667f9dc000, 0x000001667f9de800,
0x000001667f9dd000, 0x000001667f9dd800, 0x000001667f9df000, 0x000001667f9db000,
0x000001667f9e1000, 0x000001667f9e0000, 0x000001667f9e1800, 0x000001667f9e2800,
0x000001667f095000, 0x000001667f09b800, 0x000001667f095800, 0x000001667f09a800,
0x000001667f09c800, 0x000001667f096800, 0x000001667f099000, 0x000001667f09d000,
0x000001667f097800, 0x000001667f09e000, 0x000001667f098000, 0x000001667f09e800,
0x000001667f09f800, 0x000001667f09a000, 0x000001667f0a3000, 0x000001667f0a2000,
0x000001667f0a3800, 0x000001667f0a0800, 0x000001667f0a1000, 0x000001667c7e8800,
0x000001667c7e9000, 0x000001667c7e6000, 0x000001667c7eb800, 0x000001667c7e7000,
0x000001667c7ea000, 0x000001667c7ed800, 0x000001667c7eb000, 0x000001667c7ec800,
0x000001667c7e7800, 0x000001667c7f4000, 0x0000016602457000, 0x000001667c7f1800,
0x000001667c7ee000, 0x000001667c7f4800, 0x000001667c7f2000, 0x000001667c7ef000,
0x000001667c7f0000, 0x000001667c7f0800, 0x000001667c7f3000, 0x00000166063c2000,
0x00000166063bf800, 0x00000166063c2800, 0x00000166063c0800, 0x00000166063c1000
}

Java Threads: ( => current thread )
  0x000001665a46f000 JavaThread "main" [_thread_blocked, id=12040, stack(0x0000003c8cf00000,0x0000003c8d000000)]
  0x0000016679ce5800 JavaThread "Reference Handler" daemon [_thread_blocked, id=17536, stack(0x0000003c8d600000,0x0000003c8d700000)]
  0x0000016679ce7000 JavaThread "Finalizer" daemon [_thread_blocked, id=8884, stack(0x0000003c8d700000,0x0000003c8d800000)]
  0x0000016679d00000 JavaThread "Signal Dispatcher" daemon [_thread_blocked, id=15372, stack(0x0000003c8d800000,0x0000003c8d900000)]
  0x0000016679d21000 JavaThread "Attach Listener" daemon [_thread_blocked, id=16408, stack(0x0000003c8d900000,0x0000003c8da00000)]
  0x0000016679d25800 JavaThread "C2 CompilerThread0" daemon [_thread_blocked, id=5424, stack(0x0000003c8da00000,0x0000003c8db00000)]
  0x0000016679d2a800 JavaThread "C1 CompilerThread0" daemon [_thread_blocked, id=7452, stack(0x0000003c8db00000,0x0000003c8dc00000)]
  0x0000016679d2e000 JavaThread "Sweeper thread" daemon [_thread_blocked, id=16108, stack(0x0000003c8dc00000,0x0000003c8dd00000)]
  0x0000016679e6a000 JavaThread "Common-Cleaner" daemon [_thread_blocked, id=19032, stack(0x0000003c8dd00000,0x0000003c8de00000)]
  0x0000016679e95800 JavaThread "Service Thread" daemon [_thread_blocked, id=17924, stack(0x0000003c8de00000,0x0000003c8df00000)]
  0x000001667b63b800 JavaThread "Daemon health stats" [_thread_blocked, id=13432, stack(0x0000003c8e700000,0x0000003c8e800000)]
  0x000001667bdbc800 JavaThread "Incoming local TCP Connector on port 49249" [_thread_in_native, id=15696, stack(0x0000003c8e000000,0x0000003c8e100000)]
  0x000001667bac5800 JavaThread "Daemon periodic checks" [_thread_blocked, id=7556, stack(0x0000003c8e100000,0x0000003c8e200000)]
  0x000001667b4f7800 JavaThread "Daemon" [_thread_blocked, id=16856, stack(0x0000003c8e800000,0x0000003c8e900000)]
  0x000001667b501000 JavaThread "Handler for socket connection from /127.0.0.1:49249 to /127.0.0.1:49250" [_thread_in_native, id=18828, stack(0x0000003c8e900000,0x0000003c8ea00000)]
  0x000001667bc8f800 JavaThread "Cancel handler" [_thread_blocked, id=1556, stack(0x0000003c8ea00000,0x0000003c8eb00000)]
  0x000001667bb0e000 JavaThread "Daemon worker" [_thread_blocked, id=18660, stack(0x0000003c8eb00000,0x0000003c8ec00000)]
  0x000001667bb0f000 JavaThread "Asynchronous log dispatcher for DefaultDaemonConnection: socket connection from /127.0.0.1:49249 to /127.0.0.1:49250" [_thread_blocked, id=15288, stack(0x0000003c8ec00000,0x0000003c8ed00000)]
  0x000001667c1b2800 JavaThread "Stdin handler" [_thread_blocked, id=18792, stack(0x0000003c8ed00000,0x0000003c8ee00000)]
  0x000001667c92b000 JavaThread "Daemon client event forwarder" [_thread_blocked, id=4452, stack(0x0000003c8ee00000,0x0000003c8ef00000)]
  0x000001667ca96000 JavaThread "Cache worker for journal cache (C:\Users\alopezorozco\.gradle\caches\journal-1)" [_thread_blocked, id=19232, stack(0x0000003c8f100000,0x0000003c8f200000)]
  0x000001667ca99800 JavaThread "File lock request listener" [_thread_in_native, id=1820, stack(0x0000003c8f200000,0x0000003c8f300000)]
  0x000001667ca97800 JavaThread "Cache worker for file hash cache (C:\Users\alopezorozco\.gradle\caches\7.2\fileHashes)" [_thread_blocked, id=15852, stack(0x0000003c8f300000,0x0000003c8f400000)]
  0x000001667aef0000 JavaThread "C2 CompilerThread1" daemon [_thread_blocked, id=15048, stack(0x0000003c8f400000,0x0000003c8f500000)]
  0x000001667ca98800 JavaThread "Cache worker for file hash cache (D:\alopezorozco\Documents\EJ2022\AndroidProjects\Adivinar_Palabras_Firebase\.gradle\7.2\fileHashes)" [_thread_blocked, id=6200, stack(0x0000003c8f500000,0x0000003c8f600000)]
  0x000001667ca94800 JavaThread "File watcher server" daemon [_thread_blocked, id=12528, stack(0x0000003c8f700000,0x0000003c8f800000)]
  0x000001667ca95800 JavaThread "File watcher consumer" daemon [_thread_blocked, id=15800, stack(0x0000003c8f800000,0x0000003c8f900000)]
  0x000001667ca97000 JavaThread "Cache worker for checksums cache (D:\alopezorozco\Documents\EJ2022\AndroidProjects\Adivinar_Palabras_Firebase\.gradle\checksums)" [_thread_blocked, id=2624, stack(0x0000003c8f900000,0x0000003c8fa00000)]
  0x000001667ca93800 JavaThread "Cache worker for cache directory md-supplier (C:\Users\alopezorozco\.gradle\caches\7.2\md-supplier)" [_thread_blocked, id=10884, stack(0x0000003c8fa00000,0x0000003c8fb00000)]
  0x000001667ca9a000 JavaThread "Cache worker for cache directory md-rule (C:\Users\alopezorozco\.gradle\caches\7.2\md-rule)" [_thread_blocked, id=13744, stack(0x0000003c8fb00000,0x0000003c8fc00000)]
  0x00000166006bf800 JavaThread "Cache worker for execution history cache (C:\Users\alopezorozco\.gradle\caches\7.2\executionHistory)" [_thread_blocked, id=17524, stack(0x0000003c8fd00000,0x0000003c8fe00000)]
  0x00000166006bb800 JavaThread "jar transforms" [_thread_blocked, id=14812, stack(0x0000003c8fe00000,0x0000003c8ff00000)]
  0x00000166006bd800 JavaThread "Cache worker for file content cache (C:\Users\alopezorozco\.gradle\caches\7.2\fileContent)" [_thread_blocked, id=3632, stack(0x0000003c8ff00000,0x0000003c90000000)]
  0x00000166006be800 JavaThread "jar transforms Thread 2" [_thread_blocked, id=15964, stack(0x0000003c90000000,0x0000003c90100000)]
  0x00000166006bc000 JavaThread "Cache worker for dependencies-accessors (D:\alopezorozco\Documents\EJ2022\AndroidProjects\Adivinar_Palabras_Firebase\.gradle\7.2\dependencies-accessors)" [_thread_blocked, id=3372, stack(0x0000003c90100000,0x0000003c90200000)]
  0x000001660247f800 JavaThread "jar transforms Thread 3" [_thread_blocked, id=8376, stack(0x0000003c90200000,0x0000003c90300000)]
  0x000001660247c000 JavaThread "Cache worker for Build Output Cleanup Cache (D:\alopezorozco\Documents\EJ2022\AndroidProjects\Adivinar_Palabras_Firebase\.gradle\buildOutputCleanup)" [_thread_blocked, id=18912, stack(0x0000003c90300000,0x0000003c90400000)]
  0x0000016602480000 JavaThread "Unconstrained build operations" [_thread_blocked, id=13660, stack(0x0000003c90400000,0x0000003c90500000)]
  0x000001660247d000 JavaThread "Unconstrained build operations Thread 2" [_thread_blocked, id=17384, stack(0x0000003c90500000,0x0000003c90600000)]
  0x000001660247a800 JavaThread "Unconstrained build operations Thread 3" [_thread_blocked, id=17420, stack(0x0000003c90600000,0x0000003c90700000)]
  0x000001660247e800 JavaThread "Unconstrained build operations Thread 4" [_thread_blocked, id=12120, stack(0x0000003c90700000,0x0000003c90800000)]
  0x000001660247d800 JavaThread "Unconstrained build operations Thread 5" [_thread_blocked, id=11180, stack(0x0000003c90800000,0x0000003c90900000)]
  0x0000016602481000 JavaThread "Unconstrained build operations Thread 6" [_thread_blocked, id=15704, stack(0x0000003c90900000,0x0000003c90a00000)]
  0x000001660247b000 JavaThread "Unconstrained build operations Thread 7" [_thread_blocked, id=5348, stack(0x0000003c90a00000,0x0000003c90b00000)]
  0x0000016602487800 JavaThread "Unconstrained build operations Thread 8" [_thread_blocked, id=19524, stack(0x0000003c90b00000,0x0000003c90c00000)]
  0x0000016602486800 JavaThread "Unconstrained build operations Thread 9" [_thread_blocked, id=20120, stack(0x0000003c90c00000,0x0000003c90d00000)]
  0x0000016602482000 JavaThread "Unconstrained build operations Thread 10" [_thread_blocked, id=16676, stack(0x0000003c90d00000,0x0000003c90e00000)]
  0x0000016602484000 JavaThread "Unconstrained build operations Thread 11" [_thread_blocked, id=4416, stack(0x0000003c90e00000,0x0000003c90f00000)]
  0x0000016602482800 JavaThread "Unconstrained build operations Thread 12" [_thread_blocked, id=13652, stack(0x0000003c90f00000,0x0000003c91000000)]
  0x0000016602486000 JavaThread "Unconstrained build operations Thread 13" [_thread_blocked, id=14292, stack(0x0000003c91000000,0x0000003c91100000)]
  0x0000016602489000 JavaThread "Unconstrained build operations Thread 14" [_thread_blocked, id=13448, stack(0x0000003c91100000,0x0000003c91200000)]
  0x0000016602483800 JavaThread "Unconstrained build operations Thread 15" [_thread_blocked, id=16452, stack(0x0000003c91200000,0x0000003c91300000)]
  0x0000016602485000 JavaThread "Unconstrained build operations Thread 16" [_thread_blocked, id=15672, stack(0x0000003c91300000,0x0000003c91400000)]
  0x0000016602488800 JavaThread "Unconstrained build operations Thread 17" [_thread_blocked, id=11296, stack(0x0000003c91400000,0x0000003c91500000)]
  0x0000016600a15800 JavaThread "Unconstrained build operations Thread 18" [_thread_blocked, id=19148, stack(0x0000003c91500000,0x0000003c91600000)]
  0x0000016600a16000 JavaThread "Unconstrained build operations Thread 19" [_thread_blocked, id=17664, stack(0x0000003c91600000,0x0000003c91700000)]
  0x0000016600a13800 JavaThread "Unconstrained build operations Thread 20" [_thread_blocked, id=8352, stack(0x0000003c91700000,0x0000003c91800000)]
  0x0000016600a12000 JavaThread "Unconstrained build operations Thread 21" [_thread_blocked, id=15124, stack(0x0000003c91800000,0x0000003c91900000)]
  0x0000016600a17000 JavaThread "Unconstrained build operations Thread 22" [_thread_blocked, id=14856, stack(0x0000003c91900000,0x0000003c91a00000)]
  0x0000016600a18800 JavaThread "Unconstrained build operations Thread 23" [_thread_blocked, id=18436, stack(0x0000003c91a00000,0x0000003c91b00000)]
  0x0000016600a14800 JavaThread "Unconstrained build operations Thread 24" [_thread_blocked, id=3704, stack(0x0000003c91b00000,0x0000003c91c00000)]
  0x0000016600a17800 JavaThread "Unconstrained build operations Thread 25" [_thread_blocked, id=4232, stack(0x0000003c91c00000,0x0000003c91d00000)]
  0x0000016600a13000 JavaThread "Unconstrained build operations Thread 26" [_thread_blocked, id=13372, stack(0x0000003c91d00000,0x0000003c91e00000)]
  0x0000016600a19800 JavaThread "Unconstrained build operations Thread 27" [_thread_blocked, id=17600, stack(0x0000003c91e00000,0x0000003c91f00000)]
  0x0000016600a1c800 JavaThread "Unconstrained build operations Thread 28" [_thread_blocked, id=15940, stack(0x0000003c91f00000,0x0000003c92000000)]
  0x0000016600a1b000 JavaThread "Unconstrained build operations Thread 29" [_thread_blocked, id=12272, stack(0x0000003c92000000,0x0000003c92100000)]
  0x0000016600a1f000 JavaThread "Unconstrained build operations Thread 30" [_thread_blocked, id=20160, stack(0x0000003c92100000,0x0000003c92200000)]
  0x0000016600a1a000 JavaThread "Unconstrained build operations Thread 31" [_thread_blocked, id=12744, stack(0x0000003c92200000,0x0000003c92300000)]
  0x0000016600a20800 JavaThread "Unconstrained build operations Thread 32" [_thread_blocked, id=5236, stack(0x0000003c92300000,0x0000003c92400000)]
  0x0000016600a1d800 JavaThread "Unconstrained build operations Thread 33" [_thread_blocked, id=15356, stack(0x0000003c92400000,0x0000003c92500000)]
  0x0000016600a1e800 JavaThread "Unconstrained build operations Thread 34" [_thread_blocked, id=14440, stack(0x0000003c92500000,0x0000003c92600000)]
  0x0000016600a1c000 JavaThread "Unconstrained build operations Thread 35" [_thread_blocked, id=5928, stack(0x0000003c92600000,0x0000003c92700000)]
  0x0000016600a20000 JavaThread "Unconstrained build operations Thread 36" [_thread_blocked, id=5672, stack(0x0000003c92700000,0x0000003c92800000)]
  0x000001667f9d6000 JavaThread "Unconstrained build operations Thread 37" [_thread_blocked, id=20448, stack(0x0000003c92800000,0x0000003c92900000)]
  0x000001667f9d7000 JavaThread "Unconstrained build operations Thread 38" [_thread_blocked, id=10804, stack(0x0000003c92900000,0x0000003c92a00000)]
  0x000001667f9d4000 JavaThread "Unconstrained build operations Thread 39" [_thread_blocked, id=4892, stack(0x0000003c92a00000,0x0000003c92b00000)]
  0x000001667f9d8800 JavaThread "Unconstrained build operations Thread 40" [_thread_blocked, id=17728, stack(0x0000003c92b00000,0x0000003c92c00000)]
  0x000001667f9d9800 JavaThread "Unconstrained build operations Thread 41" [_thread_blocked, id=18572, stack(0x0000003c92c00000,0x0000003c92d00000)]
  0x000001667f9d8000 JavaThread "Unconstrained build operations Thread 42" [_thread_blocked, id=20460, stack(0x0000003c92d00000,0x0000003c92e00000)]
  0x000001667f9da800 JavaThread "Unconstrained build operations Thread 43" [_thread_blocked, id=19800, stack(0x0000003c92e00000,0x0000003c92f00000)]
  0x000001667f9d5800 JavaThread "Unconstrained build operations Thread 44" [_thread_blocked, id=12896, stack(0x0000003c92f00000,0x0000003c93000000)]
  0x000001667f9d4800 JavaThread "Unconstrained build operations Thread 45" [_thread_blocked, id=9588, stack(0x0000003c93000000,0x0000003c93100000)]
  0x000001667f9dc000 JavaThread "Unconstrained build operations Thread 46" [_thread_blocked, id=19228, stack(0x0000003c93100000,0x0000003c93200000)]
  0x000001667f9de800 JavaThread "Unconstrained build operations Thread 47" [_thread_blocked, id=3936, stack(0x0000003c93200000,0x0000003c93300000)]
  0x000001667f9dd000 JavaThread "Unconstrained build operations Thread 48" [_thread_blocked, id=12704, stack(0x0000003c93300000,0x0000003c93400000)]
  0x000001667f9dd800 JavaThread "Unconstrained build operations Thread 49" [_thread_blocked, id=17380, stack(0x0000003c93400000,0x0000003c93500000)]
  0x000001667f9df000 JavaThread "Unconstrained build operations Thread 50" [_thread_blocked, id=13464, stack(0x0000003c93500000,0x0000003c93600000)]
  0x000001667f9db000 JavaThread "Unconstrained build operations Thread 51" [_thread_blocked, id=15100, stack(0x0000003c93600000,0x0000003c93700000)]
  0x000001667f9e1000 JavaThread "Unconstrained build operations Thread 52" [_thread_blocked, id=19120, stack(0x0000003c93700000,0x0000003c93800000)]
  0x000001667f9e0000 JavaThread "Unconstrained build operations Thread 53" [_thread_blocked, id=17636, stack(0x0000003c93800000,0x0000003c93900000)]
  0x000001667f9e1800 JavaThread "Unconstrained build operations Thread 54" [_thread_blocked, id=18688, stack(0x0000003c93900000,0x0000003c93a00000)]
  0x000001667f9e2800 JavaThread "Unconstrained build operations Thread 55" [_thread_blocked, id=18636, stack(0x0000003c93a00000,0x0000003c93b00000)]
  0x000001667f095000 JavaThread "Unconstrained build operations Thread 56" [_thread_blocked, id=14580, stack(0x0000003c93b00000,0x0000003c93c00000)]
  0x000001667f09b800 JavaThread "Unconstrained build operations Thread 57" [_thread_blocked, id=908, stack(0x0000003c93c00000,0x0000003c93d00000)]
  0x000001667f095800 JavaThread "Unconstrained build operations Thread 58" [_thread_blocked, id=3952, stack(0x0000003c93d00000,0x0000003c93e00000)]
  0x000001667f09a800 JavaThread "Unconstrained build operations Thread 59" [_thread_blocked, id=10668, stack(0x0000003c93e00000,0x0000003c93f00000)]
  0x000001667f09c800 JavaThread "Unconstrained build operations Thread 60" [_thread_blocked, id=19288, stack(0x0000003c93f00000,0x0000003c94000000)]
  0x000001667f096800 JavaThread "Unconstrained build operations Thread 61" [_thread_blocked, id=4240, stack(0x0000003c94000000,0x0000003c94100000)]
  0x000001667f099000 JavaThread "Unconstrained build operations Thread 62" [_thread_blocked, id=12268, stack(0x0000003c94100000,0x0000003c94200000)]
  0x000001667f09d000 JavaThread "Unconstrained build operations Thread 63" [_thread_blocked, id=5428, stack(0x0000003c94200000,0x0000003c94300000)]
  0x000001667f097800 JavaThread "Unconstrained build operations Thread 64" [_thread_blocked, id=12632, stack(0x0000003c94300000,0x0000003c94400000)]
  0x000001667f09e000 JavaThread "Unconstrained build operations Thread 65" [_thread_blocked, id=18748, stack(0x0000003c94400000,0x0000003c94500000)]
  0x000001667f098000 JavaThread "Unconstrained build operations Thread 66" [_thread_blocked, id=5352, stack(0x0000003c94500000,0x0000003c94600000)]
  0x000001667f09e800 JavaThread "Unconstrained build operations Thread 67" [_thread_blocked, id=14972, stack(0x0000003c94600000,0x0000003c94700000)]
  0x000001667f09f800 JavaThread "Unconstrained build operations Thread 68" [_thread_blocked, id=12572, stack(0x0000003c94700000,0x0000003c94800000)]
  0x000001667f09a000 JavaThread "Unconstrained build operations Thread 69" [_thread_blocked, id=14080, stack(0x0000003c94800000,0x0000003c94900000)]
  0x000001667f0a3000 JavaThread "Unconstrained build operations Thread 70" [_thread_blocked, id=2448, stack(0x0000003c94900000,0x0000003c94a00000)]
  0x000001667f0a2000 JavaThread "Unconstrained build operations Thread 71" [_thread_blocked, id=12892, stack(0x0000003c94a00000,0x0000003c94b00000)]
  0x000001667f0a3800 JavaThread "Unconstrained build operations Thread 72" [_thread_blocked, id=14860, stack(0x0000003c94b00000,0x0000003c94c00000)]
  0x000001667f0a0800 JavaThread "Unconstrained build operations Thread 73" [_thread_blocked, id=18936, stack(0x0000003c94c00000,0x0000003c94d00000)]
  0x000001667f0a1000 JavaThread "Unconstrained build operations Thread 74" [_thread_blocked, id=4672, stack(0x0000003c94d00000,0x0000003c94e00000)]
  0x000001667c7e8800 JavaThread "Unconstrained build operations Thread 75" [_thread_blocked, id=19680, stack(0x0000003c94e00000,0x0000003c94f00000)]
  0x000001667c7e9000 JavaThread "Unconstrained build operations Thread 76" [_thread_blocked, id=16120, stack(0x0000003c94f00000,0x0000003c95000000)]
  0x000001667c7e6000 JavaThread "Unconstrained build operations Thread 77" [_thread_blocked, id=17968, stack(0x0000003c95000000,0x0000003c95100000)]
  0x000001667c7eb800 JavaThread "Unconstrained build operations Thread 78" [_thread_blocked, id=20236, stack(0x0000003c95100000,0x0000003c95200000)]
  0x000001667c7e7000 JavaThread "Unconstrained build operations Thread 79" [_thread_blocked, id=12428, stack(0x0000003c95200000,0x0000003c95300000)]
  0x000001667c7ea000 JavaThread "Unconstrained build operations Thread 80" [_thread_blocked, id=11400, stack(0x0000003c95300000,0x0000003c95400000)]
  0x000001667c7ed800 JavaThread "jar transforms Thread 4" [_thread_blocked, id=17388, stack(0x0000003c95400000,0x0000003c95500000)]
  0x000001667c7eb000 JavaThread "jar transforms Thread 5" [_thread_blocked, id=2612, stack(0x0000003c95500000,0x0000003c95600000)]
  0x000001667c7ec800 JavaThread "jar transforms Thread 6" [_thread_blocked, id=12280, stack(0x0000003c95600000,0x0000003c95700000)]
  0x000001667c7e7800 JavaThread "jar transforms Thread 7" [_thread_blocked, id=9524, stack(0x0000003c95700000,0x0000003c95800000)]
  0x000001667c7f4000 JavaThread "jar transforms Thread 8" [_thread_blocked, id=9840, stack(0x0000003c95800000,0x0000003c95900000)]
  0x0000016602457000 JavaThread "C2 CompilerThread2" daemon [_thread_blocked, id=14472, stack(0x0000003c8f600000,0x0000003c8f700000)]
  0x000001667c7f1800 JavaThread "Memory manager" [_thread_blocked, id=13664, stack(0x0000003c95900000,0x0000003c95a00000)]
  0x000001667c7ee000 JavaThread "build event listener" [_thread_blocked, id=16648, stack(0x0000003c95a00000,0x0000003c95b00000)]
  0x000001667c7f4800 JavaThread "Execution worker for ':'" [_thread_blocked, id=20384, stack(0x0000003c95b00000,0x0000003c95c00000)]
  0x000001667c7f2000 JavaThread "Execution worker for ':' Thread 2" [_thread_blocked, id=16444, stack(0x0000003c95c00000,0x0000003c95d00000)]
  0x000001667c7ef000 JavaThread "Execution worker for ':' Thread 3" [_thread_blocked, id=10968, stack(0x0000003c95d00000,0x0000003c95e00000)]
  0x000001667c7f0000 JavaThread "Execution worker for ':' Thread 4" [_thread_blocked, id=16632, stack(0x0000003c95e00000,0x0000003c95f00000)]
  0x000001667c7f0800 JavaThread "Execution worker for ':' Thread 5" [_thread_blocked, id=17712, stack(0x0000003c95f00000,0x0000003c96000000)]
  0x000001667c7f3000 JavaThread "Execution worker for ':' Thread 6" [_thread_blocked, id=2824, stack(0x0000003c96000000,0x0000003c96100000)]
  0x00000166063c2000 JavaThread "Execution worker for ':' Thread 7" [_thread_blocked, id=14704, stack(0x0000003c96100000,0x0000003c96200000)]
  0x00000166063bf800 JavaThread "Cache worker for execution history cache (D:\alopezorozco\Documents\EJ2022\AndroidProjects\Adivinar_Palabras_Firebase\.gradle\7.2\executionHistory)" [_thread_blocked, id=2380, stack(0x0000003c96200000,0x0000003c96300000)]
  0x00000166063c2800 JavaThread "WorkerExecutor Queue" [_thread_blocked, id=11324, stack(0x0000003c96300000,0x0000003c96400000)]
  0x00000166063c0800 JavaThread "WorkerExecutor Queue Thread 2" [_thread_blocked, id=19112, stack(0x0000003c96400000,0x0000003c96500000)]
  0x00000166063c1000 JavaThread "WorkerExecutor Queue Thread 3" [_thread_blocked, id=1256, stack(0x0000003c96500000,0x0000003c96600000)]

Other Threads:
=>0x0000016679ce3800 VMThread "VM Thread" [stack: 0x0000003c8d500000,0x0000003c8d600000] [id=2856]
  0x0000016679e9b000 WatcherThread [stack: 0x0000003c8df00000,0x0000003c8e000000] [id=12524]
  0x000001665a4b0800 GCTaskThread "GC Thread#0" [stack: 0x0000003c8d000000,0x0000003c8d100000] [id=14112]
  0x000001667ac96000 GCTaskThread "GC Thread#1" [stack: 0x0000003c8e200000,0x0000003c8e300000] [id=18360]
  0x000001667af65000 GCTaskThread "GC Thread#2" [stack: 0x0000003c8e300000,0x0000003c8e400000] [id=12372]
  0x000001667a774800 GCTaskThread "GC Thread#3" [stack: 0x0000003c8e400000,0x0000003c8e500000] [id=9436]
  0x000001667abfc800 GCTaskThread "GC Thread#4" [stack: 0x0000003c8e500000,0x0000003c8e600000] [id=2700]
  0x000001667abfd000 GCTaskThread "GC Thread#5" [stack: 0x0000003c8e600000,0x0000003c8e700000] [id=17668]
  0x000001667c272000 GCTaskThread "GC Thread#6" [stack: 0x0000003c8ef00000,0x0000003c8f000000] [id=19300]
  0x000001667b295000 GCTaskThread "GC Thread#7" [stack: 0x0000003c8f000000,0x0000003c8f100000] [id=12536]
  0x000001665a4c5000 ConcurrentGCThread "G1 Main Marker" [stack: 0x0000003c8d100000,0x0000003c8d200000] [id=14252]
  0x000001665a4c8800 ConcurrentGCThread "G1 Conc#0" [stack: 0x0000003c8d200000,0x0000003c8d300000] [id=18892]
  0x000001667bbe5800 ConcurrentGCThread "G1 Conc#1" [stack: 0x0000003c8fc00000,0x0000003c8fd00000] [id=14272]
  0x000001665a54e000 ConcurrentGCThread "G1 Refine#0" [stack: 0x0000003c8d300000,0x0000003c8d400000] [id=10992]
  0x0000016679362800 ConcurrentGCThread "G1 Young RemSet Sampling" [stack: 0x0000003c8d400000,0x0000003c8d500000] [id=7492]

Threads with active compile tasks:
C2 CompilerThread0    14938 11469       4       org.gradle.tooling.internal.provider.runner.SubtreeFilteringBuildOperationListener::finished (72 bytes)
C2 CompilerThread1    14938 11507       4       java.util.concurrent.ThreadPoolExecutor::beforeExecute (1 bytes)
C2 CompilerThread2    14938 11415       4       org.gradle.internal.reflect.MethodSet::add (50 bytes)

VM state:at safepoint (normal execution)

VM Mutex/Monitor currently owned by a thread:  ([mutex/lock_event])
[0x000001665836a700] Threads_lock - owner thread: 0x0000016679ce3800
[0x000001665836a040] Heap_lock - owner thread: 0x0000016600a19800

Heap address: 0x0000000080000000, size: 2048 MB, Compressed Oops mode: 32-bit
Narrow klass base: 0x0000000800000000, Narrow klass shift: 3
Compressed class space size: 1073741824 Address: 0x0000000800b40000

Heap:
 garbage-first heap   total 262144K, used 108707K [0x0000000080000000, 0x0000000100000000)
  region size 1024K, 1 young (1024K), 1 survivors (1024K)
 Metaspace       used 85933K, capacity 88128K, committed 88320K, reserved 1126400K
  class space    used 11344K, capacity 12155K, committed 12288K, reserved 1048576K
Heap Regions: E=young(eden), S=young(survivor), O=old, HS=humongous(starts), HC=humongous(continues), CS=collection set, F=free, A=archive, TAMS=top-at-mark-start (previous, next)
|   0|0x0000000080000000, 0x0000000080100000, 0x0000000080100000|100%| O|  |TAMS 0x0000000080100000, 0x0000000080000000| Complete 
|   1|0x0000000080100000, 0x0000000080200000, 0x0000000080200000|100%| O|  |TAMS 0x0000000080200000, 0x0000000080100000| Untracked 
|   2|0x0000000080200000, 0x0000000080300000, 0x0000000080300000|100%| O|  |TAMS 0x0000000080300000, 0x0000000080200000| Complete 
|   3|0x0000000080300000, 0x0000000080400000, 0x0000000080400000|100%|HS|  |TAMS 0x0000000080400000, 0x0000000080300000| Complete 
|   4|0x0000000080400000, 0x0000000080500000, 0x0000000080500000|100%|HC|  |TAMS 0x0000000080500000, 0x0000000080400000| Complete 
|   5|0x0000000080500000, 0x0000000080600000, 0x0000000080600000|100%|HC|  |TAMS 0x0000000080600000, 0x0000000080500000| Complete 
|   6|0x0000000080600000, 0x0000000080700000, 0x0000000080700000|100%| O|  |TAMS 0x0000000080700000, 0x0000000080600000| Untracked 
|   7|0x0000000080700000, 0x0000000080800000, 0x0000000080800000|100%| O|  |TAMS 0x0000000080800000, 0x0000000080700000| Untracked 
|   8|0x0000000080800000, 0x0000000080900000, 0x0000000080900000|100%| O|  |TAMS 0x0000000080900000, 0x0000000080800000| Untracked 
|   9|0x0000000080900000, 0x0000000080a00000, 0x0000000080a00000|100%| O|  |TAMS 0x0000000080a00000, 0x0000000080900000| Untracked 
|  10|0x0000000080a00000, 0x0000000080b00000, 0x0000000080b00000|100%| O|  |TAMS 0x0000000080b00000, 0x0000000080a00000| Untracked 
|  11|0x0000000080b00000, 0x0000000080c00000, 0x0000000080c00000|100%| O|  |TAMS 0x0000000080c00000, 0x0000000080b00000| Untracked 
|  12|0x0000000080c00000, 0x0000000080d00000, 0x0000000080d00000|100%| O|  |TAMS 0x0000000080d00000, 0x0000000080c00000| Complete 
|  13|0x0000000080d00000, 0x0000000080e00000, 0x0000000080e00000|100%| O|  |TAMS 0x0000000080e00000, 0x0000000080d00000| Untracked 
|  14|0x0000000080e00000, 0x0000000080f00000, 0x0000000080f00000|100%| O|  |TAMS 0x0000000080f00000, 0x0000000080e00000| Untracked 
|  15|0x0000000080f00000, 0x0000000081000000, 0x0000000081000000|100%| O|  |TAMS 0x0000000081000000, 0x0000000080f00000| Untracked 
|  16|0x0000000081000000, 0x0000000081000000, 0x0000000081100000|  0%| F|  |TAMS 0x0000000081000000, 0x0000000081000000| Untracked 
|  17|0x0000000081100000, 0x0000000081200000, 0x0000000081200000|100%| O|  |TAMS 0x0000000081200000, 0x0000000081100000| Untracked 
|  18|0x0000000081200000, 0x0000000081300000, 0x0000000081300000|100%| O|  |TAMS 0x0000000081300000, 0x0000000081200000| Untracked 
|  19|0x0000000081300000, 0x0000000081400000, 0x0000000081400000|100%| O|  |TAMS 0x0000000081400000, 0x0000000081300000| Untracked 
|  20|0x0000000081400000, 0x0000000081500000, 0x0000000081500000|100%| O|  |TAMS 0x0000000081500000, 0x0000000081400000| Untracked 
|  21|0x0000000081500000, 0x0000000081600000, 0x0000000081600000|100%| O|  |TAMS 0x0000000081600000, 0x0000000081500000| Untracked 
|  22|0x0000000081600000, 0x0000000081700000, 0x0000000081700000|100%| O|  |TAMS 0x0000000081700000, 0x0000000081600000| Untracked 
|  23|0x0000000081700000, 0x0000000081800000, 0x0000000081800000|100%| O|  |TAMS 0x0000000081800000, 0x0000000081700000| Untracked 
|  24|0x0000000081800000, 0x0000000081900000, 0x0000000081900000|100%| O|  |TAMS 0x0000000081900000, 0x0000000081800000| Complete 
|  25|0x0000000081900000, 0x0000000081a00000, 0x0000000081a00000|100%| O|  |TAMS 0x0000000081a00000, 0x0000000081900000| Untracked 
|  26|0x0000000081a00000, 0x0000000081b00000, 0x0000000081b00000|100%| O|  |TAMS 0x0000000081b00000, 0x0000000081a00000| Complete 
|  27|0x0000000081b00000, 0x0000000081c00000, 0x0000000081c00000|100%|HS|  |TAMS 0x0000000081c00000, 0x0000000081b00000| Complete 
|  28|0x0000000081c00000, 0x0000000081d00000, 0x0000000081d00000|100%|HS|  |TAMS 0x0000000081d00000, 0x0000000081c00000| Complete 
|  29|0x0000000081d00000, 0x0000000081e00000, 0x0000000081e00000|100%|HS|  |TAMS 0x0000000081e00000, 0x0000000081d00000| Complete 
|  30|0x0000000081e00000, 0x0000000081f00000, 0x0000000081f00000|100%| O|  |TAMS 0x0000000081f00000, 0x0000000081e00000| Untracked 
|  31|0x0000000081f00000, 0x0000000082000000, 0x0000000082000000|100%| O|  |TAMS 0x0000000082000000, 0x0000000081f00000| Complete 
|  32|0x0000000082000000, 0x0000000082100000, 0x0000000082100000|100%| O|  |TAMS 0x0000000082100000, 0x0000000082000000| Untracked 
|  33|0x0000000082100000, 0x0000000082200000, 0x0000000082200000|100%| O|  |TAMS 0x0000000082200000, 0x0000000082100000| Complete 
|  34|0x0000000082200000, 0x0000000082300000, 0x0000000082300000|100%| O|  |TAMS 0x0000000082300000, 0x0000000082200000| Complete 
|  35|0x0000000082300000, 0x0000000082300000, 0x0000000082400000|  0%| F|  |TAMS 0x0000000082300000, 0x0000000082300000| Untracked 
|  36|0x0000000082400000, 0x0000000082500000, 0x0000000082500000|100%| O|  |TAMS 0x0000000082500000, 0x0000000082400000| Complete 
|  37|0x0000000082500000, 0x0000000082600000, 0x0000000082600000|100%|HS|  |TAMS 0x0000000082600000, 0x0000000082500000| Complete 
|  38|0x0000000082600000, 0x0000000082700000, 0x0000000082700000|100%|HS|  |TAMS 0x0000000082700000, 0x0000000082600000| Complete 
|  39|0x0000000082700000, 0x0000000082800000, 0x0000000082800000|100%|HC|  |TAMS 0x0000000082800000, 0x0000000082700000| Complete 
|  40|0x0000000082800000, 0x0000000082900000, 0x0000000082900000|100%|HC|  |TAMS 0x0000000082900000, 0x0000000082800000| Complete 
|  41|0x0000000082900000, 0x0000000082a00000, 0x0000000082a00000|100%| O|  |TAMS 0x0000000082a00000, 0x0000000082900000| Untracked 
|  42|0x0000000082a00000, 0x0000000082b00000, 0x0000000082b00000|100%| O|  |TAMS 0x0000000082b00000, 0x0000000082a00000| Untracked 
|  43|0x0000000082b00000, 0x0000000082c00000, 0x0000000082c00000|100%|HS|  |TAMS 0x0000000082c00000, 0x0000000082b00000| Complete 
|  44|0x0000000082c00000, 0x0000000082d00000, 0x0000000082d00000|100%|HC|  |TAMS 0x0000000082d00000, 0x0000000082c00000| Complete 
|  45|0x0000000082d00000, 0x0000000082e00000, 0x0000000082e00000|100%| O|  |TAMS 0x0000000082e00000, 0x0000000082d00000| Untracked 
|  46|0x0000000082e00000, 0x0000000082f00000, 0x0000000082f00000|100%| O|  |TAMS 0x0000000082f00000, 0x0000000082e00000| Untracked 
|  47|0x0000000082f00000, 0x0000000082f00000, 0x0000000083000000|  0%| F|  |TAMS 0x0000000082f00000, 0x0000000082f00000| Untracked 
|  48|0x0000000083000000, 0x0000000083100000, 0x0000000083100000|100%| O|  |TAMS 0x0000000083100000, 0x0000000083000000| Untracked 
|  49|0x0000000083100000, 0x0000000083200000, 0x0000000083200000|100%| O|  |TAMS 0x0000000083200000, 0x0000000083100000| Untracked 
|  50|0x0000000083200000, 0x0000000083300000, 0x0000000083300000|100%| O|  |TAMS 0x0000000083300000, 0x0000000083200000| Untracked 
|  51|0x0000000083300000, 0x0000000083400000, 0x0000000083400000|100%| O|  |TAMS 0x0000000083400000, 0x0000000083300000| Untracked 
|  52|0x0000000083400000, 0x0000000083500000, 0x0000000083500000|100%| O|  |TAMS 0x0000000083500000, 0x0000000083400000| Untracked 
|  53|0x0000000083500000, 0x0000000083600000, 0x0000000083600000|100%| O|  |TAMS 0x0000000083600000, 0x0000000083500000| Complete 
|  54|0x0000000083600000, 0x0000000083700000, 0x0000000083700000|100%| O|  |TAMS 0x0000000083700000, 0x0000000083600000| Untracked 
|  55|0x0000000083700000, 0x0000000083800000, 0x0000000083800000|100%| O|  |TAMS 0x0000000083800000, 0x0000000083700000| Untracked 
|  56|0x0000000083800000, 0x0000000083900000, 0x0000000083900000|100%| O|  |TAMS 0x0000000083900000, 0x0000000083800000| Untracked 
|  57|0x0000000083900000, 0x0000000083a00000, 0x0000000083a00000|100%| O|  |TAMS 0x0000000083a00000, 0x0000000083900000| Untracked 
|  58|0x0000000083a00000, 0x0000000083b00000, 0x0000000083b00000|100%| O|  |TAMS 0x0000000083b00000, 0x0000000083a00000| Untracked 
|  59|0x0000000083b00000, 0x0000000083c00000, 0x0000000083c00000|100%| O|  |TAMS 0x0000000083c00000, 0x0000000083b00000| Complete 
|  60|0x0000000083c00000, 0x0000000083d00000, 0x0000000083d00000|100%| O|  |TAMS 0x0000000083d00000, 0x0000000083c00000| Untracked 
|  61|0x0000000083d00000, 0x0000000083e00000, 0x0000000083e00000|100%| O|  |TAMS 0x0000000083e00000, 0x0000000083d00000| Untracked 
|  62|0x0000000083e00000, 0x0000000083f00000, 0x0000000083f00000|100%| O|  |TAMS 0x0000000083f00000, 0x0000000083e00000| Untracked 
|  63|0x0000000083f00000, 0x0000000084000000, 0x0000000084000000|100%| O|  |TAMS 0x0000000084000000, 0x0000000083f00000| Untracked 
|  64|0x0000000084000000, 0x0000000084100000, 0x0000000084100000|100%| O|  |TAMS 0x0000000084100000, 0x0000000084000000| Untracked 
|  65|0x0000000084100000, 0x0000000084200000, 0x0000000084200000|100%| O|  |TAMS 0x0000000084200000, 0x0000000084100000| Untracked 
|  66|0x0000000084200000, 0x0000000084300000, 0x0000000084300000|100%| O|  |TAMS 0x0000000084300000, 0x0000000084200000| Complete 
|  67|0x0000000084300000, 0x0000000084400000, 0x0000000084400000|100%| O|  |TAMS 0x0000000084400000, 0x0000000084300000| Untracked 
|  68|0x0000000084400000, 0x0000000084500000, 0x0000000084500000|100%| O|  |TAMS 0x0000000084500000, 0x0000000084400000| Complete 
|  69|0x0000000084500000, 0x0000000084600000, 0x0000000084600000|100%| O|  |TAMS 0x0000000084600000, 0x0000000084500000| Untracked 
|  70|0x0000000084600000, 0x0000000084700000, 0x0000000084700000|100%| O|  |TAMS 0x0000000084700000, 0x0000000084600000| Untracked 
|  71|0x0000000084700000, 0x0000000084800000, 0x0000000084800000|100%| O|  |TAMS 0x0000000084800000, 0x0000000084700000| Complete 
|  72|0x0000000084800000, 0x0000000084900000, 0x0000000084900000|100%| O|  |TAMS 0x0000000084900000, 0x0000000084800000| Untracked 
|  73|0x0000000084900000, 0x0000000084a00000, 0x0000000084a00000|100%| O|  |TAMS 0x0000000084a00000, 0x0000000084900000| Untracked 
|  74|0x0000000084a00000, 0x0000000084b00000, 0x0000000084b00000|100%| O|  |TAMS 0x0000000084b00000, 0x0000000084a00000| Complete 
|  75|0x0000000084b00000, 0x0000000084c00000, 0x0000000084c00000|100%| O|  |TAMS 0x0000000084c00000, 0x0000000084b00000| Untracked 
|  76|0x0000000084c00000, 0x0000000084d00000, 0x0000000084d00000|100%| O|  |TAMS 0x0000000084d00000, 0x0000000084c00000| Untracked 
|  77|0x0000000084d00000, 0x0000000084e00000, 0x0000000084e00000|100%| O|  |TAMS 0x0000000084e00000, 0x0000000084d00000| Untracked 
|  78|0x0000000084e00000, 0x0000000084f00000, 0x0000000084f00000|100%| O|  |TAMS 0x0000000084f00000, 0x0000000084e00000| Untracked 
|  79|0x0000000084f00000, 0x0000000085000000, 0x0000000085000000|100%| O|  |TAMS 0x0000000085000000, 0x0000000084f00000| Untracked 
|  80|0x0000000085000000, 0x0000000085100000, 0x0000000085100000|100%| O|  |TAMS 0x0000000085100000, 0x0000000085000000| Untracked 
|  81|0x0000000085100000, 0x0000000085200000, 0x0000000085200000|100%| O|  |TAMS 0x0000000085200000, 0x0000000085100000| Untracked 
|  82|0x0000000085200000, 0x0000000085300000, 0x0000000085300000|100%| O|  |TAMS 0x0000000085300000, 0x0000000085200000| Complete 
|  83|0x0000000085300000, 0x0000000085300000, 0x0000000085400000|  0%| F|  |TAMS 0x0000000085300000, 0x0000000085300000| Untracked 
|  84|0x0000000085400000, 0x0000000085500000, 0x0000000085500000|100%| O|  |TAMS 0x0000000085500000, 0x0000000085400000| Untracked 
|  85|0x0000000085500000, 0x0000000085600000, 0x0000000085600000|100%| O|  |TAMS 0x0000000085600000, 0x0000000085500000| Untracked 
|  86|0x0000000085600000, 0x0000000085700000, 0x0000000085700000|100%| O|  |TAMS 0x0000000085700000, 0x0000000085600000| Complete 
|  87|0x0000000085700000, 0x0000000085700000, 0x0000000085800000|  0%| F|  |TAMS 0x0000000085700000, 0x0000000085700000| Untracked 
|  88|0x0000000085800000, 0x0000000085800000, 0x0000000085900000|  0%| F|  |TAMS 0x0000000085800000, 0x0000000085800000| Untracked 
|  89|0x0000000085900000, 0x0000000085900000, 0x0000000085a00000|  0%| F|  |TAMS 0x0000000085900000, 0x0000000085900000| Untracked 
|  90|0x0000000085a00000, 0x0000000085a00000, 0x0000000085b00000|  0%| F|  |TAMS 0x0000000085a00000, 0x0000000085a00000| Untracked 
|  91|0x0000000085b00000, 0x0000000085b00000, 0x0000000085c00000|  0%| F|  |TAMS 0x0000000085b00000, 0x0000000085b00000| Untracked 
|  92|0x0000000085c00000, 0x0000000085c00000, 0x0000000085d00000|  0%| F|  |TAMS 0x0000000085c00000, 0x0000000085c00000| Untracked 
|  93|0x0000000085d00000, 0x0000000085d00000, 0x0000000085e00000|  0%| F|  |TAMS 0x0000000085d00000, 0x0000000085d00000| Untracked 
|  94|0x0000000085e00000, 0x0000000085e00000, 0x0000000085f00000|  0%| F|  |TAMS 0x0000000085e00000, 0x0000000085e00000| Untracked 
|  95|0x0000000085f00000, 0x0000000086000000, 0x0000000086000000|100%| O|  |TAMS 0x0000000086000000, 0x0000000085f00000| Complete 
|  96|0x0000000086000000, 0x0000000086100000, 0x0000000086100000|100%| O|  |TAMS 0x0000000086100000, 0x0000000086000000| Complete 
|  97|0x0000000086100000, 0x0000000086100000, 0x0000000086200000|  0%| F|  |TAMS 0x0000000086100000, 0x0000000086100000| Untracked 
|  98|0x0000000086200000, 0x0000000086200000, 0x0000000086300000|  0%| F|  |TAMS 0x0000000086200000, 0x0000000086200000| Untracked 
|  99|0x0000000086300000, 0x0000000086300000, 0x0000000086400000|  0%| F|  |TAMS 0x0000000086300000, 0x0000000086300000| Untracked 
| 100|0x0000000086400000, 0x0000000086400000, 0x0000000086500000|  0%| F|  |TAMS 0x0000000086400000, 0x0000000086400000| Untracked 
| 101|0x0000000086500000, 0x0000000086600000, 0x0000000086600000|100%| O|  |TAMS 0x0000000086600000, 0x0000000086500000| Complete 
| 102|0x0000000086600000, 0x0000000086600000, 0x0000000086700000|  0%| F|  |TAMS 0x0000000086600000, 0x0000000086600000| Untracked 
| 103|0x0000000086700000, 0x0000000086800000, 0x0000000086800000|100%| O|  |TAMS 0x0000000086700000, 0x0000000086700000| Untracked 
| 104|0x0000000086800000, 0x0000000086900000, 0x0000000086900000|100%| O|  |TAMS 0x0000000086800000, 0x0000000086800000| Untracked 
| 105|0x0000000086900000, 0x0000000086a00000, 0x0000000086a00000|100%| O|  |TAMS 0x0000000086900000, 0x0000000086900000| Untracked 
| 106|0x0000000086a00000, 0x0000000086b00000, 0x0000000086b00000|100%| O|  |TAMS 0x0000000086a00000, 0x0000000086a00000| Untracked 
| 107|0x0000000086b00000, 0x0000000086c00000, 0x0000000086c00000|100%| O|  |TAMS 0x0000000086b00000, 0x0000000086b00000| Untracked 
| 108|0x0000000086c00000, 0x0000000086d00000, 0x0000000086d00000|100%| O|  |TAMS 0x0000000086c00000, 0x0000000086c00000| Untracked 
| 109|0x0000000086d00000, 0x0000000086e00000, 0x0000000086e00000|100%| O|  |TAMS 0x0000000086d00000, 0x0000000086d00000| Untracked 
| 110|0x0000000086e00000, 0x0000000086f00000, 0x0000000086f00000|100%| O|  |TAMS 0x0000000086e00000, 0x0000000086e00000| Untracked 
| 111|0x0000000086f00000, 0x0000000087000000, 0x0000000087000000|100%| O|  |TAMS 0x0000000086f00000, 0x0000000086f00000| Untracked 
| 112|0x0000000087000000, 0x0000000087100000, 0x0000000087100000|100%| O|  |TAMS 0x0000000087000000, 0x0000000087000000| Untracked 
| 113|0x0000000087100000, 0x0000000087200000, 0x0000000087200000|100%| O|  |TAMS 0x0000000087100000, 0x0000000087100000| Untracked 
| 114|0x0000000087200000, 0x0000000087300000, 0x0000000087300000|100%| O|  |TAMS 0x0000000087200000, 0x0000000087200000| Untracked 
| 115|0x0000000087300000, 0x0000000087400000, 0x0000000087400000|100%| O|  |TAMS 0x0000000087300000, 0x0000000087300000| Untracked 
| 116|0x0000000087400000, 0x0000000087500000, 0x0000000087500000|100%| O|  |TAMS 0x0000000087400000, 0x0000000087400000| Untracked 
| 117|0x0000000087500000, 0x0000000087600000, 0x0000000087600000|100%| O|  |TAMS 0x0000000087500000, 0x0000000087500000| Untracked 
| 118|0x0000000087600000, 0x0000000087700000, 0x0000000087700000|100%| O|  |TAMS 0x0000000087600000, 0x0000000087600000| Untracked 
| 119|0x0000000087700000, 0x0000000087800000, 0x0000000087800000|100%| O|  |TAMS 0x0000000087700000, 0x0000000087700000| Untracked 
| 120|0x0000000087800000, 0x0000000087800000, 0x0000000087900000|  0%| F|  |TAMS 0x0000000087800000, 0x0000000087800000| Untracked 
| 121|0x0000000087900000, 0x0000000087a00000, 0x0000000087a00000|100%| O|  |TAMS 0x0000000087a00000, 0x0000000087900000| Complete 
| 122|0x0000000087a00000, 0x0000000087a00000, 0x0000000087b00000|  0%| F|  |TAMS 0x0000000087a00000, 0x0000000087a00000| Untracked 
| 123|0x0000000087b00000, 0x0000000087b00000, 0x0000000087c00000|  0%| F|  |TAMS 0x0000000087b00000, 0x0000000087b00000| Untracked 
| 124|0x0000000087c00000, 0x0000000087d00000, 0x0000000087d00000|100%| O|  |TAMS 0x0000000087d00000, 0x0000000087c00000| Complete 
| 125|0x0000000087d00000, 0x0000000087d00000, 0x0000000087e00000|  0%| F|  |TAMS 0x0000000087d00000, 0x0000000087d00000| Untracked 
| 126|0x0000000087e00000, 0x0000000087e00000, 0x0000000087f00000|  0%| F|  |TAMS 0x0000000087e00000, 0x0000000087e00000| Untracked 
| 127|0x0000000087f00000, 0x0000000087f7c000, 0x0000000088000000| 48%| O|  |TAMS 0x0000000087f00000, 0x0000000087f00000| Untracked 
| 128|0x0000000088000000, 0x0000000088000000, 0x0000000088100000|  0%| F|  |TAMS 0x0000000088000000, 0x0000000088000000| Untracked 
| 129|0x0000000088100000, 0x0000000088100000, 0x0000000088200000|  0%| F|  |TAMS 0x0000000088100000, 0x0000000088100000| Untracked 
| 130|0x0000000088200000, 0x0000000088200000, 0x0000000088300000|  0%| F|  |TAMS 0x0000000088200000, 0x0000000088200000| Untracked 
| 131|0x0000000088300000, 0x0000000088300000, 0x0000000088400000|  0%| F|  |TAMS 0x0000000088300000, 0x0000000088300000| Untracked 
| 132|0x0000000088400000, 0x0000000088400000, 0x0000000088500000|  0%| F|  |TAMS 0x0000000088400000, 0x0000000088400000| Untracked 
| 133|0x0000000088500000, 0x0000000088500000, 0x0000000088600000|  0%| F|  |TAMS 0x0000000088500000, 0x0000000088500000| Untracked 
| 134|0x0000000088600000, 0x0000000088600000, 0x0000000088700000|  0%| F|  |TAMS 0x0000000088600000, 0x0000000088600000| Untracked 
| 135|0x0000000088700000, 0x0000000088700000, 0x0000000088800000|  0%| F|  |TAMS 0x0000000088700000, 0x0000000088700000| Untracked 
| 136|0x0000000088800000, 0x0000000088800000, 0x0000000088900000|  0%| F|  |TAMS 0x0000000088800000, 0x0000000088800000| Untracked 
| 137|0x0000000088900000, 0x0000000088900000, 0x0000000088a00000|  0%| F|  |TAMS 0x0000000088900000, 0x0000000088900000| Untracked 
| 138|0x0000000088a00000, 0x0000000088a00000, 0x0000000088b00000|  0%| F|  |TAMS 0x0000000088a00000, 0x0000000088a00000| Untracked 
| 139|0x0000000088b00000, 0x0000000088b00000, 0x0000000088c00000|  0%| F|  |TAMS 0x0000000088b00000, 0x0000000088b00000| Untracked 
| 140|0x0000000088c00000, 0x0000000088c00000, 0x0000000088d00000|  0%| F|  |TAMS 0x0000000088c00000, 0x0000000088c00000| Untracked 
| 141|0x0000000088d00000, 0x0000000088d00000, 0x0000000088e00000|  0%| F|  |TAMS 0x0000000088d00000, 0x0000000088d00000| Untracked 
| 142|0x0000000088e00000, 0x0000000088e00000, 0x0000000088f00000|  0%| F|  |TAMS 0x0000000088e00000, 0x0000000088e00000| Untracked 
| 143|0x0000000088f00000, 0x0000000088f00000, 0x0000000089000000|  0%| F|  |TAMS 0x0000000088f00000, 0x0000000088f00000| Untracked 
| 144|0x0000000089000000, 0x0000000089000000, 0x0000000089100000|  0%| F|  |TAMS 0x0000000089000000, 0x0000000089000000| Untracked 
| 145|0x0000000089100000, 0x0000000089100000, 0x0000000089200000|  0%| F|  |TAMS 0x0000000089100000, 0x0000000089100000| Untracked 
| 146|0x0000000089200000, 0x0000000089200000, 0x0000000089300000|  0%| F|  |TAMS 0x0000000089200000, 0x0000000089200000| Untracked 
| 147|0x0000000089300000, 0x0000000089300000, 0x0000000089400000|  0%| F|  |TAMS 0x0000000089300000, 0x0000000089300000| Untracked 
| 148|0x0000000089400000, 0x0000000089400000, 0x0000000089500000|  0%| F|  |TAMS 0x0000000089400000, 0x0000000089400000| Untracked 
| 149|0x0000000089500000, 0x0000000089500000, 0x0000000089600000|  0%| F|  |TAMS 0x0000000089500000, 0x0000000089500000| Untracked 
| 150|0x0000000089600000, 0x0000000089600000, 0x0000000089700000|  0%| F|  |TAMS 0x0000000089600000, 0x0000000089600000| Untracked 
| 151|0x0000000089700000, 0x0000000089700000, 0x0000000089800000|  0%| F|  |TAMS 0x0000000089700000, 0x0000000089700000| Untracked 
| 152|0x0000000089800000, 0x0000000089800000, 0x0000000089900000|  0%| F|  |TAMS 0x0000000089800000, 0x0000000089800000| Untracked 
| 153|0x0000000089900000, 0x0000000089900000, 0x0000000089a00000|  0%| F|  |TAMS 0x0000000089900000, 0x0000000089900000| Untracked 
| 154|0x0000000089a00000, 0x0000000089a00000, 0x0000000089b00000|  0%| F|  |TAMS 0x0000000089a00000, 0x0000000089a00000| Untracked 
| 155|0x0000000089b00000, 0x0000000089b00000, 0x0000000089c00000|  0%| F|  |TAMS 0x0000000089b00000, 0x0000000089b00000| Untracked 
| 156|0x0000000089c00000, 0x0000000089c00000, 0x0000000089d00000|  0%| F|  |TAMS 0x0000000089c00000, 0x0000000089c00000| Untracked 
| 157|0x0000000089d00000, 0x0000000089d00000, 0x0000000089e00000|  0%| F|  |TAMS 0x0000000089d00000, 0x0000000089d00000| Untracked 
| 158|0x0000000089e00000, 0x0000000089e00000, 0x0000000089f00000|  0%| F|  |TAMS 0x0000000089e00000, 0x0000000089e00000| Untracked 
| 159|0x0000000089f00000, 0x0000000089f00000, 0x000000008a000000|  0%| F|  |TAMS 0x0000000089f00000, 0x0000000089f00000| Untracked 
| 160|0x000000008a000000, 0x000000008a000000, 0x000000008a100000|  0%| F|  |TAMS 0x000000008a000000, 0x000000008a000000| Untracked 
| 161|0x000000008a100000, 0x000000008a100000, 0x000000008a200000|  0%| F|  |TAMS 0x000000008a100000, 0x000000008a100000| Untracked 
| 162|0x000000008a200000, 0x000000008a200000, 0x000000008a300000|  0%| F|  |TAMS 0x000000008a200000, 0x000000008a200000| Untracked 
| 163|0x000000008a300000, 0x000000008a300000, 0x000000008a400000|  0%| F|  |TAMS 0x000000008a300000, 0x000000008a300000| Untracked 
| 164|0x000000008a400000, 0x000000008a400000, 0x000000008a500000|  0%| F|  |TAMS 0x000000008a400000, 0x000000008a400000| Untracked 
| 165|0x000000008a500000, 0x000000008a500000, 0x000000008a600000|  0%| F|  |TAMS 0x000000008a500000, 0x000000008a500000| Untracked 
| 166|0x000000008a600000, 0x000000008a600000, 0x000000008a700000|  0%| F|  |TAMS 0x000000008a600000, 0x000000008a600000| Untracked 
| 167|0x000000008a700000, 0x000000008a700000, 0x000000008a800000|  0%| F|  |TAMS 0x000000008a700000, 0x000000008a700000| Untracked 
| 168|0x000000008a800000, 0x000000008a800000, 0x000000008a900000|  0%| F|  |TAMS 0x000000008a800000, 0x000000008a800000| Untracked 
| 169|0x000000008a900000, 0x000000008a900000, 0x000000008aa00000|  0%| F|  |TAMS 0x000000008a900000, 0x000000008a900000| Untracked 
| 170|0x000000008aa00000, 0x000000008aa00000, 0x000000008ab00000|  0%| F|  |TAMS 0x000000008aa00000, 0x000000008aa00000| Untracked 
| 171|0x000000008ab00000, 0x000000008ab00000, 0x000000008ac00000|  0%| F|  |TAMS 0x000000008ab00000, 0x000000008ab00000| Untracked 
| 172|0x000000008ac00000, 0x000000008ac00000, 0x000000008ad00000|  0%| F|  |TAMS 0x000000008ac00000, 0x000000008ac00000| Untracked 
| 173|0x000000008ad00000, 0x000000008ad00000, 0x000000008ae00000|  0%| F|  |TAMS 0x000000008ad00000, 0x000000008ad00000| Untracked 
| 174|0x000000008ae00000, 0x000000008ae00000, 0x000000008af00000|  0%| F|  |TAMS 0x000000008ae00000, 0x000000008ae00000| Untracked 
| 175|0x000000008af00000, 0x000000008af00000, 0x000000008b000000|  0%| F|  |TAMS 0x000000008af00000, 0x000000008af00000| Untracked 
| 176|0x000000008b000000, 0x000000008b000000, 0x000000008b100000|  0%| F|  |TAMS 0x000000008b000000, 0x000000008b000000| Untracked 
| 177|0x000000008b100000, 0x000000008b100000, 0x000000008b200000|  0%| F|  |TAMS 0x000000008b100000, 0x000000008b100000| Untracked 
| 178|0x000000008b200000, 0x000000008b200000, 0x000000008b300000|  0%| F|  |TAMS 0x000000008b200000, 0x000000008b200000| Untracked 
| 179|0x000000008b300000, 0x000000008b300000, 0x000000008b400000|  0%| F|  |TAMS 0x000000008b300000, 0x000000008b300000| Untracked 
| 180|0x000000008b400000, 0x000000008b400000, 0x000000008b500000|  0%| F|  |TAMS 0x000000008b400000, 0x000000008b400000| Untracked 
| 181|0x000000008b500000, 0x000000008b500000, 0x000000008b600000|  0%| F|  |TAMS 0x000000008b500000, 0x000000008b500000| Untracked 
| 182|0x000000008b600000, 0x000000008b600000, 0x000000008b700000|  0%| F|  |TAMS 0x000000008b600000, 0x000000008b600000| Untracked 
| 183|0x000000008b700000, 0x000000008b700000, 0x000000008b800000|  0%| F|  |TAMS 0x000000008b700000, 0x000000008b700000| Untracked 
| 184|0x000000008b800000, 0x000000008b800000, 0x000000008b900000|  0%| F|  |TAMS 0x000000008b800000, 0x000000008b800000| Untracked 
| 185|0x000000008b900000, 0x000000008b900000, 0x000000008ba00000|  0%| F|  |TAMS 0x000000008b900000, 0x000000008b900000| Untracked 
| 186|0x000000008ba00000, 0x000000008ba00000, 0x000000008bb00000|  0%| F|  |TAMS 0x000000008ba00000, 0x000000008ba00000| Untracked 
| 187|0x000000008bb00000, 0x000000008bb00000, 0x000000008bc00000|  0%| F|  |TAMS 0x000000008bb00000, 0x000000008bb00000| Untracked 
| 188|0x000000008bc00000, 0x000000008bc00000, 0x000000008bd00000|  0%| F|  |TAMS 0x000000008bc00000, 0x000000008bc00000| Untracked 
| 189|0x000000008bd00000, 0x000000008bd00000, 0x000000008be00000|  0%| F|  |TAMS 0x000000008bd00000, 0x000000008bd00000| Untracked 
| 190|0x000000008be00000, 0x000000008be00000, 0x000000008bf00000|  0%| F|  |TAMS 0x000000008be00000, 0x000000008be00000| Untracked 
| 191|0x000000008bf00000, 0x000000008bf00000, 0x000000008c000000|  0%| F|  |TAMS 0x000000008bf00000, 0x000000008bf00000| Untracked 
| 192|0x000000008c000000, 0x000000008c000000, 0x000000008c100000|  0%| F|  |TAMS 0x000000008c000000, 0x000000008c000000| Untracked 
| 193|0x000000008c100000, 0x000000008c100000, 0x000000008c200000|  0%| F|  |TAMS 0x000000008c100000, 0x000000008c100000| Untracked 
| 194|0x000000008c200000, 0x000000008c200000, 0x000000008c300000|  0%| F|  |TAMS 0x000000008c200000, 0x000000008c200000| Untracked 
| 195|0x000000008c300000, 0x000000008c300000, 0x000000008c400000|  0%| F|  |TAMS 0x000000008c300000, 0x000000008c300000| Untracked 
| 196|0x000000008c400000, 0x000000008c400000, 0x000000008c500000|  0%| F|  |TAMS 0x000000008c400000, 0x000000008c400000| Untracked 
| 197|0x000000008c500000, 0x000000008c500000, 0x000000008c600000|  0%| F|  |TAMS 0x000000008c500000, 0x000000008c500000| Untracked 
| 198|0x000000008c600000, 0x000000008c600000, 0x000000008c700000|  0%| F|  |TAMS 0x000000008c600000, 0x000000008c600000| Untracked 
| 199|0x000000008c700000, 0x000000008c700000, 0x000000008c800000|  0%| F|  |TAMS 0x000000008c700000, 0x000000008c700000| Untracked 
| 200|0x000000008c800000, 0x000000008c800000, 0x000000008c900000|  0%| F|  |TAMS 0x000000008c800000, 0x000000008c800000| Untracked 
| 201|0x000000008c900000, 0x000000008c900000, 0x000000008ca00000|  0%| F|  |TAMS 0x000000008c900000, 0x000000008c900000| Untracked 
| 202|0x000000008ca00000, 0x000000008ca00000, 0x000000008cb00000|  0%| F|  |TAMS 0x000000008ca00000, 0x000000008ca00000| Untracked 
| 203|0x000000008cb00000, 0x000000008cb00000, 0x000000008cc00000|  0%| F|  |TAMS 0x000000008cb00000, 0x000000008cb00000| Untracked 
| 204|0x000000008cc00000, 0x000000008cc00000, 0x000000008cd00000|  0%| F|  |TAMS 0x000000008cc00000, 0x000000008cc00000| Untracked 
| 205|0x000000008cd00000, 0x000000008cd00000, 0x000000008ce00000|  0%| F|  |TAMS 0x000000008cd00000, 0x000000008cd00000| Untracked 
| 206|0x000000008ce00000, 0x000000008ce00000, 0x000000008cf00000|  0%| F|  |TAMS 0x000000008ce00000, 0x000000008ce00000| Untracked 
| 207|0x000000008cf00000, 0x000000008cf00000, 0x000000008d000000|  0%| F|  |TAMS 0x000000008cf00000, 0x000000008cf00000| Untracked 
| 208|0x000000008d000000, 0x000000008d000000, 0x000000008d100000|  0%| F|  |TAMS 0x000000008d000000, 0x000000008d000000| Untracked 
| 209|0x000000008d100000, 0x000000008d100000, 0x000000008d200000|  0%| F|  |TAMS 0x000000008d100000, 0x000000008d100000| Untracked 
| 210|0x000000008d200000, 0x000000008d200000, 0x000000008d300000|  0%| F|  |TAMS 0x000000008d200000, 0x000000008d200000| Untracked 
| 211|0x000000008d300000, 0x000000008d3acea8, 0x000000008d400000| 67%| S|CS|TAMS 0x000000008d300000, 0x000000008d300000| Complete 
| 212|0x000000008d400000, 0x000000008d400000, 0x000000008d500000|  0%| F|  |TAMS 0x000000008d400000, 0x000000008d400000| Untracked 
| 213|0x000000008d500000, 0x000000008d500000, 0x000000008d600000|  0%| F|  |TAMS 0x000000008d500000, 0x000000008d500000| Untracked 
| 214|0x000000008d600000, 0x000000008d600000, 0x000000008d700000|  0%| F|  |TAMS 0x000000008d600000, 0x000000008d600000| Untracked 
| 215|0x000000008d700000, 0x000000008d700000, 0x000000008d800000|  0%| F|  |TAMS 0x000000008d700000, 0x000000008d700000| Untracked 
| 216|0x000000008d800000, 0x000000008d800000, 0x000000008d900000|  0%| F|  |TAMS 0x000000008d800000, 0x000000008d800000| Untracked 
| 217|0x000000008d900000, 0x000000008d900000, 0x000000008da00000|  0%| F|  |TAMS 0x000000008d900000, 0x000000008d900000| Untracked 
| 218|0x000000008da00000, 0x000000008da00000, 0x000000008db00000|  0%| F|  |TAMS 0x000000008da00000, 0x000000008da00000| Untracked 
| 219|0x000000008db00000, 0x000000008db00000, 0x000000008dc00000|  0%| F|  |TAMS 0x000000008db00000, 0x000000008db00000| Untracked 
| 220|0x000000008dc00000, 0x000000008dc00000, 0x000000008dd00000|  0%| F|  |TAMS 0x000000008dc00000, 0x000000008dc00000| Untracked 
| 221|0x000000008dd00000, 0x000000008dd00000, 0x000000008de00000|  0%| F|  |TAMS 0x000000008dd00000, 0x000000008dd00000| Untracked 
| 254|0x000000008fe00000, 0x000000008fe00000, 0x000000008ff00000|  0%| F|  |TAMS 0x000000008fe00000, 0x000000008fe00000| Untracked 
| 255|0x000000008ff00000, 0x000000008ff00000, 0x0000000090000000|  0%| F|  |TAMS 0x000000008ff00000, 0x000000008ff00000| Untracked 

Card table byte_map: [0x00000166721c0000,0x00000166725c0000] _byte_map_base: 0x0000016671dc0000

Marking Bits (Prev, Next): (CMBitMap*) 0x000001665a4b3338, (CMBitMap*) 0x000001665a4b3378
 Prev Bits: [0x00000166729c0000, 0x00000166749c0000)
 Next Bits: [0x00000166749c0000, 0x00000166769c0000)

Polling page: 0x00000166585e0000

Metaspace:

Usage:
  Non-class:     74.19 MB capacity,    72.84 MB ( 98%) used,     1.11 MB (  1%) free+waste,   245.69 KB ( <1%) overhead. 
      Class:     11.87 MB capacity,    11.08 MB ( 93%) used,   699.07 KB (  6%) free+waste,   111.50 KB ( <1%) overhead. 
       Both:     86.06 MB capacity,    83.92 MB ( 98%) used,     1.79 MB (  2%) free+waste,   357.19 KB ( <1%) overhead. 

Virtual space:
  Non-class space:       76.00 MB reserved,      74.25 MB ( 98%) committed 
      Class space:        1.00 GB reserved,      12.00 MB (  1%) committed 
             Both:        1.07 GB reserved,      86.25 MB (  8%) committed 

Chunk freelists:
   Non-Class:  59.00 KB
       Class:  133.00 KB
        Both:  192.00 KB

MaxMetaspaceSize: 17179869184.00 GB
CompressedClassSpaceSize: 1.00 GB

CodeHeap 'non-profiled nmethods': size=120000Kb used=5702Kb max_used=6039Kb free=114297Kb
 bounds [0x000001666a450000, 0x000001666aa40000, 0x0000016671980000]
CodeHeap 'profiled nmethods': size=120000Kb used=21453Kb max_used=22566Kb free=98546Kb
 bounds [0x0000016662f20000, 0x0000016664530000, 0x000001666a450000]
CodeHeap 'non-nmethods': size=5760Kb used=2430Kb max_used=2483Kb free=3329Kb
 bounds [0x0000016662980000, 0x0000016662bf0000, 0x0000016662f20000]
 total_blobs=15471 nmethods=9858 adapters=820
 compilation: enabled
              stopped_count=0, restarted_count=0
 full_count=0

Compilation events (20 events):
Event: 14.881 Thread 0x0000016679d2a800 11509       3       org.gradle.api.internal.artifacts.transform.TransformationResult$Builder::lambda$convertToProducedOutputLocations$0 (13 bytes)
Event: 14.881 Thread 0x0000016679d2a800 nmethod 11509 0x000001666322ad90 code [0x000001666322af80, 0x000001666322b5e0]
Event: 14.883 Thread 0x000001667aef0000 nmethod 11481 0x000001666a8c0c10 code [0x000001666a8c0e00, 0x000001666a8c15d8]
Event: 14.884 Thread 0x000001667aef0000 11505       4       org.gradle.internal.snapshot.VfsRelativePath::determineOffset (34 bytes)
Event: 14.885 Thread 0x0000016679d2a800 11511   !   3       sun.nio.ch.FileChannelImpl::size (239 bytes)
Event: 14.886 Thread 0x000001667aef0000 nmethod 11505 0x000001666a63b010 code [0x000001666a63b1a0, 0x000001666a63b298]
Event: 14.886 Thread 0x0000016679d2a800 nmethod 11511 0x0000016663e75c10 code [0x0000016663e75ee0, 0x0000016663e76fe0]
Event: 14.886 Thread 0x000001667aef0000 11506       4       org.gradle.internal.snapshot.VfsRelativePath::normalizeRoot (43 bytes)
Event: 14.886 Thread 0x0000016679d2a800 11512       3       sun.nio.ch.FileDispatcherImpl::size (5 bytes)
Event: 14.887 Thread 0x0000016679d2a800 nmethod 11512 0x0000016662f34690 code [0x0000016662f34840, 0x0000016662f349f0]
Event: 14.888 Thread 0x0000016679d25800 nmethod 11486 0x000001666a991510 code [0x000001666a991700, 0x000001666a992088]
Event: 14.888 Thread 0x0000016679d25800 11469       4       org.gradle.tooling.internal.provider.runner.SubtreeFilteringBuildOperationListener::finished (72 bytes)
Event: 14.890 Thread 0x000001667aef0000 nmethod 11506 0x000001666a462890 code [0x000001666a462a20, 0x000001666a462c78]
Event: 14.890 Thread 0x000001667aef0000 11496       4       java.util.concurrent.TimeUnit::toNanos (45 bytes)
Event: 14.891 Thread 0x000001667aef0000 nmethod 11496 0x000001666a51c390 code [0x000001666a51c520, 0x000001666a51c618]
Event: 14.891 Thread 0x000001667aef0000 11513       4       org.gradle.internal.snapshot.FileSystemLeafSnapshot::accept (8 bytes)
Event: 14.891 Thread 0x000001667aef0000 nmethod 11513 0x000001666a5fba10 code [0x000001666a5fbba0, 0x000001666a5fbc38]
Event: 14.891 Thread 0x000001667aef0000 11240       4       java.nio.DirectByteBuffer::ix (10 bytes)
Event: 14.892 Thread 0x000001667aef0000 nmethod 11240 0x000001666a99dc10 code [0x000001666a99dda0, 0x000001666a99de18]
Event: 14.892 Thread 0x000001667aef0000 11507       4       java.util.concurrent.ThreadPoolExecutor::beforeExecute (1 bytes)

GC Heap History (20 events):
Event: 10.953 GC heap after
{Heap after GC invocations=34 (full 0):
 garbage-first heap   total 152576K, used 76030K [0x0000000080000000, 0x0000000100000000)
  region size 1024K, 6 young (6144K), 6 survivors (6144K)
 Metaspace       used 68123K, capacity 69902K, committed 70016K, reserved 1110016K
  class space    used 9171K, capacity 9855K, committed 9856K, reserved 1048576K
}
Event: 11.498 GC heap before
{Heap before GC invocations=34 (full 0):
 garbage-first heap   total 152576K, used 118014K [0x0000000080000000, 0x0000000100000000)
  region size 1024K, 47 young (48128K), 6 survivors (6144K)
 Metaspace       used 72602K, capacity 74378K, committed 74496K, reserved 1114112K
  class space    used 9779K, capacity 10458K, committed 10496K, reserved 1048576K
}
Event: 11.509 GC heap after
{Heap after GC invocations=35 (full 0):
 garbage-first heap   total 183296K, used 78847K [0x0000000080000000, 0x0000000100000000)
  region size 1024K, 6 young (6144K), 6 survivors (6144K)
 Metaspace       used 72602K, capacity 74378K, committed 74496K, reserved 1114112K
  class space    used 9779K, capacity 10458K, committed 10496K, reserved 1048576K
}
Event: 12.155 GC heap before
{Heap before GC invocations=36 (full 0):
 garbage-first heap   total 183296K, used 132095K [0x0000000080000000, 0x0000000100000000)
  region size 1024K, 58 young (59392K), 6 survivors (6144K)
 Metaspace       used 75522K, capacity 77676K, committed 77952K, reserved 1116160K
  class space    used 10266K, capacity 11088K, committed 11136K, reserved 1048576K
}
Event: 12.165 GC heap after
{Heap after GC invocations=37 (full 0):
 garbage-first heap   total 183296K, used 82787K [0x0000000080000000, 0x0000000100000000)
  region size 1024K, 7 young (7168K), 7 survivors (7168K)
 Metaspace       used 75522K, capacity 77676K, committed 77952K, reserved 1116160K
  class space    used 10266K, capacity 11088K, committed 11136K, reserved 1048576K
}
Event: 12.596 GC heap before
{Heap before GC invocations=37 (full 0):
 garbage-first heap   total 183296K, used 135011K [0x0000000080000000, 0x0000000100000000)
  region size 1024K, 59 young (60416K), 7 survivors (7168K)
 Metaspace       used 76230K, capacity 78444K, committed 78592K, reserved 1116160K
  class space    used 10347K, capacity 11207K, committed 11264K, reserved 1048576K
}
Event: 12.603 GC heap after
{Heap after GC invocations=38 (full 0):
 garbage-first heap   total 183296K, used 86585K [0x0000000080000000, 0x0000000100000000)
  region size 1024K, 5 young (5120K), 5 survivors (5120K)
 Metaspace       used 76230K, capacity 78444K, committed 78592K, reserved 1116160K
  class space    used 10347K, capacity 11207K, committed 11264K, reserved 1048576K
}
Event: 12.831 GC heap before
{Heap before GC invocations=38 (full 0):
 garbage-first heap   total 183296K, used 114233K [0x0000000080000000, 0x0000000100000000)
  region size 1024K, 34 young (34816K), 5 survivors (5120K)
 Metaspace       used 77486K, capacity 79706K, committed 80000K, reserved 1118208K
  class space    used 10451K, capacity 11300K, committed 11392K, reserved 1048576K
}
Event: 12.836 GC heap after
{Heap after GC invocations=39 (full 0):
 garbage-first heap   total 183296K, used 88070K [0x0000000080000000, 0x0000000100000000)
  region size 1024K, 6 young (6144K), 6 survivors (6144K)
 Metaspace       used 77486K, capacity 79706K, committed 80000K, reserved 1118208K
  class space    used 10451K, capacity 11300K, committed 11392K, reserved 1048576K
}
Event: 13.426 GC heap before
{Heap before GC invocations=40 (full 0):
 garbage-first heap   total 183296K, used 143366K [0x0000000080000000, 0x0000000100000000)
  region size 1024K, 59 young (60416K), 6 survivors (6144K)
 Metaspace       used 80395K, capacity 82480K, committed 82944K, reserved 1120256K
  class space    used 10756K, capacity 11564K, committed 11776K, reserved 1048576K
}
Event: 13.440 GC heap after
{Heap after GC invocations=41 (full 0):
 garbage-first heap   total 183296K, used 104101K [0x0000000080000000, 0x0000000100000000)
  region size 1024K, 8 young (8192K), 8 survivors (8192K)
 Metaspace       used 80395K, capacity 82480K, committed 82944K, reserved 1120256K
  class space    used 10756K, capacity 11564K, committed 11776K, reserved 1048576K
}
Event: 13.519 GC heap before
{Heap before GC invocations=41 (full 0):
 garbage-first heap   total 183296K, used 110245K [0x0000000080000000, 0x0000000100000000)
  region size 1024K, 16 young (16384K), 8 survivors (8192K)
 Metaspace       used 80411K, capacity 82480K, committed 82944K, reserved 1120256K
  class space    used 10756K, capacity 11564K, committed 11776K, reserved 1048576K
}
Event: 13.531 GC heap after
{Heap after GC invocations=42 (full 0):
 garbage-first heap   total 220160K, used 111748K [0x0000000080000000, 0x0000000100000000)
  region size 1024K, 7 young (7168K), 7 survivors (7168K)
 Metaspace       used 80411K, capacity 82480K, committed 82944K, reserved 1120256K
  class space    used 10756K, capacity 11564K, committed 11776K, reserved 1048576K
}
Event: 14.053 GC heap before
{Heap before GC invocations=43 (full 0):
 garbage-first heap   total 222208K, used 170116K [0x0000000080000000, 0x0000000100000000)
  region size 1024K, 48 young (49152K), 7 survivors (7168K)
 Metaspace       used 83583K, capacity 85634K, committed 86016K, reserved 1124352K
  class space    used 11086K, capacity 11870K, committed 12032K, reserved 1048576K
}
Event: 14.065 GC heap after
{Heap after GC invocations=44 (full 0):
 garbage-first heap   total 222208K, used 114294K [0x0000000080000000, 0x0000000100000000)
  region size 1024K, 3 young (3072K), 3 survivors (3072K)
 Metaspace       used 83583K, capacity 85634K, committed 86016K, reserved 1124352K
  class space    used 11086K, capacity 11870K, committed 12032K, reserved 1048576K
}
Event: 14.505 GC heap before
{Heap before GC invocations=44 (full 0):
 garbage-first heap   total 222208K, used 159350K [0x0000000080000000, 0x0000000100000000)
  region size 1024K, 48 young (49152K), 3 survivors (3072K)
 Metaspace       used 84929K, capacity 87111K, committed 87552K, reserved 1124352K
  class space    used 11226K, capacity 12049K, committed 12288K, reserved 1048576K
}
Event: 14.513 GC heap after
{Heap after GC invocations=45 (full 0):
 garbage-first heap   total 222208K, used 118936K [0x0000000080000000, 0x0000000100000000)
  region size 1024K, 6 young (6144K), 6 survivors (6144K)
 Metaspace       used 84929K, capacity 87111K, committed 87552K, reserved 1124352K
  class space    used 11226K, capacity 12049K, committed 12288K, reserved 1048576K
}
Event: 14.845 GC heap before
{Heap before GC invocations=46 (full 0):
 garbage-first heap   total 225280K, used 163992K [0x0000000080000000, 0x0000000100000000)
  region size 1024K, 51 young (52224K), 6 survivors (6144K)
 Metaspace       used 85835K, capacity 87967K, committed 88320K, reserved 1126400K
  class space    used 11329K, capacity 12123K, committed 12288K, reserved 1048576K
}
Event: 14.857 GC heap after
{Heap after GC invocations=47 (full 0):
 garbage-first heap   total 225280K, used 121816K [0x0000000080000000, 0x0000000100000000)
  region size 1024K, 3 young (3072K), 3 survivors (3072K)
 Metaspace       used 85835K, capacity 87967K, committed 88320K, reserved 1126400K
  class space    used 11329K, capacity 12123K, committed 12288K, reserved 1048576K
}
Event: 14.892 GC heap before
{Heap before GC invocations=47 (full 0):
 garbage-first heap   total 225280K, used 128984K [0x0000000080000000, 0x0000000100000000)
  region size 1024K, 11 young (11264K), 3 survivors (3072K)
 Metaspace       used 85933K, capacity 88128K, committed 88320K, reserved 1126400K
  class space    used 11344K, capacity 12155K, committed 12288K, reserved 1048576K
}

Deoptimization events (20 events):
Event: 14.599 Thread 0x0000016600a1c800 DEOPT PACKING pc=0x00000166643def38 sp=0x0000003c91ffba90
Event: 14.599 Thread 0x0000016600a1c800 DEOPT UNPACKING pc=0x00000166629c964e sp=0x0000003c91ffafa8 mode 0
Event: 14.620 Thread 0x0000016602486000 DEOPT PACKING pc=0x00000166640bb1b1 sp=0x0000003c910fb530
Event: 14.620 Thread 0x0000016602486000 DEOPT UNPACKING pc=0x00000166629c964e sp=0x0000003c910fa9f8 mode 0
Event: 14.626 Thread 0x000001667c7eb800 DEOPT PACKING pc=0x00000166643def38 sp=0x0000003c951fb7f0
Event: 14.626 Thread 0x000001667c7eb800 DEOPT UNPACKING pc=0x00000166629c964e sp=0x0000003c951fad08 mode 0
Event: 14.675 Thread 0x000001667c7f0000 Uncommon trap: trap_request=0xffffff76 fr.pc=0x000001666aa08f44 relative=0x0000000000000a24
Event: 14.675 Thread 0x000001667c7f0000 Uncommon trap: reason=predicate action=maybe_recompile pc=0x000001666aa08f44 method=com.google.common.collect.RegularImmutableMap.fromEntryArray(I[Ljava/util/Map$Entry;)Lcom/google/common/collect/ImmutableMap; @ 59 c2
Event: 14.675 Thread 0x000001667c7f0000 DEOPT PACKING pc=0x000001666aa08f44 sp=0x0000003c95efc470
Event: 14.675 Thread 0x000001667c7f0000 DEOPT UNPACKING pc=0x00000166629c912f sp=0x0000003c95efc418 mode 2
Event: 14.677 Thread 0x000001667c7f0000 DEOPT PACKING pc=0x00000166643f82b3 sp=0x0000003c95efc320
Event: 14.677 Thread 0x000001667c7f0000 DEOPT UNPACKING pc=0x00000166629c964e sp=0x0000003c95efb858 mode 0
Event: 14.708 Thread 0x00000166063c2800 DEOPT PACKING pc=0x0000016663f1d2a0 sp=0x0000003c963fd0c0
Event: 14.709 Thread 0x00000166063c2800 DEOPT UNPACKING pc=0x00000166629c964e sp=0x0000003c963fc5d8 mode 0
Event: 14.715 Thread 0x000001667c7f3000 DEOPT PACKING pc=0x00000166643f82b3 sp=0x0000003c960fbca0
Event: 14.715 Thread 0x000001667c7f3000 DEOPT UNPACKING pc=0x00000166629c964e sp=0x0000003c960fb1d8 mode 0
Event: 14.779 Thread 0x000001660247b000 DEOPT PACKING pc=0x00000166643f82b3 sp=0x0000003c90afbdc0
Event: 14.779 Thread 0x000001660247b000 DEOPT UNPACKING pc=0x00000166629c964e sp=0x0000003c90afb2f8 mode 0
Event: 14.842 Thread 0x000001667f9dd000 DEOPT PACKING pc=0x00000166643f82b3 sp=0x0000003c933fb250
Event: 14.842 Thread 0x000001667f9dd000 DEOPT UNPACKING pc=0x00000166629c964e sp=0x0000003c933fa788 mode 0

Classes unloaded (20 events):
Event: 13.652 Thread 0x0000016679ce3800 Unloading class 0x000000080161dc40 'org/gradle/internal/execution/steps/IdentityCacheStep$$Lambda$1094'
Event: 13.652 Thread 0x0000016679ce3800 Unloading class 0x000000080161e040 'org/gradle/internal/execution/steps/IdentityCacheStep$$Lambda$1093'
Event: 13.652 Thread 0x0000016679ce3800 Unloading class 0x000000080161ec40 'org/gradle/internal/execution/steps/SkipUpToDateStep$$Lambda$1090'
Event: 13.652 Thread 0x0000016679ce3800 Unloading class 0x000000080161e840 'org/gradle/internal/execution/steps/SkipUpToDateStep$$Lambda$1089'
Event: 13.652 Thread 0x0000016679ce3800 Unloading class 0x000000080161f440 'org/gradle/internal/execution/steps/SkipUpToDateStep$$Lambda$1088'
Event: 13.652 Thread 0x0000016679ce3800 Unloading class 0x000000080161f040 'org/gradle/internal/execution/steps/SkipUpToDateStep$$Lambda$1087'
Event: 13.652 Thread 0x0000016679ce3800 Unloading class 0x000000080161fc40 'org/gradle/internal/execution/steps/SkipUpToDateStep$$Lambda$1086'
Event: 13.652 Thread 0x0000016679ce3800 Unloading class 0x0000000801618440 'org/gradle/internal/execution/steps/SkipUpToDateStep$$Lambda$1084'
Event: 13.652 Thread 0x0000016679ce3800 Unloading class 0x0000000801618040 'org/gradle/internal/execution/steps/SkipUpToDateStep$$Lambda$1082'
Event: 13.652 Thread 0x0000016679ce3800 Unloading class 0x0000000801617c40 'org/gradle/internal/execution/steps/SkipUpToDateStep$$Lambda$1083'
Event: 13.652 Thread 0x0000016679ce3800 Unloading class 0x0000000801617840 'org/gradle/internal/execution/steps/SkipUpToDateStep$$Lambda$1078'
Event: 13.652 Thread 0x0000016679ce3800 Unloading class 0x0000000801617440 'org/gradle/internal/execution/steps/SkipUpToDateStep$$Lambda$1081'
Event: 13.652 Thread 0x0000016679ce3800 Unloading class 0x0000000801617040 'org/gradle/internal/execution/steps/SkipUpToDateStep$$Lambda$1080'
Event: 13.652 Thread 0x0000016679ce3800 Unloading class 0x0000000801616840 'org/gradle/internal/execution/steps/SkipUpToDateStep$$Lambda$1079'
Event: 13.652 Thread 0x0000016679ce3800 Unloading class 0x0000000801616440 'org/gradle/internal/execution/steps/ResolveChangesStep$$Lambda$1076'
Event: 13.652 Thread 0x0000016679ce3800 Unloading class 0x0000000801616040 'org/gradle/internal/execution/steps/ResolveChangesStep$$Lambda$1075'
Event: 13.652 Thread 0x0000016679ce3800 Unloading class 0x0000000801615c40 'org/gradle/internal/execution/steps/ResolveChangesStep$$Lambda$1073'
Event: 13.652 Thread 0x0000016679ce3800 Unloading class 0x0000000801615840 'org/gradle/internal/execution/steps/ResolveChangesStep$$Lambda$1072'
Event: 13.652 Thread 0x0000016679ce3800 Unloading class 0x0000000801615040 'org/gradle/internal/execution/steps/ResolveChangesStep$$Lambda$1071'
Event: 13.652 Thread 0x0000016679ce3800 Unloading class 0x0000000801614c40 'org/gradle/internal/execution/steps/ResolveChangesStep$$Lambda$1070'

Classes redefined (0 events):
No events

Internal exceptions (20 events):
Event: 12.120 Thread 0x0000016600a1d800 Exception <a 'java/lang/NoSuchMethodError'{0x000000008839b4e8}: 'java.lang.Object java.lang.invoke.DirectMethodHandle$Holder.invokeSpecialIFC(java.lang.Object, java.lang.Object, java.lang.Object)'> (0x000000008839b4e8) 
thrown [t:/workspace/open/src/hotspot/share/interpreter/linkResolver.cpp, line 767]
Event: 12.120 Thread 0x0000016600a17800 Exception <a 'java/lang/NoSuchMethodError'{0x00000000883b0090}: 'java.lang.Object java.lang.invoke.DirectMethodHandle$Holder.invokeSpecialIFC(java.lang.Object, java.lang.Object, java.lang.Object)'> (0x00000000883b0090) 
thrown [t:/workspace/open/src/hotspot/share/interpreter/linkResolver.cpp, line 767]
Event: 12.120 Thread 0x000001667bb0e000 Exception <a 'java/lang/NoSuchMethodError'{0x00000000887f7ce0}: 'java.lang.Object java.lang.invoke.DirectMethodHandle$Holder.invokeSpecialIFC(java.lang.Object, java.lang.Object, java.lang.Object)'> (0x00000000887f7ce0) 
thrown [t:/workspace/open/src/hotspot/share/interpreter/linkResolver.cpp, line 767]
Event: 12.120 Thread 0x000001667f9d4000 Exception <a 'java/lang/NoSuchMethodError'{0x0000000088219170}: 'java.lang.Object java.lang.invoke.DirectMethodHandle$Holder.invokeSpecialIFC(java.lang.Object, java.lang.Object, java.lang.Object)'> (0x0000000088219170) 
thrown [t:/workspace/open/src/hotspot/share/interpreter/linkResolver.cpp, line 767]
Event: 12.120 Thread 0x0000016600a1f000 Exception <a 'java/lang/NoSuchMethodError'{0x00000000883d6720}: 'java.lang.Object java.lang.invoke.DirectMethodHandle$Holder.invokeSpecialIFC(java.lang.Object, java.lang.Object, java.lang.Object)'> (0x00000000883d6720) 
thrown [t:/workspace/open/src/hotspot/share/interpreter/linkResolver.cpp, line 767]
Event: 12.153 Thread 0x0000016600a1e800 Exception <a 'java/lang/NoSuchMethodError'{0x0000000087fdc5c0}: 'int java.lang.invoke.DirectMethodHandle$Holder.invokeStaticInit(java.lang.Object, java.lang.Object, java.lang.Object, java.lang.Object, java.lang.Object)'> (0x0000000087fdc5c0) 
thrown [t:/workspace/open/src/hotspot/share/interpreter/linkResolver.cpp, line 767]
Event: 12.213 Thread 0x0000016600a1f000 Exception <a 'java/lang/NoSuchMethodError'{0x000000008ac70678}: 'void java.lang.invoke.DirectMethodHandle$Holder.invokeVirtual(java.lang.Object, java.lang.Object)'> (0x000000008ac70678) 
thrown [t:/workspace/open/src/hotspot/share/interpreter/linkResolver.cpp, line 767]
Event: 12.958 Thread 0x000001667bb0e000 Implicit null exception at 0x000001666a7ac4f4 to 0x000001666a7ac702
Event: 13.715 Thread 0x000001667bb0e000 Exception <a 'java/lang/NoSuchMethodError'{0x000000008dcee298}: static [Ljava/lang/Object;.<clinit>()V> (0x000000008dcee298) 
thrown [t:/workspace/open/src/hotspot/share/prims/jni.cpp, line 1347]
Event: 13.719 Thread 0x000001667bb0e000 Exception <a 'java/lang/NoSuchMethodError'{0x000000008db1e550}: static Lkotlin/InitializedLazyImpl;.<clinit>()V> (0x000000008db1e550) 
thrown [t:/workspace/open/src/hotspot/share/prims/jni.cpp, line 1347]
Event: 13.842 Thread 0x000001667c7f4800 Exception <a 'java/lang/NoSuchMethodError'{0x000000008c98f7e8}: 'void java.lang.invoke.DirectMethodHandle$Holder.invokeStatic(java.lang.Object, java.lang.Object, java.lang.Object, java.lang.Object, java.lang.Object, java.lang.Object, java.lang.Object)'> (0x000000008c98f7e8) 
thrown [t:/workspace/open/src/hotspot/share/interpreter/linkResolver.cpp, line 767]
Event: 14.070 Thread 0x00000166063c0800 Implicit null exception at 0x000001666a9a3eb2 to 0x000001666a9a40ee
Event: 14.471 Thread 0x000001667c7f0000 Exception <a 'java/lang/NoSuchMethodError'{0x000000008b0f4660}: static Lcom/android/build/gradle/internal/scope/InternalArtifactType;.<clinit>()V> (0x000000008b0f4660) 
thrown [t:/workspace/open/src/hotspot/share/prims/jni.cpp, line 1347]
Event: 14.471 Thread 0x000001667c7f0000 Exception <a 'java/lang/NoSuchMethodError'{0x000000008b0f5cc0}: static Lcom/android/build/gradle/internal/scope/InternalArtifactType;.<clinit>()V> (0x000000008b0f5cc0) 
thrown [t:/workspace/open/src/hotspot/share/prims/jni.cpp, line 1347]
Event: 14.471 Thread 0x000001667c7f0000 Exception <a 'java/lang/NoSuchMethodError'{0x000000008b0f8170}: static Lcom/android/build/api/artifact/Artifact$Single;.<clinit>()V> (0x000000008b0f8170) 
thrown [t:/workspace/open/src/hotspot/share/prims/jni.cpp, line 1347]
Event: 14.473 Thread 0x000001667c7f0000 Exception <a 'java/lang/NoSuchMethodError'{0x000000008ac0ec28}: static Lcom/android/build/api/artifact/ArtifactKind;.<clinit>()V> (0x000000008ac0ec28) 
thrown [t:/workspace/open/src/hotspot/share/prims/jni.cpp, line 1347]
Event: 14.473 Thread 0x000001667c7f0000 Exception <a 'java/lang/NoSuchMethodError'{0x000000008ac10160}: static Lcom/android/build/api/artifact/ArtifactKind;.<clinit>()V> (0x000000008ac10160) 
thrown [t:/workspace/open/src/hotspot/share/prims/jni.cpp, line 1347]
Event: 14.695 Thread 0x000001667c7f0000 Exception <a 'java/lang/NoSuchMethodError'{0x000000008d39b958}: static Lcom/android/builder/internal/aapt/AaptOptions;.<clinit>()V> (0x000000008d39b958) 
thrown [t:/workspace/open/src/hotspot/share/prims/jni.cpp, line 1347]
Event: 14.700 Thread 0x000001667c7f0000 Exception <a 'java/lang/NoSuchMethodError'{0x000000008d3e0b38}: static Lcom/android/build/api/variant/impl/VariantOutputImpl$SerializedForm;.<clinit>()V> (0x000000008d3e0b38) 
thrown [t:/workspace/open/src/hotspot/share/prims/jni.cpp, line 1347]
Event: 14.701 Thread 0x000001667c7f0000 Exception <a 'java/lang/NoSuchMethodError'{0x000000008d3f34b0}: static Lcom/android/build/api/variant/impl/VariantOutputConfigurationImpl;.<clinit>()V> (0x000000008d3f34b0) 
thrown [t:/workspace/open/src/hotspot/share/prims/jni.cpp, line 1347]

Events (20 events):
Event: 14.884 loading class kotlin/reflect/jvm/internal/impl/load/kotlin/PackagePartProvider
Event: 14.884 loading class kotlin/reflect/jvm/internal/impl/load/kotlin/PackagePartProvider done
Event: 14.884 Executing VM operation: HandshakeAllThreads done
Event: 14.884 loading class kotlin/reflect/jvm/internal/impl/load/java/AnnotationTypeQualifierResolver
Event: 14.884 loading class kotlin/reflect/jvm/internal/impl/load/java/AnnotationTypeQualifierResolver done
Event: 14.886 Thread 0x0000016679d2e000 flushing nmethod 0x000001666a787610
Event: 14.886 Thread 0x0000016679d2e000 flushing nmethod 0x000001666a8b4090
Event: 14.887 loading class kotlin/reflect/jvm/internal/impl/utils/JavaTypeEnhancementState
Event: 14.887 loading class kotlin/reflect/jvm/internal/impl/utils/JavaTypeEnhancementState done
Event: 14.887 Thread 0x0000016679d2e000 flushing nmethod 0x000001666a90d010
Event: 14.887 Thread 0x0000016679d2e000 flushing nmethod 0x000001666a99dc10
Event: 14.888 loading class kotlin/reflect/jvm/internal/impl/utils/JavaTypeEnhancementState$Companion
Event: 14.888 loading class kotlin/reflect/jvm/internal/impl/utils/JavaTypeEnhancementState$Companion done
Event: 14.889 loading class kotlin/reflect/jvm/internal/impl/utils/ReportLevel
Event: 14.889 loading class kotlin/reflect/jvm/internal/impl/utils/ReportLevel done
Event: 14.891 loading class kotlin/reflect/jvm/internal/impl/utils/ReportLevel$Companion
Event: 14.891 loading class kotlin/reflect/jvm/internal/impl/utils/ReportLevel$Companion done
Event: 14.891 loading class kotlin/reflect/jvm/internal/impl/utils/JavaTypeEnhancementState$description$2
Event: 14.891 loading class kotlin/reflect/jvm/internal/impl/utils/JavaTypeEnhancementState$description$2 done
Event: 14.892 Executing VM operation: G1CollectForAllocation


Dynamic libraries:
0x00007ff77fab0000 - 0x00007ff77fabf000 	C:\Program Files\Java\jdk-13.0.2\bin\java.exe
0x00007ff8b6890000 - 0x00007ff8b6a85000 	C:\WINDOWS\SYSTEM32\ntdll.dll
0x00007ff8b5200000 - 0x00007ff8b52be000 	C:\WINDOWS\System32\KERNEL32.DLL
0x00007ff8b3fb0000 - 0x00007ff8b4278000 	C:\WINDOWS\System32\KERNELBASE.dll
0x00007ff8b4640000 - 0x00007ff8b4740000 	C:\WINDOWS\System32\ucrtbase.dll
0x00007ff88ea60000 - 0x00007ff88ea75000 	C:\Program Files\Java\jdk-13.0.2\bin\VCRUNTIME140.dll
0x00007ff88ea40000 - 0x00007ff88ea58000 	C:\Program Files\Java\jdk-13.0.2\bin\jli.dll
0x00007ff8b6700000 - 0x00007ff8b67ae000 	C:\WINDOWS\System32\ADVAPI32.dll
0x00007ff8b52c0000 - 0x00007ff8b535e000 	C:\WINDOWS\System32\msvcrt.dll
0x00007ff8b67b0000 - 0x00007ff8b684c000 	C:\WINDOWS\System32\sechost.dll
0x00007ff8b5070000 - 0x00007ff8b5195000 	C:\WINDOWS\System32\RPCRT4.dll
0x00007ff8b48f0000 - 0x00007ff8b4a90000 	C:\WINDOWS\System32\USER32.dll
0x00007ff8b4330000 - 0x00007ff8b4352000 	C:\WINDOWS\System32\win32u.dll
0x00007ff8a6250000 - 0x00007ff8a64ea000 	C:\WINDOWS\WinSxS\amd64_microsoft.windows.common-controls_6595b64144ccf1df_6.0.19041.1110_none_60b5254171f9507e\COMCTL32.dll
0x00007ff8b4f60000 - 0x00007ff8b4f8a000 	C:\WINDOWS\System32\GDI32.dll
0x00007ff8b4530000 - 0x00007ff8b463b000 	C:\WINDOWS\System32\gdi32full.dll
0x00007ff8b4360000 - 0x00007ff8b43fd000 	C:\WINDOWS\System32\msvcp_win.dll
0x00007ff8ad6f0000 - 0x00007ff8ad6fa000 	C:\WINDOWS\SYSTEM32\VERSION.dll
0x00007ff8b6530000 - 0x00007ff8b6560000 	C:\WINDOWS\System32\IMM32.DLL
0x00007ff87f6e0000 - 0x00007ff87f77b000 	C:\Program Files\Java\jdk-13.0.2\bin\msvcp140.dll
0x00007ff870650000 - 0x00007ff8711ad000 	C:\Program Files\Java\jdk-13.0.2\bin\server\jvm.dll
0x00007ff8b6240000 - 0x00007ff8b6248000 	C:\WINDOWS\System32\PSAPI.DLL
0x00007ff8a6bd0000 - 0x00007ff8a6bf7000 	C:\WINDOWS\SYSTEM32\WINMM.dll
0x00007ff894b30000 - 0x00007ff894b39000 	C:\WINDOWS\SYSTEM32\WSOCK32.dll
0x00007ff8b64c0000 - 0x00007ff8b652b000 	C:\WINDOWS\System32\WS2_32.dll
0x00007ff8b2870000 - 0x00007ff8b2882000 	C:\WINDOWS\SYSTEM32\kernel.appcore.dll
0x00007ff8aea90000 - 0x00007ff8aeaa0000 	C:\Program Files\Java\jdk-13.0.2\bin\verify.dll
0x00007ff899100000 - 0x00007ff8992e4000 	C:\WINDOWS\SYSTEM32\DBGHELP.DLL
0x00007ff8990d0000 - 0x00007ff8990fc000 	C:\WINDOWS\SYSTEM32\dbgcore.DLL
0x00007ff8b44a0000 - 0x00007ff8b4522000 	C:\WINDOWS\System32\bcryptPrimitives.dll
0x00007ff885b00000 - 0x00007ff885b26000 	C:\Program Files\Java\jdk-13.0.2\bin\java.dll
0x00007ff884120000 - 0x00007ff884137000 	C:\Program Files\Java\jdk-13.0.2\bin\zip.dll
0x00007ff8aea50000 - 0x00007ff8aea5a000 	C:\Program Files\Java\jdk-13.0.2\bin\jimage.dll
0x00007ff8b5560000 - 0x00007ff8b5ca4000 	C:\WINDOWS\System32\SHELL32.dll
0x00007ff8b2070000 - 0x00007ff8b2804000 	C:\WINDOWS\SYSTEM32\windows.storage.dll
0x00007ff8b5cb0000 - 0x00007ff8b6004000 	C:\WINDOWS\System32\combase.dll
0x00007ff8b3a20000 - 0x00007ff8b3a4c000 	C:\WINDOWS\SYSTEM32\Wldp.dll
0x00007ff8b6010000 - 0x00007ff8b60bd000 	C:\WINDOWS\System32\SHCORE.dll
0x00007ff8b51a0000 - 0x00007ff8b51f5000 	C:\WINDOWS\System32\shlwapi.dll
0x00007ff8b3ef0000 - 0x00007ff8b3f0f000 	C:\WINDOWS\SYSTEM32\profapi.dll
0x00007ff8836c0000 - 0x00007ff8836d9000 	C:\Program Files\Java\jdk-13.0.2\bin\net.dll
0x00007ff8ab000000 - 0x00007ff8ab10a000 	C:\WINDOWS\SYSTEM32\WINHTTP.dll
0x00007ff8b3730000 - 0x00007ff8b379a000 	C:\WINDOWS\system32\mswsock.dll
0x00007ff8836a0000 - 0x00007ff8836b3000 	C:\Program Files\Java\jdk-13.0.2\bin\nio.dll
0x00007ff87a740000 - 0x00007ff87a767000 	C:\Users\alopezorozco\.gradle\native\e1d6ef7f7dcc3fd88c89a11ec53ec762bb8ba0a96d01ffa2cd45eb1d1d8dd5c5\windows-amd64\native-platform.dll
0x00007ff8717d0000 - 0x00007ff871914000 	C:\Users\alopezorozco\.gradle\native\5664cfc778a61ccfe75a443a1ab52a65af34e5dc3c78e0209fed803814484fcb\windows-amd64\native-platform-file-events.dll
0x00007ff8a5160000 - 0x00007ff8a5169000 	C:\Program Files\Java\jdk-13.0.2\bin\management.dll
0x00007ff8997a0000 - 0x00007ff8997ab000 	C:\Program Files\Java\jdk-13.0.2\bin\management_ext.dll
0x00007ff8b3950000 - 0x00007ff8b3968000 	C:\WINDOWS\SYSTEM32\CRYPTSP.dll
0x00007ff8b3050000 - 0x00007ff8b3084000 	C:\WINDOWS\system32\rsaenh.dll
0x00007ff8b4400000 - 0x00007ff8b4427000 	C:\WINDOWS\System32\bcrypt.dll
0x00007ff8b3eb0000 - 0x00007ff8b3ede000 	C:\WINDOWS\SYSTEM32\USERENV.dll
0x00007ff8b3970000 - 0x00007ff8b397c000 	C:\WINDOWS\SYSTEM32\CRYPTBASE.dll
0x00007ff8b33e0000 - 0x00007ff8b341b000 	C:\WINDOWS\SYSTEM32\IPHLPAPI.DLL
0x00007ff8b66f0000 - 0x00007ff8b66f8000 	C:\WINDOWS\System32\NSI.dll
0x00007ff8ad840000 - 0x00007ff8ad857000 	C:\WINDOWS\SYSTEM32\dhcpcsvc6.DLL
0x00007ff8ad820000 - 0x00007ff8ad83d000 	C:\WINDOWS\SYSTEM32\dhcpcsvc.DLL
0x00007ff8b3420000 - 0x00007ff8b34eb000 	C:\WINDOWS\SYSTEM32\DNSAPI.dll
0x00007ff8b2c80000 - 0x00007ff8b2cb3000 	C:\WINDOWS\SYSTEM32\ntmarta.dll

dbghelp: loaded successfully - version: 4.0.5 - missing functions: none
symbol engine: initialized successfully - sym options: 0x614 - pdb path: .;C:\Program Files\Java\jdk-13.0.2\bin;C:\WINDOWS\SYSTEM32;C:\WINDOWS\WinSxS\amd64_microsoft.windows.common-controls_6595b64144ccf1df_6.0.19041.1110_none_60b5254171f9507e;C:\Program Files\Java\jdk-13.0.2\bin\server;C:\Users\alopezorozco\.gradle\native\e1d6ef7f7dcc3fd88c89a11ec53ec762bb8ba0a96d01ffa2cd45eb1d1d8dd5c5\windows-amd64;C:\Users\alopezorozco\.gradle\native\5664cfc778a61ccfe75a443a1ab52a65af34e5dc3c78e0209fed803814484fcb\windows-amd64

VM Arguments:
jvm_args: --add-opens=java.base/java.util=ALL-UNNAMED --add-opens=java.base/java.lang=ALL-UNNAMED --add-opens=java.base/java.lang.invoke=ALL-UNNAMED --add-opens=java.base/java.util=ALL-UNNAMED --add-opens=java.prefs/java.util.prefs=ALL-UNNAMED --add-opens=java.prefs/java.util.prefs=ALL-UNNAMED --add-opens=java.base/java.nio.charset=ALL-UNNAMED --add-opens=java.base/java.net=ALL-UNNAMED --add-opens=java.base/java.util.concurrent.atomic=ALL-UNNAMED -Xmx2048m -Dfile.encoding=UTF-8 -Duser.country=MX -Duser.language=es -Duser.variant 
java_command: org.gradle.launcher.daemon.bootstrap.GradleDaemon 7.2
java_class_path (initial): C:\Users\alopezorozco\.gradle\wrapper\dists\gradle-7.2-bin\2dnblmf4td7x66yl1d74lt32g\gradle-7.2\lib\gradle-launcher-7.2.jar
Launcher Type: SUN_STANDARD

[Global flags]
     intx CICompilerCount                          = 4                                         {product} {ergonomic}
     uint ConcGCThreads                            = 2                                         {product} {ergonomic}
     uint G1ConcRefinementThreads                  = 8                                         {product} {ergonomic}
   size_t G1HeapRegionSize                         = 1048576                                   {product} {ergonomic}
    uintx GCDrainStackTargetSize                   = 64                                        {product} {ergonomic}
   size_t InitialHeapSize                          = 268435456                                 {product} {ergonomic}
   size_t MarkStackSize                            = 4194304                                   {product} {ergonomic}
   size_t MaxHeapSize                              = 2147483648                                {product} {command line}
   size_t MaxNewSize                               = 1287651328                                {product} {ergonomic}
   size_t MinHeapDeltaBytes                        = 1048576                                   {product} {ergonomic}
   size_t MinHeapSize                              = 8388608                                   {product} {ergonomic}
    uintx NonNMethodCodeHeapSize                   = 5839372                                {pd product} {ergonomic}
    uintx NonProfiledCodeHeapSize                  = 122909434                              {pd product} {ergonomic}
    uintx ProfiledCodeHeapSize                     = 122909434                              {pd product} {ergonomic}
    uintx ReservedCodeCacheSize                    = 251658240                              {pd product} {ergonomic}
     bool SegmentedCodeCache                       = true                                      {product} {ergonomic}
   size_t SoftMaxHeapSize                          = 2147483648                             {manageable} {ergonomic}
     bool UseCompressedClassPointers               = true                                 {lp64_product} {ergonomic}
     bool UseCompressedOops                        = true                                 {lp64_product} {ergonomic}
     bool UseG1GC                                  = true                                      {product} {ergonomic}
     bool UseLargePagesIndividualAllocation        = false                                  {pd product} {ergonomic}

Logging:
Log output configuration:
 #0: stdout all=warning uptime,level,tags
 #1: stderr all=off uptime,level,tags

Environment Variables:
JAVA_HOME=C:\Program Files\Java\jre1.8.0_171
PATH=C:\Python310\Scripts\;C:\Python310\;C:\Program Files (x86)\Common Files\Oracle\Java\javapath;C:\Program Files (x86)\Intel\iCLS Client\;C:\Program Files\Intel\iCLS Client\;C:\Windows\system32;C:\Windows;C:\Windows\System32\Wbem;C:\Windows\System32\WindowsPowerShell\v1.0\;C:\Program Files (x86)\Intel\Intel(R) Management Engine Components\DAL;C:\Program Files\Intel\Intel(R) Management Engine Components\DAL;C:\Program Files (x86)\Intel\Intel(R) Management Engine Components\IPT;C:\Program Files\Intel\Intel(R) Management Engine Components\IPT;C:\Program Files (x86)\NVIDIA Corporation\PhysX\Common;D:\Program Files (x86)\php-8;C:\Program Files (x86)\Common Files\Acronis\VirtualFile\;C:\Program Files (x86)\Common Files\Acronis\VirtualFile64\;C:\Program Files (x86)\Common Files\Acronis\SnapAPI\;C:\WINDOWS\system32;C:\WINDOWS;C:\WINDOWS\System32\Wbem;C:\WINDOWS\System32\WindowsPowerShell\v1.0\;C:\WINDOWS\System32\OpenSSH\;C:\Program Files\Java\jre1.8.0_171\bin;C:\Program Files\Symfony;C:\Program Files (x86)\Google\Cloud SDK\google-cloud-sdk\bin;C:\Program Files\PuTTY\;C:\ProgramData\ComposerSetup\bin;C:\Program Files\Git\cmd;C:\Program Files\nodejs\;C:\ProgramData\chocolatey\bin;C:\maven\bin;D:\Program Files (x86)\php-8\php.exe;D:\symfony_projects\guestbook\node_modules\.bin;C:\Program Fil;D:\Archivos de Programa\Microsoft VS Code\bin
USERNAME=alopezorozco
OS=Windows_NT
PROCESSOR_IDENTIFIER=Intel64 Family 6 Model 158 Stepping 9, GenuineIntel



---------------  S Y S T E M  ---------------

OS: Windows 10 , 64 bit Build 19041 (10.0.19041.1645)
HyperV virtualization detected

CPU:total 8 (initial active 8) (4 cores per cpu, 2 threads per core) family 6 model 158 stepping 9, cmov, cx8, fxsr, mmx, sse, sse2, sse3, ssse3, sse4.1, sse4.2, popcnt, avx, avx2, aes, clmul, erms, 3dnowpref, lzcnt, ht, tsc, tscinvbit, bmi1, bmi2, adx, fma

Memory: 4k page, system-wide physical 16267M (3533M free)
TotalPageFile size 16267M (AvailPageFile size 21M)
current process WorkingSet (physical memory assigned to process): 520M, peak: 520M
current process commit charge ("private bytes"): 569M, peak: 601M

vm_info: Java HotSpot(TM) 64-Bit Server VM (13.0.2+8) for windows-amd64 JRE (13.0.2+8), built on Dec 11 2019 09:20:33 by "mach5one" with unknown MS VC++:1916

END.
