#
# There is insufficient memory for the Java Runtime Environment to continue.
# Native memory allocation (mmap) failed to map 38797312 bytes for Failed to commit area from 0x000000008ad00000 to 0x000000008d200000 of length 38797312.
# Possible reasons:
#   The system is out of physical RAM or swap space
#   The process is running with CompressedOops enabled, and the Java Heap may be blocking the growth of the native heap
# Possible solutions:
#   Reduce memory load on the system
#   Increase physical memory or swap space
#   Check if swap backing store is full
#   Decrease Java heap size (-Xmx/-Xms)
#   Decrease number of Java threads
#   Decrease Java thread stack sizes (-Xss)
#   Set larger code cache with -XX:ReservedCodeCacheSize=
#   JVM is running with Unscaled Compressed Oops mode in which the Java heap is
#     placed in the first 4GB address space. The Java Heap base address is the
#     maximum limit for the native heap growth. Please use -XX:HeapBaseMinAddress
#     to set the Java Heap base and to place the Java Heap above 4GB virtual address.
# This output file may be truncated or incomplete.
#
#  Out of Memory Error (t:/workspace/open/src/hotspot/os/windows/os_windows.cpp:3301), pid=17788, tid=18152
#
# JRE version: Java(TM) SE Runtime Environment (13.0.2+8) (build 13.0.2+8)
# Java VM: Java HotSpot(TM) 64-Bit Server VM (13.0.2+8, mixed mode, sharing, tiered, compressed oops, g1 gc, windows-amd64)
# No core dump will be written. Minidumps are not enabled by default on client versions of Windows
#

---------------  S U M M A R Y ------------

Command Line: --add-opens=java.base/java.util=ALL-UNNAMED --add-opens=java.base/java.lang=ALL-UNNAMED --add-opens=java.base/java.lang.invoke=ALL-UNNAMED --add-opens=java.base/java.util=ALL-UNNAMED --add-opens=java.prefs/java.util.prefs=ALL-UNNAMED --add-opens=java.prefs/java.util.prefs=ALL-UNNAMED --add-opens=java.base/java.nio.charset=ALL-UNNAMED --add-opens=java.base/java.net=ALL-UNNAMED --add-opens=java.base/java.util.concurrent.atomic=ALL-UNNAMED -Xmx2048m -Dfile.encoding=UTF-8 -Duser.country=MX -Duser.language=es -Duser.variant org.gradle.launcher.daemon.bootstrap.GradleDaemon 7.2

Host: Intel(R) Core(TM) i7-7700HQ CPU @ 2.80GHz, 8 cores, 15G,  Windows 10 , 64 bit Build 19041 (10.0.19041.1645)
Time: Sun May  8 15:55:03 2022 Hora de verano central (México) elapsed time: 13 seconds (0d 0h 0m 13s)

---------------  T H R E A D  ---------------

Current thread (0x00000239416b2800):  VMThread "VM Thread" [stack: 0x000000faad800000,0x000000faad900000] [id=18152]

Stack: [0x000000faad800000,0x000000faad900000]
[error occurred during error reporting (printing stack bounds), id 0xc0000005, EXCEPTION_ACCESS_VIOLATION (0xc0000005) at pc=0x000002392aba10ad]

Native frames: (J=compiled Java code, j=interpreted, Vv=VM code, C=native code)
V  [jvm.dll+0x624f9a]
V  [jvm.dll+0x770cfa]
V  [jvm.dll+0x7724af]
V  [jvm.dll+0x772a15]
V  [jvm.dll+0x7729cb]
V  [jvm.dll+0x6244df]
C  [ntdll.dll+0x78a3c]
C  [ntdll.dll+0x51276]
C  [ntdll.dll+0xa0bfe]
C  0x000002392aba10ad

VM_Operation (0x000000fab60f8970): G1CollectForAllocation, mode: safepoint, requested by thread 0x0000023945933000


---------------  P R O C E S S  ---------------

Threads class SMR info:
_java_thread_list=0x00000239457eec00, length=133, elements={
0x000002392268e000, 0x00000239416b3800, 0x00000239416b5800, 0x00000239416ce800,
0x00000239416cf800, 0x00000239416d1000, 0x00000239416d5000, 0x00000239416db000,
0x000002394209a000, 0x00000239420aa800, 0x0000023944ba7800, 0x000002394279d000,
0x0000023944215000, 0x00000239431e7000, 0x0000023943172000, 0x0000023944616000,
0x0000023944045800, 0x000002394417d800, 0x0000023943ce8800, 0x00000239445a9800,
0x0000023944b14800, 0x0000023944b13000, 0x0000023944b0f800, 0x0000023944ada000,
0x0000023943d59000, 0x0000023944b15800, 0x0000023944b11000, 0x0000023944b13800,
0x0000023944b16000, 0x0000023944b10800, 0x0000023944b12000, 0x000002394861a000,
0x000002394861b800, 0x000002394861c800, 0x0000023948619000, 0x0000023948618800,
0x000002394861e000, 0x000002394861f000, 0x000002394861b000, 0x0000023945012000,
0x000002394500c800, 0x000002394500f000, 0x0000023945011000, 0x000002394500f800,
0x0000023945010800, 0x0000023945013000, 0x000002394500d000, 0x0000023945013800,
0x000002394500e000, 0x0000023945015800, 0x0000023945017000, 0x0000023945019800,
0x000002394501a000, 0x0000023945016000, 0x0000023945014800, 0x000002394501b000,
0x0000023945018000, 0x0000023945018800, 0x000002394862f000, 0x000002394862e000,
0x0000023948630000, 0x0000023948630800, 0x0000023948631800, 0x0000023948632000,
0x0000023948633000, 0x000002394862d800, 0x0000023948635800, 0x0000023948634000,
0x0000023948639000, 0x0000023948636800, 0x0000023948637000, 0x0000023948638000,
0x0000023948639800, 0x000002394863a800, 0x0000023948634800, 0x000002394863b000,
0x000002394863c000, 0x0000023948c0a000, 0x0000023948c07800, 0x0000023948c0b000,
0x0000023948c08800, 0x0000023948c09800, 0x0000023948c0b800, 0x0000023948c06000,
0x0000023948c0c800, 0x0000023948c07000, 0x0000023948c0f000, 0x0000023948c12800,
0x0000023948c0d800, 0x0000023948c10000, 0x0000023948c10800, 0x0000023948c11800,
0x0000023948c13000, 0x0000023948c14000, 0x0000023948c0e000, 0x0000023948c14800,
0x0000023948acb800, 0x0000023948ace000, 0x0000023948acc000, 0x0000023948ace800,
0x0000023948acd000, 0x0000023948acf800, 0x0000023948aca800, 0x0000023948ad1000,
0x0000023948ad2000, 0x0000023948ad4800, 0x0000023948ad2800, 0x0000023948ad6000,
0x0000023948ad3800, 0x0000023948ad0800, 0x0000023948ad7000, 0x0000023948ad5000,
0x0000023948ad7800, 0x0000023948ad9000, 0x0000023948ad8800, 0x000002394592c000,
0x0000023945928000, 0x0000023945928800, 0x0000023945929800, 0x000002394592a000,
0x000002394592b000, 0x0000023945926000, 0x000002394592c800, 0x0000023945927000,
0x0000023945931000, 0x0000023945931800, 0x0000023945930000, 0x0000023945933000,
0x0000023945932800, 0x0000023945934000, 0x000002394592e800, 0x0000023945935000,
0x000002394592f000
}

Java Threads: ( => current thread )
  0x000002392268e000 JavaThread "main" [_thread_blocked, id=5780, stack(0x000000faad200000,0x000000faad300000)]
  0x00000239416b3800 JavaThread "Reference Handler" daemon [_thread_blocked, id=14864, stack(0x000000faad900000,0x000000faada00000)]
  0x00000239416b5800 JavaThread "Finalizer" daemon [_thread_blocked, id=15984, stack(0x000000faada00000,0x000000faadb00000)]
  0x00000239416ce800 JavaThread "Signal Dispatcher" daemon [_thread_blocked, id=4264, stack(0x000000faadb00000,0x000000faadc00000)]
  0x00000239416cf800 JavaThread "Attach Listener" daemon [_thread_blocked, id=14552, stack(0x000000faadc00000,0x000000faadd00000)]
  0x00000239416d1000 JavaThread "C2 CompilerThread0" daemon [_thread_blocked, id=15932, stack(0x000000faadd00000,0x000000faade00000)]
  0x00000239416d5000 JavaThread "C1 CompilerThread0" daemon [_thread_blocked, id=17168, stack(0x000000faade00000,0x000000faadf00000)]
  0x00000239416db000 JavaThread "Sweeper thread" daemon [_thread_blocked, id=7944, stack(0x000000faadf00000,0x000000faae000000)]
  0x000002394209a000 JavaThread "Common-Cleaner" daemon [_thread_blocked, id=16804, stack(0x000000faae000000,0x000000faae100000)]
  0x00000239420aa800 JavaThread "Service Thread" daemon [_thread_blocked, id=4256, stack(0x000000faae100000,0x000000faae200000)]
  0x0000023944ba7800 JavaThread "Daemon health stats" [_thread_blocked, id=1576, stack(0x000000faaea00000,0x000000faaeb00000)]
  0x000002394279d000 JavaThread "Incoming local TCP Connector on port 49311" [_thread_in_native, id=15404, stack(0x000000faae300000,0x000000faae400000)]
  0x0000023944215000 JavaThread "Daemon periodic checks" [_thread_blocked, id=12364, stack(0x000000faae400000,0x000000faae500000)]
  0x00000239431e7000 JavaThread "Daemon" [_thread_blocked, id=1952, stack(0x000000faaeb00000,0x000000faaec00000)]
  0x0000023943172000 JavaThread "Handler for socket connection from /127.0.0.1:49311 to /127.0.0.1:49312" [_thread_in_native, id=1528, stack(0x000000faaec00000,0x000000faaed00000)]
  0x0000023944616000 JavaThread "Cancel handler" [_thread_blocked, id=17724, stack(0x000000faaed00000,0x000000faaee00000)]
  0x0000023944045800 JavaThread "Daemon worker" [_thread_blocked, id=13204, stack(0x000000faaee00000,0x000000faaef00000)]
  0x000002394417d800 JavaThread "Asynchronous log dispatcher for DefaultDaemonConnection: socket connection from /127.0.0.1:49311 to /127.0.0.1:49312" [_thread_blocked, id=4008, stack(0x000000faaef00000,0x000000faaf000000)]
  0x0000023943ce8800 JavaThread "Stdin handler" [_thread_blocked, id=5576, stack(0x000000faaf000000,0x000000faaf100000)]
  0x00000239445a9800 JavaThread "Daemon client event forwarder" [_thread_blocked, id=2568, stack(0x000000faaf100000,0x000000faaf200000)]
  0x0000023944b14800 JavaThread "Cache worker for journal cache (C:\Users\alopezorozco\.gradle\caches\journal-1)" [_thread_blocked, id=13476, stack(0x000000faaf400000,0x000000faaf500000)]
  0x0000023944b13000 JavaThread "File lock request listener" [_thread_in_native, id=12688, stack(0x000000faaf500000,0x000000faaf600000)]
  0x0000023944b0f800 JavaThread "Cache worker for file hash cache (C:\Users\alopezorozco\.gradle\caches\7.2\fileHashes)" [_thread_blocked, id=13272, stack(0x000000faaf600000,0x000000faaf700000)]
  0x0000023944ada000 JavaThread "C2 CompilerThread1" daemon [_thread_blocked, id=11196, stack(0x000000faaf700000,0x000000faaf800000)]
  0x0000023943d59000 JavaThread "C2 CompilerThread2" daemon [_thread_in_native, id=9648, stack(0x000000faaf800000,0x000000faaf900000)]
  0x0000023944b15800 JavaThread "Cache worker for file hash cache (D:\alopezorozco\Documents\EJ2022\AndroidProjects\Adivinar_Palabras_Firebase\.gradle\7.2\fileHashes)" [_thread_blocked, id=20068, stack(0x000000faaf900000,0x000000faafa00000)]
  0x0000023944b11000 JavaThread "File watcher server" daemon [_thread_blocked, id=15524, stack(0x000000faafa00000,0x000000faafb00000)]
  0x0000023944b13800 JavaThread "File watcher consumer" daemon [_thread_blocked, id=19852, stack(0x000000faafb00000,0x000000faafc00000)]
  0x0000023944b16000 JavaThread "Cache worker for checksums cache (D:\alopezorozco\Documents\EJ2022\AndroidProjects\Adivinar_Palabras_Firebase\.gradle\checksums)" [_thread_blocked, id=15564, stack(0x000000faafc00000,0x000000faafd00000)]
  0x0000023944b10800 JavaThread "Cache worker for cache directory md-supplier (C:\Users\alopezorozco\.gradle\caches\7.2\md-supplier)" [_thread_blocked, id=5020, stack(0x000000faafd00000,0x000000faafe00000)]
  0x0000023944b12000 JavaThread "Cache worker for cache directory md-rule (C:\Users\alopezorozco\.gradle\caches\7.2\md-rule)" [_thread_blocked, id=10000, stack(0x000000faafe00000,0x000000faaff00000)]
  0x000002394861a000 JavaThread "Cache worker for execution history cache (C:\Users\alopezorozco\.gradle\caches\7.2\executionHistory)" [_thread_blocked, id=14700, stack(0x000000fab0000000,0x000000fab0100000)]
  0x000002394861b800 JavaThread "jar transforms" [_thread_blocked, id=7900, stack(0x000000fab0100000,0x000000fab0200000)]
  0x000002394861c800 JavaThread "Cache worker for file content cache (C:\Users\alopezorozco\.gradle\caches\7.2\fileContent)" [_thread_blocked, id=3472, stack(0x000000fab0200000,0x000000fab0300000)]
  0x0000023948619000 JavaThread "jar transforms Thread 2" [_thread_blocked, id=4084, stack(0x000000fab0300000,0x000000fab0400000)]
  0x0000023948618800 JavaThread "Cache worker for dependencies-accessors (D:\alopezorozco\Documents\EJ2022\AndroidProjects\Adivinar_Palabras_Firebase\.gradle\7.2\dependencies-accessors)" [_thread_blocked, id=10856, stack(0x000000fab0400000,0x000000fab0500000)]
  0x000002394861e000 JavaThread "jar transforms Thread 3" [_thread_blocked, id=18352, stack(0x000000fab0500000,0x000000fab0600000)]
  0x000002394861f000 JavaThread "Cache worker for Build Output Cleanup Cache (D:\alopezorozco\Documents\EJ2022\AndroidProjects\Adivinar_Palabras_Firebase\.gradle\buildOutputCleanup)" [_thread_blocked, id=11376, stack(0x000000fab0600000,0x000000fab0700000)]
  0x000002394861b000 JavaThread "Unconstrained build operations" [_thread_blocked, id=17480, stack(0x000000fab0700000,0x000000fab0800000)]
  0x0000023945012000 JavaThread "Unconstrained build operations Thread 2" [_thread_blocked, id=4000, stack(0x000000fab0800000,0x000000fab0900000)]
  0x000002394500c800 JavaThread "Unconstrained build operations Thread 3" [_thread_blocked, id=1488, stack(0x000000fab0900000,0x000000fab0a00000)]
  0x000002394500f000 JavaThread "Unconstrained build operations Thread 4" [_thread_blocked, id=16272, stack(0x000000fab0a00000,0x000000fab0b00000)]
  0x0000023945011000 JavaThread "Unconstrained build operations Thread 5" [_thread_blocked, id=9288, stack(0x000000fab0b00000,0x000000fab0c00000)]
  0x000002394500f800 JavaThread "Unconstrained build operations Thread 6" [_thread_blocked, id=15680, stack(0x000000fab0c00000,0x000000fab0d00000)]
  0x0000023945010800 JavaThread "Unconstrained build operations Thread 7" [_thread_blocked, id=13344, stack(0x000000fab0d00000,0x000000fab0e00000)]
  0x0000023945013000 JavaThread "Unconstrained build operations Thread 8" [_thread_blocked, id=20180, stack(0x000000fab0e00000,0x000000fab0f00000)]
  0x000002394500d000 JavaThread "Unconstrained build operations Thread 9" [_thread_blocked, id=18808, stack(0x000000fab0f00000,0x000000fab1000000)]
  0x0000023945013800 JavaThread "Unconstrained build operations Thread 10" [_thread_blocked, id=15300, stack(0x000000fab1000000,0x000000fab1100000)]
  0x000002394500e000 JavaThread "Unconstrained build operations Thread 11" [_thread_blocked, id=8120, stack(0x000000fab1100000,0x000000fab1200000)]
  0x0000023945015800 JavaThread "Unconstrained build operations Thread 12" [_thread_blocked, id=9888, stack(0x000000fab1200000,0x000000fab1300000)]
  0x0000023945017000 JavaThread "Unconstrained build operations Thread 13" [_thread_blocked, id=16604, stack(0x000000fab1300000,0x000000fab1400000)]
  0x0000023945019800 JavaThread "Unconstrained build operations Thread 14" [_thread_blocked, id=13632, stack(0x000000fab1400000,0x000000fab1500000)]
  0x000002394501a000 JavaThread "Unconstrained build operations Thread 15" [_thread_blocked, id=4328, stack(0x000000fab1500000,0x000000fab1600000)]
  0x0000023945016000 JavaThread "Unconstrained build operations Thread 16" [_thread_blocked, id=13940, stack(0x000000fab1600000,0x000000fab1700000)]
  0x0000023945014800 JavaThread "Unconstrained build operations Thread 17" [_thread_blocked, id=5812, stack(0x000000fab1700000,0x000000fab1800000)]
  0x000002394501b000 JavaThread "Unconstrained build operations Thread 18" [_thread_blocked, id=5448, stack(0x000000fab1800000,0x000000fab1900000)]
  0x0000023945018000 JavaThread "Unconstrained build operations Thread 19" [_thread_blocked, id=16048, stack(0x000000fab1900000,0x000000fab1a00000)]
  0x0000023945018800 JavaThread "Unconstrained build operations Thread 20" [_thread_blocked, id=5616, stack(0x000000fab1a00000,0x000000fab1b00000)]
  0x000002394862f000 JavaThread "Unconstrained build operations Thread 21" [_thread_blocked, id=10176, stack(0x000000fab1b00000,0x000000fab1c00000)]
  0x000002394862e000 JavaThread "Unconstrained build operations Thread 22" [_thread_blocked, id=14144, stack(0x000000fab1c00000,0x000000fab1d00000)]
  0x0000023948630000 JavaThread "Unconstrained build operations Thread 23" [_thread_blocked, id=11332, stack(0x000000fab1d00000,0x000000fab1e00000)]
  0x0000023948630800 JavaThread "Unconstrained build operations Thread 24" [_thread_blocked, id=13384, stack(0x000000fab1e00000,0x000000fab1f00000)]
  0x0000023948631800 JavaThread "Unconstrained build operations Thread 25" [_thread_blocked, id=17772, stack(0x000000fab1f00000,0x000000fab2000000)]
  0x0000023948632000 JavaThread "Unconstrained build operations Thread 26" [_thread_blocked, id=2988, stack(0x000000fab2000000,0x000000fab2100000)]
  0x0000023948633000 JavaThread "Unconstrained build operations Thread 27" [_thread_blocked, id=14224, stack(0x000000fab2100000,0x000000fab2200000)]
  0x000002394862d800 JavaThread "Unconstrained build operations Thread 28" [_thread_blocked, id=19588, stack(0x000000fab2200000,0x000000fab2300000)]
  0x0000023948635800 JavaThread "Unconstrained build operations Thread 29" [_thread_blocked, id=19676, stack(0x000000fab2300000,0x000000fab2400000)]
  0x0000023948634000 JavaThread "Unconstrained build operations Thread 30" [_thread_blocked, id=1460, stack(0x000000fab2400000,0x000000fab2500000)]
  0x0000023948639000 JavaThread "Unconstrained build operations Thread 31" [_thread_blocked, id=18096, stack(0x000000fab2500000,0x000000fab2600000)]
  0x0000023948636800 JavaThread "Unconstrained build operations Thread 32" [_thread_blocked, id=2764, stack(0x000000fab2600000,0x000000fab2700000)]
  0x0000023948637000 JavaThread "Unconstrained build operations Thread 33" [_thread_blocked, id=640, stack(0x000000fab2700000,0x000000fab2800000)]
  0x0000023948638000 JavaThread "Unconstrained build operations Thread 34" [_thread_blocked, id=2920, stack(0x000000fab2800000,0x000000fab2900000)]
  0x0000023948639800 JavaThread "Unconstrained build operations Thread 35" [_thread_blocked, id=4380, stack(0x000000fab2900000,0x000000fab2a00000)]
  0x000002394863a800 JavaThread "Unconstrained build operations Thread 36" [_thread_blocked, id=15900, stack(0x000000fab2a00000,0x000000fab2b00000)]
  0x0000023948634800 JavaThread "Unconstrained build operations Thread 37" [_thread_blocked, id=20132, stack(0x000000fab2b00000,0x000000fab2c00000)]
  0x000002394863b000 JavaThread "Unconstrained build operations Thread 38" [_thread_blocked, id=16584, stack(0x000000fab2c00000,0x000000fab2d00000)]
  0x000002394863c000 JavaThread "Unconstrained build operations Thread 39" [_thread_blocked, id=16324, stack(0x000000fab2d00000,0x000000fab2e00000)]
  0x0000023948c0a000 JavaThread "Unconstrained build operations Thread 40" [_thread_blocked, id=1492, stack(0x000000fab2e00000,0x000000fab2f00000)]
  0x0000023948c07800 JavaThread "Unconstrained build operations Thread 41" [_thread_blocked, id=456, stack(0x000000fab2f00000,0x000000fab3000000)]
  0x0000023948c0b000 JavaThread "Unconstrained build operations Thread 42" [_thread_blocked, id=14016, stack(0x000000fab3000000,0x000000fab3100000)]
  0x0000023948c08800 JavaThread "Unconstrained build operations Thread 43" [_thread_blocked, id=14684, stack(0x000000fab3100000,0x000000fab3200000)]
  0x0000023948c09800 JavaThread "Unconstrained build operations Thread 44" [_thread_blocked, id=12736, stack(0x000000fab3200000,0x000000fab3300000)]
  0x0000023948c0b800 JavaThread "Unconstrained build operations Thread 45" [_thread_blocked, id=13396, stack(0x000000fab3300000,0x000000fab3400000)]
  0x0000023948c06000 JavaThread "Unconstrained build operations Thread 46" [_thread_blocked, id=17412, stack(0x000000fab3400000,0x000000fab3500000)]
  0x0000023948c0c800 JavaThread "Unconstrained build operations Thread 47" [_thread_blocked, id=17984, stack(0x000000fab3500000,0x000000fab3600000)]
  0x0000023948c07000 JavaThread "Unconstrained build operations Thread 48" [_thread_blocked, id=19868, stack(0x000000fab3600000,0x000000fab3700000)]
  0x0000023948c0f000 JavaThread "Unconstrained build operations Thread 49" [_thread_blocked, id=9688, stack(0x000000fab3700000,0x000000fab3800000)]
  0x0000023948c12800 JavaThread "Unconstrained build operations Thread 50" [_thread_blocked, id=14728, stack(0x000000fab3800000,0x000000fab3900000)]
  0x0000023948c0d800 JavaThread "Unconstrained build operations Thread 51" [_thread_blocked, id=15832, stack(0x000000fab3900000,0x000000fab3a00000)]
  0x0000023948c10000 JavaThread "Unconstrained build operations Thread 52" [_thread_blocked, id=10484, stack(0x000000fab3a00000,0x000000fab3b00000)]
  0x0000023948c10800 JavaThread "Unconstrained build operations Thread 53" [_thread_blocked, id=13916, stack(0x000000fab3b00000,0x000000fab3c00000)]
  0x0000023948c11800 JavaThread "Unconstrained build operations Thread 54" [_thread_blocked, id=2020, stack(0x000000fab3c00000,0x000000fab3d00000)]
  0x0000023948c13000 JavaThread "Unconstrained build operations Thread 55" [_thread_blocked, id=15624, stack(0x000000fab3d00000,0x000000fab3e00000)]
  0x0000023948c14000 JavaThread "Unconstrained build operations Thread 56" [_thread_blocked, id=12792, stack(0x000000fab3e00000,0x000000fab3f00000)]
  0x0000023948c0e000 JavaThread "Unconstrained build operations Thread 57" [_thread_blocked, id=17516, stack(0x000000fab3f00000,0x000000fab4000000)]
  0x0000023948c14800 JavaThread "Unconstrained build operations Thread 58" [_thread_blocked, id=1520, stack(0x000000fab4000000,0x000000fab4100000)]
  0x0000023948acb800 JavaThread "Unconstrained build operations Thread 59" [_thread_blocked, id=2124, stack(0x000000fab4100000,0x000000fab4200000)]
  0x0000023948ace000 JavaThread "Unconstrained build operations Thread 60" [_thread_blocked, id=18068, stack(0x000000fab4200000,0x000000fab4300000)]
  0x0000023948acc000 JavaThread "Unconstrained build operations Thread 61" [_thread_blocked, id=16908, stack(0x000000fab4300000,0x000000fab4400000)]
  0x0000023948ace800 JavaThread "Unconstrained build operations Thread 62" [_thread_blocked, id=4700, stack(0x000000fab4400000,0x000000fab4500000)]
  0x0000023948acd000 JavaThread "Unconstrained build operations Thread 63" [_thread_blocked, id=14048, stack(0x000000fab4500000,0x000000fab4600000)]
  0x0000023948acf800 JavaThread "Unconstrained build operations Thread 64" [_thread_blocked, id=6344, stack(0x000000fab4600000,0x000000fab4700000)]
  0x0000023948aca800 JavaThread "Unconstrained build operations Thread 65" [_thread_blocked, id=2632, stack(0x000000fab4700000,0x000000fab4800000)]
  0x0000023948ad1000 JavaThread "Unconstrained build operations Thread 66" [_thread_blocked, id=19380, stack(0x000000fab4800000,0x000000fab4900000)]
  0x0000023948ad2000 JavaThread "Unconstrained build operations Thread 67" [_thread_blocked, id=1168, stack(0x000000fab4900000,0x000000fab4a00000)]
  0x0000023948ad4800 JavaThread "Unconstrained build operations Thread 68" [_thread_blocked, id=10020, stack(0x000000fab4a00000,0x000000fab4b00000)]
  0x0000023948ad2800 JavaThread "Unconstrained build operations Thread 69" [_thread_blocked, id=7780, stack(0x000000fab4b00000,0x000000fab4c00000)]
  0x0000023948ad6000 JavaThread "Unconstrained build operations Thread 70" [_thread_blocked, id=6956, stack(0x000000fab4c00000,0x000000fab4d00000)]
  0x0000023948ad3800 JavaThread "Unconstrained build operations Thread 71" [_thread_blocked, id=4676, stack(0x000000fab4d00000,0x000000fab4e00000)]
  0x0000023948ad0800 JavaThread "Unconstrained build operations Thread 72" [_thread_blocked, id=13932, stack(0x000000fab4e00000,0x000000fab4f00000)]
  0x0000023948ad7000 JavaThread "Unconstrained build operations Thread 73" [_thread_blocked, id=19872, stack(0x000000fab4f00000,0x000000fab5000000)]
  0x0000023948ad5000 JavaThread "Unconstrained build operations Thread 74" [_thread_blocked, id=18868, stack(0x000000fab5000000,0x000000fab5100000)]
  0x0000023948ad7800 JavaThread "Unconstrained build operations Thread 75" [_thread_blocked, id=20104, stack(0x000000fab5100000,0x000000fab5200000)]
  0x0000023948ad9000 JavaThread "Unconstrained build operations Thread 76" [_thread_blocked, id=11152, stack(0x000000fab5200000,0x000000fab5300000)]
  0x0000023948ad8800 JavaThread "Unconstrained build operations Thread 77" [_thread_blocked, id=14480, stack(0x000000fab5300000,0x000000fab5400000)]
  0x000002394592c000 JavaThread "Unconstrained build operations Thread 78" [_thread_blocked, id=19632, stack(0x000000fab5400000,0x000000fab5500000)]
  0x0000023945928000 JavaThread "Unconstrained build operations Thread 79" [_thread_blocked, id=16944, stack(0x000000fab5500000,0x000000fab5600000)]
  0x0000023945928800 JavaThread "Unconstrained build operations Thread 80" [_thread_blocked, id=16764, stack(0x000000fab5600000,0x000000fab5700000)]
  0x0000023945929800 JavaThread "jar transforms Thread 4" [_thread_blocked, id=6108, stack(0x000000fab5700000,0x000000fab5800000)]
  0x000002394592a000 JavaThread "jar transforms Thread 5" [_thread_blocked, id=14240, stack(0x000000fab5800000,0x000000fab5900000)]
  0x000002394592b000 JavaThread "jar transforms Thread 6" [_thread_blocked, id=18516, stack(0x000000fab5900000,0x000000fab5a00000)]
  0x0000023945926000 JavaThread "jar transforms Thread 7" [_thread_blocked, id=5864, stack(0x000000fab5a00000,0x000000fab5b00000)]
  0x000002394592c800 JavaThread "jar transforms Thread 8" [_thread_blocked, id=9612, stack(0x000000fab5b00000,0x000000fab5c00000)]
  0x0000023945927000 JavaThread "Memory manager" [_thread_blocked, id=1328, stack(0x000000fab5c00000,0x000000fab5d00000)]
  0x0000023945931000 JavaThread "build event listener" [_thread_blocked, id=1040, stack(0x000000fab5d00000,0x000000fab5e00000)]
  0x0000023945931800 JavaThread "Execution worker for ':'" [_thread_blocked, id=4936, stack(0x000000fab5e00000,0x000000fab5f00000)]
  0x0000023945930000 JavaThread "Execution worker for ':' Thread 2" [_thread_blocked, id=17048, stack(0x000000fab5f00000,0x000000fab6000000)]
  0x0000023945933000 JavaThread "Execution worker for ':' Thread 3" [_thread_blocked, id=19016, stack(0x000000fab6000000,0x000000fab6100000)]
  0x0000023945932800 JavaThread "Execution worker for ':' Thread 4" [_thread_blocked, id=15896, stack(0x000000fab6100000,0x000000fab6200000)]
  0x0000023945934000 JavaThread "Execution worker for ':' Thread 5" [_thread_blocked, id=17640, stack(0x000000fab6200000,0x000000fab6300000)]
  0x000002394592e800 JavaThread "Execution worker for ':' Thread 6" [_thread_blocked, id=19172, stack(0x000000fab6300000,0x000000fab6400000)]
  0x0000023945935000 JavaThread "Execution worker for ':' Thread 7" [_thread_blocked, id=18564, stack(0x000000fab6400000,0x000000fab6500000)]
  0x000002394592f000 JavaThread "Cache worker for execution history cache (D:\alopezorozco\Documents\EJ2022\AndroidProjects\Adivinar_Palabras_Firebase\.gradle\7.2\executionHistory)" [_thread_blocked, id=16148, stack(0x000000fab6500000,0x000000fab6600000)]

Other Threads:
=>0x00000239416b2800 VMThread "VM Thread" [stack: 0x000000faad800000,0x000000faad900000] [id=18152]
  0x00000239420b0800 WatcherThread [stack: 0x000000faae200000,0x000000faae300000] [id=896]
  0x00000239226d3000 GCTaskThread "GC Thread#0" [stack: 0x000000faad300000,0x000000faad400000] [id=18404]
  0x0000023942d7f800 GCTaskThread "GC Thread#1" [stack: 0x000000faae500000,0x000000faae600000] [id=19568]
  0x000002394313c800 GCTaskThread "GC Thread#2" [stack: 0x000000faae600000,0x000000faae700000] [id=19744]
  0x000002394313d000 GCTaskThread "GC Thread#3" [stack: 0x000000faae700000,0x000000faae800000] [id=18612]
  0x000002394310e800 GCTaskThread "GC Thread#4" [stack: 0x000000faae800000,0x000000faae900000] [id=17512]
  0x000002394310f800 GCTaskThread "GC Thread#5" [stack: 0x000000faae900000,0x000000faaea00000] [id=3512]
  0x000002394477a000 GCTaskThread "GC Thread#6" [stack: 0x000000faaf200000,0x000000faaf300000] [id=20116]
  0x000002394318a000 GCTaskThread "GC Thread#7" [stack: 0x000000faaf300000,0x000000faaf400000] [id=19072]
  0x00000239226e4800 ConcurrentGCThread "G1 Main Marker" [stack: 0x000000faad400000,0x000000faad500000] [id=16500]
  0x00000239226e6000 ConcurrentGCThread "G1 Conc#0" [stack: 0x000000faad500000,0x000000faad600000] [id=13072]
  0x00000239497d0000 ConcurrentGCThread "G1 Conc#1" [stack: 0x000000faaff00000,0x000000fab0000000] [id=15556]
  0x00000239415af800 ConcurrentGCThread "G1 Refine#0" [stack: 0x000000faad600000,0x000000faad700000] [id=4772]
  0x0000023944766800 ConcurrentGCThread "G1 Refine#1" [stack: 0x000000fab6600000,0x000000fab6700000] [id=2828]
  0x0000023944763800 ConcurrentGCThread "G1 Refine#2" [stack: 0x000000fab6700000,0x000000fab6800000] [id=15336]
  0x0000023944761800 ConcurrentGCThread "G1 Refine#3" [stack: 0x000000fab6800000,0x000000fab6900000] [id=11716]
  0x0000023944767000 ConcurrentGCThread "G1 Refine#4" [stack: 0x000000fab6900000,0x000000fab6a00000] [id=1020]
  0x00000239415b1000 ConcurrentGCThread "G1 Young RemSet Sampling" [stack: 0x000000faad700000,0x000000faad800000] [id=2688]

Threads with active compile tasks:
C2 CompilerThread0    13500 10199 % !   4       com.android.ide.common.resources.DataMerger::mergeData @ 247 (611 bytes)
C1 CompilerThread0    13500 10446 %     3       com.android.utils.XmlUtils::toXmlTextValue @ 7 (65 bytes)
C2 CompilerThread1    13500 10403       4       com.android.ide.common.resources.NodeUtils::updateNamespace (161 bytes)
C2 CompilerThread2    13500 10405       4       org.apache.xerces.dom.DeferredDocumentImpl::getNodeValueString (414 bytes)

VM state:at safepoint (normal execution)

VM Mutex/Monitor currently owned by a thread:  ([mutex/lock_event])
[0x00000239205eb5b0] Threads_lock - owner thread: 0x00000239416b2800
[0x00000239205ea9e0] Heap_lock - owner thread: 0x0000023945933000

Heap address: 0x0000000080000000, size: 2048 MB, Compressed Oops mode: 32-bit
Narrow klass base: 0x0000000800000000, Narrow klass shift: 3
Compressed class space size: 1073741824 Address: 0x0000000800b40000

Heap:
 garbage-first heap   total 221184K, used 111913K [0x0000000080000000, 0x0000000100000000)
  region size 1024K, 2 young (2048K), 2 survivors (2048K)
 Metaspace       used 80285K, capacity 82329K, committed 82940K, reserved 1120256K
  class space    used 10726K, capacity 11509K, committed 11772K, reserved 1048576K
Heap Regions: E=young(eden), S=young(survivor), O=old, HS=humongous(starts), HC=humongous(continues), CS=collection set, F=free, A=archive, TAMS=top-at-mark-start (previous, next)
|   0|0x0000000080000000, 0x0000000080100000, 0x0000000080100000|100%| O|  |TAMS 0x0000000080100000, 0x0000000080100000| Untracked 
|   1|0x0000000080100000, 0x0000000080200000, 0x0000000080200000|100%| O|  |TAMS 0x0000000080200000, 0x0000000080200000| Untracked 
|   2|0x0000000080200000, 0x0000000080300000, 0x0000000080300000|100%| O|  |TAMS 0x0000000080300000, 0x0000000080300000| Untracked 
|   3|0x0000000080300000, 0x0000000080400000, 0x0000000080400000|100%|HS|  |TAMS 0x0000000080400000, 0x0000000080400000| Complete 
|   4|0x0000000080400000, 0x0000000080500000, 0x0000000080500000|100%|HC|  |TAMS 0x0000000080500000, 0x0000000080500000| Complete 
|   5|0x0000000080500000, 0x0000000080600000, 0x0000000080600000|100%|HC|  |TAMS 0x0000000080600000, 0x0000000080600000| Complete 
|   6|0x0000000080600000, 0x0000000080700000, 0x0000000080700000|100%| O|  |TAMS 0x0000000080700000, 0x0000000080700000| Untracked 
|   7|0x0000000080700000, 0x0000000080800000, 0x0000000080800000|100%| O|  |TAMS 0x0000000080800000, 0x0000000080800000| Untracked 
|   8|0x0000000080800000, 0x0000000080900000, 0x0000000080900000|100%| O|  |TAMS 0x0000000080900000, 0x0000000080900000| Untracked 
|   9|0x0000000080900000, 0x0000000080a00000, 0x0000000080a00000|100%| O|  |TAMS 0x0000000080a00000, 0x0000000080a00000| Untracked 
|  10|0x0000000080a00000, 0x0000000080b00000, 0x0000000080b00000|100%| O|  |TAMS 0x0000000080b00000, 0x0000000080b00000| Untracked 
|  11|0x0000000080b00000, 0x0000000080c00000, 0x0000000080c00000|100%| O|  |TAMS 0x0000000080c00000, 0x0000000080c00000| Untracked 
|  12|0x0000000080c00000, 0x0000000080d00000, 0x0000000080d00000|100%| O|  |TAMS 0x0000000080d00000, 0x0000000080d00000| Untracked 
|  13|0x0000000080d00000, 0x0000000080e00000, 0x0000000080e00000|100%| O|  |TAMS 0x0000000080e00000, 0x0000000080e00000| Untracked 
|  14|0x0000000080e00000, 0x0000000080f00000, 0x0000000080f00000|100%| O|  |TAMS 0x0000000080f00000, 0x0000000080f00000| Untracked 
|  15|0x0000000080f00000, 0x0000000081000000, 0x0000000081000000|100%| O|  |TAMS 0x0000000081000000, 0x0000000081000000| Untracked 
|  16|0x0000000081000000, 0x0000000081025200, 0x0000000081100000| 14%| O|  |TAMS 0x0000000081025200, 0x0000000081025200| Untracked 
|  17|0x0000000081100000, 0x0000000081200000, 0x0000000081200000|100%| O|  |TAMS 0x0000000081200000, 0x0000000081200000| Untracked 
|  18|0x0000000081200000, 0x0000000081300000, 0x0000000081300000|100%| O|  |TAMS 0x0000000081300000, 0x0000000081300000| Untracked 
|  19|0x0000000081300000, 0x0000000081400000, 0x0000000081400000|100%| O|  |TAMS 0x0000000081400000, 0x0000000081400000| Untracked 
|  20|0x0000000081400000, 0x0000000081500000, 0x0000000081500000|100%| O|  |TAMS 0x0000000081500000, 0x0000000081500000| Untracked 
|  21|0x0000000081500000, 0x0000000081600000, 0x0000000081600000|100%| O|  |TAMS 0x0000000081600000, 0x0000000081600000| Untracked 
|  22|0x0000000081600000, 0x0000000081700000, 0x0000000081700000|100%| O|  |TAMS 0x0000000081700000, 0x0000000081700000| Untracked 
|  23|0x0000000081700000, 0x0000000081800000, 0x0000000081800000|100%| O|  |TAMS 0x0000000081800000, 0x0000000081800000| Untracked 
|  24|0x0000000081800000, 0x0000000081900000, 0x0000000081900000|100%| O|  |TAMS 0x0000000081900000, 0x0000000081900000| Untracked 
|  25|0x0000000081900000, 0x0000000081a00000, 0x0000000081a00000|100%| O|  |TAMS 0x0000000081a00000, 0x0000000081a00000| Untracked 
|  26|0x0000000081a00000, 0x0000000081b00000, 0x0000000081b00000|100%| O|  |TAMS 0x0000000081b00000, 0x0000000081b00000| Untracked 
|  27|0x0000000081b00000, 0x0000000081c00000, 0x0000000081c00000|100%| O|  |TAMS 0x0000000081c00000, 0x0000000081c00000| Untracked 
|  28|0x0000000081c00000, 0x0000000081d00000, 0x0000000081d00000|100%| O|  |TAMS 0x0000000081d00000, 0x0000000081d00000| Untracked 
|  29|0x0000000081d00000, 0x0000000081e00000, 0x0000000081e00000|100%| O|  |TAMS 0x0000000081e00000, 0x0000000081e00000| Untracked 
|  30|0x0000000081e00000, 0x0000000081f00000, 0x0000000081f00000|100%| O|  |TAMS 0x0000000081f00000, 0x0000000081f00000| Untracked 
|  31|0x0000000081f00000, 0x0000000082000000, 0x0000000082000000|100%| O|  |TAMS 0x0000000082000000, 0x0000000082000000| Untracked 
|  32|0x0000000082000000, 0x0000000082100000, 0x0000000082100000|100%| O|  |TAMS 0x0000000082100000, 0x0000000082100000| Untracked 
|  33|0x0000000082100000, 0x0000000082200000, 0x0000000082200000|100%| O|  |TAMS 0x0000000082200000, 0x0000000082200000| Untracked 
|  34|0x0000000082200000, 0x0000000082300000, 0x0000000082300000|100%|HS|  |TAMS 0x0000000082300000, 0x0000000082300000| Complete 
|  35|0x0000000082300000, 0x0000000082400000, 0x0000000082400000|100%| O|  |TAMS 0x0000000082400000, 0x0000000082400000| Untracked 
|  36|0x0000000082400000, 0x0000000082500000, 0x0000000082500000|100%| O|  |TAMS 0x0000000082500000, 0x0000000082500000| Untracked 
|  37|0x0000000082500000, 0x0000000082600000, 0x0000000082600000|100%| O|  |TAMS 0x0000000082600000, 0x0000000082600000| Untracked 
|  38|0x0000000082600000, 0x0000000082700000, 0x0000000082700000|100%|HS|  |TAMS 0x0000000082700000, 0x0000000082700000| Complete 
|  39|0x0000000082700000, 0x0000000082800000, 0x0000000082800000|100%|HS|  |TAMS 0x0000000082800000, 0x0000000082800000| Complete 
|  40|0x0000000082800000, 0x0000000082900000, 0x0000000082900000|100%|HS|  |TAMS 0x0000000082900000, 0x0000000082900000| Complete 
|  41|0x0000000082900000, 0x0000000082a00000, 0x0000000082a00000|100%|HS|  |TAMS 0x0000000082a00000, 0x0000000082a00000| Complete 
|  42|0x0000000082a00000, 0x0000000082b00000, 0x0000000082b00000|100%|HC|  |TAMS 0x0000000082b00000, 0x0000000082b00000| Complete 
|  43|0x0000000082b00000, 0x0000000082c00000, 0x0000000082c00000|100%|HC|  |TAMS 0x0000000082c00000, 0x0000000082c00000| Complete 
|  44|0x0000000082c00000, 0x0000000082d00000, 0x0000000082d00000|100%| O|  |TAMS 0x0000000082d00000, 0x0000000082d00000| Untracked 
|  45|0x0000000082d00000, 0x0000000082e00000, 0x0000000082e00000|100%| O|  |TAMS 0x0000000082e00000, 0x0000000082e00000| Untracked 
|  46|0x0000000082e00000, 0x0000000082f00000, 0x0000000082f00000|100%|HS|  |TAMS 0x0000000082f00000, 0x0000000082f00000| Complete 
|  47|0x0000000082f00000, 0x0000000083000000, 0x0000000083000000|100%|HC|  |TAMS 0x0000000083000000, 0x0000000083000000| Complete 
|  48|0x0000000083000000, 0x0000000083100000, 0x0000000083100000|100%| O|  |TAMS 0x0000000083100000, 0x0000000083100000| Untracked 
|  49|0x0000000083100000, 0x0000000083200000, 0x0000000083200000|100%| O|  |TAMS 0x0000000083200000, 0x0000000083200000| Untracked 
|  50|0x0000000083200000, 0x0000000083300000, 0x0000000083300000|100%| O|  |TAMS 0x0000000083300000, 0x0000000083300000| Untracked 
|  51|0x0000000083300000, 0x0000000083400000, 0x0000000083400000|100%| O|  |TAMS 0x0000000083400000, 0x0000000083400000| Untracked 
|  52|0x0000000083400000, 0x0000000083500000, 0x0000000083500000|100%| O|  |TAMS 0x0000000083500000, 0x0000000083500000| Untracked 
|  53|0x0000000083500000, 0x0000000083600000, 0x0000000083600000|100%| O|  |TAMS 0x0000000083600000, 0x0000000083600000| Untracked 
|  54|0x0000000083600000, 0x0000000083700000, 0x0000000083700000|100%| O|  |TAMS 0x0000000083700000, 0x0000000083700000| Untracked 
|  55|0x0000000083700000, 0x0000000083800000, 0x0000000083800000|100%| O|  |TAMS 0x0000000083800000, 0x0000000083800000| Untracked 
|  56|0x0000000083800000, 0x0000000083900000, 0x0000000083900000|100%| O|  |TAMS 0x0000000083900000, 0x0000000083900000| Untracked 
|  57|0x0000000083900000, 0x0000000083a00000, 0x0000000083a00000|100%| O|  |TAMS 0x0000000083a00000, 0x0000000083a00000| Untracked 
|  58|0x0000000083a00000, 0x0000000083b00000, 0x0000000083b00000|100%| O|  |TAMS 0x0000000083b00000, 0x0000000083b00000| Untracked 
|  59|0x0000000083b00000, 0x0000000083c00000, 0x0000000083c00000|100%| O|  |TAMS 0x0000000083c00000, 0x0000000083c00000| Untracked 
|  60|0x0000000083c00000, 0x0000000083d00000, 0x0000000083d00000|100%| O|  |TAMS 0x0000000083d00000, 0x0000000083d00000| Untracked 
|  61|0x0000000083d00000, 0x0000000083e00000, 0x0000000083e00000|100%| O|  |TAMS 0x0000000083e00000, 0x0000000083e00000| Untracked 
|  62|0x0000000083e00000, 0x0000000083f00000, 0x0000000083f00000|100%| O|  |TAMS 0x0000000083f00000, 0x0000000083f00000| Untracked 
|  63|0x0000000083f00000, 0x0000000084000000, 0x0000000084000000|100%| O|  |TAMS 0x0000000084000000, 0x0000000084000000| Untracked 
|  64|0x0000000084000000, 0x0000000084100000, 0x0000000084100000|100%| O|  |TAMS 0x0000000084100000, 0x0000000084100000| Untracked 
|  65|0x0000000084100000, 0x0000000084200000, 0x0000000084200000|100%| O|  |TAMS 0x0000000084200000, 0x0000000084200000| Untracked 
|  66|0x0000000084200000, 0x0000000084300000, 0x0000000084300000|100%| O|  |TAMS 0x0000000084300000, 0x0000000084300000| Untracked 
|  67|0x0000000084300000, 0x0000000084400000, 0x0000000084400000|100%| O|  |TAMS 0x0000000084400000, 0x0000000084400000| Untracked 
|  68|0x0000000084400000, 0x0000000084500000, 0x0000000084500000|100%| O|  |TAMS 0x0000000084500000, 0x0000000084500000| Untracked 
|  69|0x0000000084500000, 0x0000000084600000, 0x0000000084600000|100%| O|  |TAMS 0x0000000084600000, 0x0000000084600000| Untracked 
|  70|0x0000000084600000, 0x0000000084700000, 0x0000000084700000|100%| O|  |TAMS 0x0000000084700000, 0x0000000084700000| Untracked 
|  71|0x0000000084700000, 0x0000000084800000, 0x0000000084800000|100%| O|  |TAMS 0x0000000084800000, 0x0000000084800000| Untracked 
|  72|0x0000000084800000, 0x0000000084900000, 0x0000000084900000|100%| O|  |TAMS 0x0000000084900000, 0x0000000084900000| Untracked 
|  73|0x0000000084900000, 0x0000000084a00000, 0x0000000084a00000|100%| O|  |TAMS 0x0000000084a00000, 0x0000000084a00000| Untracked 
|  74|0x0000000084a00000, 0x0000000084b00000, 0x0000000084b00000|100%| O|  |TAMS 0x0000000084b00000, 0x0000000084b00000| Untracked 
|  75|0x0000000084b00000, 0x0000000084c00000, 0x0000000084c00000|100%| O|  |TAMS 0x0000000084c00000, 0x0000000084c00000| Untracked 
|  76|0x0000000084c00000, 0x0000000084d00000, 0x0000000084d00000|100%| O|  |TAMS 0x0000000084d00000, 0x0000000084d00000| Untracked 
|  77|0x0000000084d00000, 0x0000000084e00000, 0x0000000084e00000|100%| O|  |TAMS 0x0000000084e00000, 0x0000000084e00000| Untracked 
|  78|0x0000000084e00000, 0x0000000084f00000, 0x0000000084f00000|100%| O|  |TAMS 0x0000000084f00000, 0x0000000084f00000| Untracked 
|  79|0x0000000084f00000, 0x0000000085000000, 0x0000000085000000|100%| O|  |TAMS 0x0000000085000000, 0x0000000085000000| Untracked 
|  80|0x0000000085000000, 0x0000000085100000, 0x0000000085100000|100%| O|  |TAMS 0x0000000085100000, 0x0000000085100000| Untracked 
|  81|0x0000000085100000, 0x0000000085200000, 0x0000000085200000|100%| O|  |TAMS 0x00000000851d4200, 0x0000000085200000| Untracked 
|  82|0x0000000085200000, 0x0000000085300000, 0x0000000085300000|100%| O|  |TAMS 0x0000000085200000, 0x0000000085200000| Untracked 
|  83|0x0000000085300000, 0x0000000085400000, 0x0000000085400000|100%| O|  |TAMS 0x0000000085300000, 0x0000000085300000| Untracked 
|  84|0x0000000085400000, 0x0000000085500000, 0x0000000085500000|100%| O|  |TAMS 0x0000000085400000, 0x0000000085500000| Untracked 
|  85|0x0000000085500000, 0x0000000085600000, 0x0000000085600000|100%| O|  |TAMS 0x0000000085500000, 0x0000000085600000| Untracked 
|  86|0x0000000085600000, 0x0000000085700000, 0x0000000085700000|100%| O|  |TAMS 0x0000000085600000, 0x0000000085700000| Untracked 
|  87|0x0000000085700000, 0x0000000085800000, 0x0000000085800000|100%| O|  |TAMS 0x0000000085700000, 0x0000000085800000| Untracked 
|  88|0x0000000085800000, 0x0000000085900000, 0x0000000085900000|100%| O|  |TAMS 0x0000000085800000, 0x0000000085900000| Untracked 
|  89|0x0000000085900000, 0x0000000085a00000, 0x0000000085a00000|100%| O|  |TAMS 0x0000000085900000, 0x0000000085a00000| Untracked 
|  90|0x0000000085a00000, 0x0000000085b00000, 0x0000000085b00000|100%| O|  |TAMS 0x0000000085a00000, 0x0000000085b00000| Untracked 
|  91|0x0000000085b00000, 0x0000000085c00000, 0x0000000085c00000|100%| O|  |TAMS 0x0000000085b00000, 0x0000000085c00000| Untracked 
|  92|0x0000000085c00000, 0x0000000085d00000, 0x0000000085d00000|100%| O|  |TAMS 0x0000000085c00000, 0x0000000085d00000| Untracked 
|  93|0x0000000085d00000, 0x0000000085e00000, 0x0000000085e00000|100%| O|  |TAMS 0x0000000085d00000, 0x0000000085e00000| Untracked 
|  94|0x0000000085e00000, 0x0000000085f00000, 0x0000000085f00000|100%| O|  |TAMS 0x0000000085e00000, 0x0000000085f00000| Untracked 
|  95|0x0000000085f00000, 0x0000000086000000, 0x0000000086000000|100%| O|  |TAMS 0x0000000085f00000, 0x0000000086000000| Untracked 
|  96|0x0000000086000000, 0x0000000086100000, 0x0000000086100000|100%| O|  |TAMS 0x0000000086000000, 0x0000000086100000| Untracked 
|  97|0x0000000086100000, 0x0000000086200000, 0x0000000086200000|100%| O|  |TAMS 0x0000000086100000, 0x0000000086200000| Untracked 
|  98|0x0000000086200000, 0x0000000086300000, 0x0000000086300000|100%| O|  |TAMS 0x0000000086200000, 0x0000000086300000| Untracked 
|  99|0x0000000086300000, 0x0000000086400000, 0x0000000086400000|100%| O|  |TAMS 0x0000000086300000, 0x0000000086400000| Untracked 
| 100|0x0000000086400000, 0x0000000086500000, 0x0000000086500000|100%| O|  |TAMS 0x0000000086400000, 0x0000000086500000| Untracked 
| 101|0x0000000086500000, 0x0000000086600000, 0x0000000086600000|100%| O|  |TAMS 0x0000000086500000, 0x0000000086511a00| Untracked 
| 102|0x0000000086600000, 0x0000000086700000, 0x0000000086700000|100%| O|  |TAMS 0x0000000086600000, 0x0000000086600000| Untracked 
| 103|0x0000000086700000, 0x0000000086800000, 0x0000000086800000|100%| O|  |TAMS 0x0000000086700000, 0x0000000086700000| Untracked 
| 104|0x0000000086800000, 0x0000000086900000, 0x0000000086900000|100%| O|  |TAMS 0x0000000086800000, 0x0000000086800000| Untracked 
| 105|0x0000000086900000, 0x0000000086a00000, 0x0000000086a00000|100%| O|  |TAMS 0x0000000086900000, 0x0000000086900000| Untracked 
| 106|0x0000000086a00000, 0x0000000086b00000, 0x0000000086b00000|100%| O|  |TAMS 0x0000000086a00000, 0x0000000086a00000| Untracked 
| 107|0x0000000086b00000, 0x0000000086c00000, 0x0000000086c00000|100%| O|  |TAMS 0x0000000086b00000, 0x0000000086b00000| Untracked 
| 108|0x0000000086c00000, 0x0000000086cf9000, 0x0000000086d00000| 97%| O|  |TAMS 0x0000000086c00000, 0x0000000086c00000| Untracked 
| 109|0x0000000086d00000, 0x0000000086d00000, 0x0000000086e00000|  0%| F|  |TAMS 0x0000000086d00000, 0x0000000086d00000| Untracked 
| 110|0x0000000086e00000, 0x0000000086e00000, 0x0000000086f00000|  0%| F|  |TAMS 0x0000000086e00000, 0x0000000086e00000| Untracked 
| 111|0x0000000086f00000, 0x0000000086f00000, 0x0000000087000000|  0%| F|  |TAMS 0x0000000086f00000, 0x0000000086f00000| Untracked 
| 112|0x0000000087000000, 0x0000000087000000, 0x0000000087100000|  0%| F|  |TAMS 0x0000000087000000, 0x0000000087000000| Untracked 
| 113|0x0000000087100000, 0x0000000087100000, 0x0000000087200000|  0%| F|  |TAMS 0x0000000087100000, 0x0000000087100000| Untracked 
| 114|0x0000000087200000, 0x0000000087200000, 0x0000000087300000|  0%| F|  |TAMS 0x0000000087200000, 0x0000000087200000| Untracked 
| 115|0x0000000087300000, 0x0000000087300000, 0x0000000087400000|  0%| F|  |TAMS 0x0000000087300000, 0x0000000087300000| Untracked 
| 116|0x0000000087400000, 0x0000000087400000, 0x0000000087500000|  0%| F|  |TAMS 0x0000000087400000, 0x0000000087400000| Untracked 
| 117|0x0000000087500000, 0x0000000087500000, 0x0000000087600000|  0%| F|  |TAMS 0x0000000087500000, 0x0000000087500000| Untracked 
| 118|0x0000000087600000, 0x0000000087600000, 0x0000000087700000|  0%| F|  |TAMS 0x0000000087600000, 0x0000000087600000| Untracked 
| 119|0x0000000087700000, 0x0000000087700000, 0x0000000087800000|  0%| F|  |TAMS 0x0000000087700000, 0x0000000087700000| Untracked 
| 120|0x0000000087800000, 0x0000000087800000, 0x0000000087900000|  0%| F|  |TAMS 0x0000000087800000, 0x0000000087800000| Untracked 
| 121|0x0000000087900000, 0x0000000087900000, 0x0000000087a00000|  0%| F|  |TAMS 0x0000000087900000, 0x0000000087900000| Untracked 
| 122|0x0000000087a00000, 0x0000000087a00000, 0x0000000087b00000|  0%| F|  |TAMS 0x0000000087a00000, 0x0000000087a00000| Untracked 
| 123|0x0000000087b00000, 0x0000000087b00000, 0x0000000087c00000|  0%| F|  |TAMS 0x0000000087b00000, 0x0000000087b00000| Untracked 
| 124|0x0000000087c00000, 0x0000000087c00000, 0x0000000087d00000|  0%| F|  |TAMS 0x0000000087c00000, 0x0000000087c00000| Untracked 
| 125|0x0000000087d00000, 0x0000000087d00000, 0x0000000087e00000|  0%| F|  |TAMS 0x0000000087d00000, 0x0000000087d00000| Untracked 
| 126|0x0000000087e00000, 0x0000000087e00000, 0x0000000087f00000|  0%| F|  |TAMS 0x0000000087e00000, 0x0000000087e00000| Untracked 
| 127|0x0000000087f00000, 0x0000000087f00000, 0x0000000088000000|  0%| F|  |TAMS 0x0000000087f00000, 0x0000000087f00000| Untracked 
| 128|0x0000000088000000, 0x0000000088000000, 0x0000000088100000|  0%| F|  |TAMS 0x0000000088000000, 0x0000000088000000| Untracked 
| 129|0x0000000088100000, 0x0000000088100000, 0x0000000088200000|  0%| F|  |TAMS 0x0000000088100000, 0x0000000088100000| Untracked 
| 130|0x0000000088200000, 0x0000000088200000, 0x0000000088300000|  0%| F|  |TAMS 0x0000000088200000, 0x0000000088200000| Untracked 
| 131|0x0000000088300000, 0x0000000088300000, 0x0000000088400000|  0%| F|  |TAMS 0x0000000088300000, 0x0000000088300000| Untracked 
| 132|0x0000000088400000, 0x0000000088400000, 0x0000000088500000|  0%| F|  |TAMS 0x0000000088400000, 0x0000000088400000| Untracked 
| 133|0x0000000088500000, 0x0000000088500000, 0x0000000088600000|  0%| F|  |TAMS 0x0000000088500000, 0x0000000088500000| Untracked 
| 134|0x0000000088600000, 0x0000000088600000, 0x0000000088700000|  0%| F|  |TAMS 0x0000000088600000, 0x0000000088600000| Untracked 
| 135|0x0000000088700000, 0x0000000088700000, 0x0000000088800000|  0%| F|  |TAMS 0x0000000088700000, 0x0000000088700000| Untracked 
| 136|0x0000000088800000, 0x0000000088800000, 0x0000000088900000|  0%| F|  |TAMS 0x0000000088800000, 0x0000000088800000| Untracked 
| 137|0x0000000088900000, 0x0000000088900000, 0x0000000088a00000|  0%| F|  |TAMS 0x0000000088900000, 0x0000000088900000| Untracked 
| 138|0x0000000088a00000, 0x0000000088a00000, 0x0000000088b00000|  0%| F|  |TAMS 0x0000000088a00000, 0x0000000088a00000| Untracked 
| 139|0x0000000088b00000, 0x0000000088b00000, 0x0000000088c00000|  0%| F|  |TAMS 0x0000000088b00000, 0x0000000088b00000| Untracked 
| 140|0x0000000088c00000, 0x0000000088c00000, 0x0000000088d00000|  0%| F|  |TAMS 0x0000000088c00000, 0x0000000088c00000| Untracked 
| 141|0x0000000088d00000, 0x0000000088d00000, 0x0000000088e00000|  0%| F|  |TAMS 0x0000000088d00000, 0x0000000088d00000| Untracked 
| 142|0x0000000088e00000, 0x0000000088e00000, 0x0000000088f00000|  0%| F|  |TAMS 0x0000000088e00000, 0x0000000088e00000| Untracked 
| 143|0x0000000088f00000, 0x0000000088f00000, 0x0000000089000000|  0%| F|  |TAMS 0x0000000088f00000, 0x0000000088f00000| Untracked 
| 144|0x0000000089000000, 0x0000000089000000, 0x0000000089100000|  0%| F|  |TAMS 0x0000000089000000, 0x0000000089000000| Untracked 
| 145|0x0000000089100000, 0x0000000089100000, 0x0000000089200000|  0%| F|  |TAMS 0x0000000089100000, 0x0000000089100000| Untracked 
| 146|0x0000000089200000, 0x0000000089200000, 0x0000000089300000|  0%| F|  |TAMS 0x0000000089200000, 0x0000000089200000| Untracked 
| 147|0x0000000089300000, 0x0000000089300000, 0x0000000089400000|  0%| F|  |TAMS 0x0000000089300000, 0x0000000089300000| Untracked 
| 148|0x0000000089400000, 0x0000000089400000, 0x0000000089500000|  0%| F|  |TAMS 0x0000000089400000, 0x0000000089400000| Untracked 
| 149|0x0000000089500000, 0x0000000089500000, 0x0000000089600000|  0%| F|  |TAMS 0x0000000089500000, 0x0000000089500000| Untracked 
| 150|0x0000000089600000, 0x0000000089600000, 0x0000000089700000|  0%| F|  |TAMS 0x0000000089600000, 0x0000000089600000| Untracked 
| 151|0x0000000089700000, 0x0000000089700000, 0x0000000089800000|  0%| F|  |TAMS 0x0000000089700000, 0x0000000089700000| Untracked 
| 152|0x0000000089800000, 0x0000000089800000, 0x0000000089900000|  0%| F|  |TAMS 0x0000000089800000, 0x0000000089800000| Untracked 
| 153|0x0000000089900000, 0x0000000089900000, 0x0000000089a00000|  0%| F|  |TAMS 0x0000000089900000, 0x0000000089900000| Untracked 
| 154|0x0000000089a00000, 0x0000000089a00000, 0x0000000089b00000|  0%| F|  |TAMS 0x0000000089a00000, 0x0000000089a00000| Untracked 
| 155|0x0000000089b00000, 0x0000000089b00000, 0x0000000089c00000|  0%| F|  |TAMS 0x0000000089b00000, 0x0000000089b00000| Untracked 
| 156|0x0000000089c00000, 0x0000000089c00000, 0x0000000089d00000|  0%| F|  |TAMS 0x0000000089c00000, 0x0000000089c00000| Untracked 
| 157|0x0000000089d00000, 0x0000000089d00000, 0x0000000089e00000|  0%| F|  |TAMS 0x0000000089d00000, 0x0000000089d00000| Untracked 
| 158|0x0000000089e00000, 0x0000000089e00000, 0x0000000089f00000|  0%| F|  |TAMS 0x0000000089e00000, 0x0000000089e00000| Untracked 
| 159|0x0000000089f00000, 0x0000000089f00000, 0x000000008a000000|  0%| F|  |TAMS 0x0000000089f00000, 0x0000000089f00000| Untracked 
| 160|0x000000008a000000, 0x000000008a000000, 0x000000008a100000|  0%| F|  |TAMS 0x000000008a000000, 0x000000008a000000| Untracked 
| 161|0x000000008a100000, 0x000000008a100000, 0x000000008a200000|  0%| F|  |TAMS 0x000000008a100000, 0x000000008a100000| Untracked 
| 162|0x000000008a200000, 0x000000008a200000, 0x000000008a300000|  0%| F|  |TAMS 0x000000008a200000, 0x000000008a200000| Untracked 
| 163|0x000000008a300000, 0x000000008a300000, 0x000000008a400000|  0%| F|  |TAMS 0x000000008a300000, 0x000000008a300000| Untracked 
| 164|0x000000008a400000, 0x000000008a400000, 0x000000008a500000|  0%| F|  |TAMS 0x000000008a400000, 0x000000008a400000| Untracked 
| 165|0x000000008a500000, 0x000000008a500000, 0x000000008a600000|  0%| F|  |TAMS 0x000000008a500000, 0x000000008a500000| Untracked 
| 166|0x000000008a600000, 0x000000008a600000, 0x000000008a700000|  0%| F|  |TAMS 0x000000008a600000, 0x000000008a600000| Untracked 
| 167|0x000000008a700000, 0x000000008a700000, 0x000000008a800000|  0%| F|  |TAMS 0x000000008a700000, 0x000000008a700000| Untracked 
| 168|0x000000008a800000, 0x000000008a800000, 0x000000008a900000|  0%| F|  |TAMS 0x000000008a800000, 0x000000008a800000| Untracked 
| 169|0x000000008a900000, 0x000000008a900000, 0x000000008aa00000|  0%| F|  |TAMS 0x000000008a900000, 0x000000008a900000| Untracked 
| 170|0x000000008aa00000, 0x000000008aa00000, 0x000000008ab00000|  0%| F|  |TAMS 0x000000008aa00000, 0x000000008aa00000| Untracked 
| 171|0x000000008ab00000, 0x000000008ab00000, 0x000000008ac00000|  0%| F|  |TAMS 0x000000008ab00000, 0x000000008ab00000| Untracked 
| 172|0x000000008ac00000, 0x000000008ac00000, 0x000000008ad00000|  0%| F|  |TAMS 0x000000008ac00000, 0x000000008ac00000| Untracked 
| 222|0x000000008de00000, 0x000000008de00000, 0x000000008df00000|  0%| F|  |TAMS 0x000000008de00000, 0x000000008de00000| Untracked 
| 223|0x000000008df00000, 0x000000008df00000, 0x000000008e000000|  0%| F|  |TAMS 0x000000008df00000, 0x000000008df00000| Untracked 
| 224|0x000000008e000000, 0x000000008e02c3b0, 0x000000008e100000| 17%| S|CS|TAMS 0x000000008e000000, 0x000000008e000000| Complete 
| 225|0x000000008e100000, 0x000000008e200000, 0x000000008e200000|100%| S|CS|TAMS 0x000000008e100000, 0x000000008e100000| Complete 
| 254|0x000000008fe00000, 0x000000008fe00000, 0x000000008ff00000|  0%| F|  |TAMS 0x000000008fe00000, 0x000000008fe00000| Untracked 
| 255|0x000000008ff00000, 0x000000008ff00000, 0x0000000090000000|  0%| F|  |TAMS 0x000000008ff00000, 0x000000008ff00000| Untracked 

Card table byte_map: [0x000002393a3e0000,0x000002393a7e0000] _byte_map_base: 0x0000023939fe0000

Marking Bits (Prev, Next): (CMBitMap*) 0x00000239226d3eb8, (CMBitMap*) 0x00000239226d3e78
 Prev Bits: [0x000002393cbe0000, 0x000002393ebe0000)
 Next Bits: [0x000002393abe0000, 0x000002393cbe0000)

Polling page: 0x0000023921e70000

Metaspace:

Usage:
  Non-class:     69.16 MB capacity,    67.93 MB ( 98%) used,     1.01 MB (  1%) free+waste,   228.50 KB ( <1%) overhead. 
      Class:     11.24 MB capacity,    10.48 MB ( 93%) used,   676.32 KB (  6%) free+waste,   106.00 KB ( <1%) overhead. 
       Both:     80.40 MB capacity,    78.40 MB ( 98%) used,     1.67 MB (  2%) free+waste,   334.50 KB ( <1%) overhead. 

Virtual space:
  Non-class space:       70.00 MB reserved,      69.50 MB (>99%) committed 
      Class space:        1.00 GB reserved,      11.50 MB (  1%) committed 
             Both:        1.07 GB reserved,      81.00 MB (  7%) committed 

Chunk freelists:
   Non-Class:  284.00 KB
       Class:  171.00 KB
        Both:  455.00 KB

MaxMetaspaceSize: 17179869184.00 GB
CompressedClassSpaceSize: 1.00 GB

CodeHeap 'non-profiled nmethods': size=120000Kb used=5485Kb max_used=5736Kb free=114514Kb
 bounds [0x0000023932670000, 0x0000023932c10000, 0x0000023939ba0000]
CodeHeap 'profiled nmethods': size=120000Kb used=20134Kb max_used=20716Kb free=99865Kb
 bounds [0x000002392b140000, 0x000002392c580000, 0x0000023932670000]
CodeHeap 'non-nmethods': size=5760Kb used=2403Kb max_used=2469Kb free=3356Kb
 bounds [0x000002392aba0000, 0x000002392ae20000, 0x000002392b140000]
 total_blobs=14126 nmethods=9231 adapters=799
 compilation: enabled
              stopped_count=0, restarted_count=0
 full_count=0

Compilation events (20 events):
Event: 13.440 Thread 0x00000239416d5000 nmethod 10433 0x000002392b937f90 code [0x000002392b938140, 0x000002392b938310]
Event: 13.440 Thread 0x00000239416d5000 10432       2       com.google.common.base.CharMatcher::<init> (5 bytes)
Event: 13.440 Thread 0x00000239416d5000 nmethod 10432 0x000002392b4bcd90 code [0x000002392b4bcf20, 0x000002392b4bd098]
Event: 13.440 Thread 0x00000239416d5000 10434       2       org.apache.xerces.dom.AttrImpl::getNodeValue (5 bytes)
Event: 13.440 Thread 0x00000239416d5000 nmethod 10434 0x000002392b97f610 code [0x000002392b97f7c0, 0x000002392b97f950]
Event: 13.440 Thread 0x00000239416d5000 10435       2       java.lang.StringUTF16::inflate (42 bytes)
Event: 13.441 Thread 0x00000239416d5000 nmethod 10435 0x000002392b3ab610 code [0x000002392b3ab7c0, 0x000002392b3aba10]
Event: 13.441 Thread 0x00000239416d5000 10436       2       com.android.utils.XmlUtils::append (647 bytes)
Event: 13.445 Thread 0x00000239416d5000 nmethod 10436 0x000002392b7e2a90 code [0x000002392b7e3060, 0x000002392b7e4970]
Event: 13.445 Thread 0x00000239416d5000 10440 %     3       com.android.utils.XmlUtils::toXmlAttributeValue @ 7 (89 bytes)
Event: 13.447 Thread 0x00000239416d5000 nmethod 10440% 0x000002392b731190 code [0x000002392b731480, 0x000002392b732640]
Event: 13.447 Thread 0x00000239416d5000 10441       2       com.android.utils.XmlUtils::toXmlTextValue (65 bytes)
Event: 13.448 Thread 0x00000239416d5000 nmethod 10441 0x000002392b69fd90 code [0x000002392b69ffa0, 0x000002392b6a05c0]
Event: 13.448 Thread 0x00000239416d5000 10442       2       java.lang.StringUTF16::lastIndexOf (47 bytes)
Event: 13.448 Thread 0x00000239416d5000 nmethod 10442 0x000002392b65c510 code [0x000002392b65c6c0, 0x000002392b65c8d0]
Event: 13.448 Thread 0x00000239416d5000 10438       2       java.lang.StringUTF16::putCharSB (12 bytes)
Event: 13.449 Thread 0x00000239416d5000 nmethod 10438 0x000002392bdb3210 code [0x000002392bdb33c0, 0x000002392bdb3550]
Event: 13.449 Thread 0x00000239416d5000 10444       3       com.android.utils.XmlUtils::toXmlAttributeValue (89 bytes)
Event: 13.450 Thread 0x00000239416d5000 nmethod 10444 0x000002392b605c90 code [0x000002392b605f80, 0x000002392b6070a0]
Event: 13.450 Thread 0x00000239416d5000 10446 %     3       com.android.utils.XmlUtils::toXmlTextValue @ 7 (65 bytes)

GC Heap History (20 events):
Event: 9.003 GC heap after
{Heap after GC invocations=31 (full 0):
 garbage-first heap   total 125952K, used 64786K [0x0000000080000000, 0x0000000100000000)
  region size 1024K, 5 young (5120K), 5 survivors (5120K)
 Metaspace       used 58000K, capacity 59474K, committed 59772K, reserved 1101824K
  class space    used 7653K, capacity 8230K, committed 8316K, reserved 1048576K
}
Event: 9.293 GC heap before
{Heap before GC invocations=32 (full 0):
 garbage-first heap   total 126976K, used 96530K [0x0000000080000000, 0x0000000100000000)
  region size 1024K, 36 young (36864K), 5 survivors (5120K)
 Metaspace       used 59433K, capacity 60959K, committed 61308K, reserved 1101824K
  class space    used 7829K, capacity 8427K, committed 8572K, reserved 1048576K
}
Event: 9.301 GC heap after
{Heap after GC invocations=33 (full 0):
 garbage-first heap   total 152576K, used 67080K [0x0000000080000000, 0x0000000100000000)
  region size 1024K, 5 young (5120K), 5 survivors (5120K)
 Metaspace       used 59433K, capacity 60959K, committed 61308K, reserved 1101824K
  class space    used 7829K, capacity 8427K, committed 8572K, reserved 1048576K
}
Event: 9.902 GC heap before
{Heap before GC invocations=33 (full 0):
 garbage-first heap   total 152576K, used 110088K [0x0000000080000000, 0x0000000100000000)
  region size 1024K, 47 young (48128K), 5 survivors (5120K)
 Metaspace       used 64028K, capacity 65642K, committed 65916K, reserved 1105920K
  class space    used 8607K, capacity 9197K, committed 9340K, reserved 1048576K
}
Event: 9.910 GC heap after
{Heap after GC invocations=34 (full 0):
 garbage-first heap   total 152576K, used 70160K [0x0000000080000000, 0x0000000100000000)
  region size 1024K, 6 young (6144K), 6 survivors (6144K)
 Metaspace       used 64028K, capacity 65642K, committed 65916K, reserved 1105920K
  class space    used 8607K, capacity 9197K, committed 9340K, reserved 1048576K
}
Event: 10.216 GC heap before
{Heap before GC invocations=34 (full 0):
 garbage-first heap   total 152576K, used 113168K [0x0000000080000000, 0x0000000100000000)
  region size 1024K, 48 young (49152K), 6 survivors (6144K)
 Metaspace       used 65198K, capacity 66813K, committed 67068K, reserved 1107968K
  class space    used 8780K, capacity 9437K, committed 9468K, reserved 1048576K
}
Event: 10.224 GC heap after
{Heap after GC invocations=35 (full 0):
 garbage-first heap   total 152576K, used 73341K [0x0000000080000000, 0x0000000100000000)
  region size 1024K, 6 young (6144K), 6 survivors (6144K)
 Metaspace       used 65198K, capacity 66813K, committed 67068K, reserved 1107968K
  class space    used 8780K, capacity 9437K, committed 9468K, reserved 1048576K
}
Event: 10.810 GC heap before
{Heap before GC invocations=35 (full 0):
 garbage-first heap   total 152576K, used 117373K [0x0000000080000000, 0x0000000100000000)
  region size 1024K, 49 young (50176K), 6 survivors (6144K)
 Metaspace       used 68880K, capacity 70647K, committed 70908K, reserved 1110016K
  class space    used 9280K, capacity 9952K, committed 9980K, reserved 1048576K
}
Event: 10.818 GC heap after
{Heap after GC invocations=36 (full 0):
 garbage-first heap   total 152576K, used 76264K [0x0000000080000000, 0x0000000100000000)
  region size 1024K, 6 young (6144K), 6 survivors (6144K)
 Metaspace       used 68880K, capacity 70647K, committed 70908K, reserved 1110016K
  class space    used 9280K, capacity 9952K, committed 9980K, reserved 1048576K
}
Event: 11.351 GC heap before
{Heap before GC invocations=36 (full 0):
 garbage-first heap   total 152576K, used 119272K [0x0000000080000000, 0x0000000100000000)
  region size 1024K, 48 young (49152K), 6 survivors (6144K)
 Metaspace       used 72778K, capacity 74556K, committed 74748K, reserved 1114112K
  class space    used 9812K, capacity 10473K, committed 10492K, reserved 1048576K
}
Event: 11.362 GC heap after
{Heap after GC invocations=37 (full 0):
 garbage-first heap   total 183296K, used 79442K [0x0000000080000000, 0x0000000100000000)
  region size 1024K, 6 young (6144K), 6 survivors (6144K)
 Metaspace       used 72778K, capacity 74556K, committed 74748K, reserved 1114112K
  class space    used 9812K, capacity 10473K, committed 10492K, reserved 1048576K
}
Event: 12.057 GC heap before
{Heap before GC invocations=38 (full 0):
 garbage-first heap   total 183296K, used 134738K [0x0000000080000000, 0x0000000100000000)
  region size 1024K, 60 young (61440K), 6 survivors (6144K)
 Metaspace       used 75731K, capacity 77949K, committed 78076K, reserved 1116160K
  class space    used 10309K, capacity 11159K, committed 11260K, reserved 1048576K
}
Event: 12.068 GC heap after
{Heap after GC invocations=39 (full 0):
 garbage-first heap   total 183296K, used 83165K [0x0000000080000000, 0x0000000100000000)
  region size 1024K, 7 young (7168K), 7 survivors (7168K)
 Metaspace       used 75731K, capacity 77949K, committed 78076K, reserved 1116160K
  class space    used 10309K, capacity 11159K, committed 11260K, reserved 1048576K
}
Event: 12.552 GC heap before
{Heap before GC invocations=39 (full 0):
 garbage-first heap   total 183296K, used 137436K [0x0000000080000000, 0x0000000100000000)
  region size 1024K, 61 young (62464K), 7 survivors (7168K)
 Metaspace       used 76344K, capacity 78559K, committed 78844K, reserved 1116160K
  class space    used 10338K, capacity 11174K, committed 11260K, reserved 1048576K
}
Event: 12.563 GC heap after
{Heap after GC invocations=40 (full 0):
 garbage-first heap   total 183296K, used 87184K [0x0000000080000000, 0x0000000100000000)
  region size 1024K, 5 young (5120K), 5 survivors (5120K)
 Metaspace       used 76344K, capacity 78559K, committed 78844K, reserved 1116160K
  class space    used 10338K, capacity 11174K, committed 11260K, reserved 1048576K
}
Event: 12.693 GC heap before
{Heap before GC invocations=40 (full 0):
 garbage-first heap   total 183296K, used 101520K [0x0000000080000000, 0x0000000100000000)
  region size 1024K, 21 young (21504K), 5 survivors (5120K)
 Metaspace       used 77385K, capacity 79545K, committed 79740K, reserved 1118208K
  class space    used 10432K, capacity 11265K, committed 11388K, reserved 1048576K
}
Event: 12.699 GC heap after
{Heap after GC invocations=41 (full 0):
 garbage-first heap   total 183296K, used 87560K [0x0000000080000000, 0x0000000100000000)
  region size 1024K, 5 young (5120K), 5 survivors (5120K)
 Metaspace       used 77385K, capacity 79545K, committed 79740K, reserved 1118208K
  class space    used 10432K, capacity 11265K, committed 11388K, reserved 1048576K
}
Event: 13.412 GC heap before
{Heap before GC invocations=42 (full 0):
 garbage-first heap   total 183296K, used 145928K [0x0000000080000000, 0x0000000100000000)
  region size 1024K, 61 young (62464K), 5 survivors (5120K)
 Metaspace       used 80270K, capacity 82265K, committed 82940K, reserved 1120256K
  class space    used 10726K, capacity 11509K, committed 11772K, reserved 1048576K
}
Event: 13.431 GC heap after
{Heap after GC invocations=43 (full 0):
 garbage-first heap   total 183296K, used 108763K [0x0000000080000000, 0x0000000100000000)
  region size 1024K, 8 young (8192K), 8 survivors (8192K)
 Metaspace       used 80270K, capacity 82265K, committed 82940K, reserved 1120256K
  class space    used 10726K, capacity 11509K, committed 11772K, reserved 1048576K
}
Event: 13.451 GC heap before
{Heap before GC invocations=43 (full 0):
 garbage-first heap   total 183296K, used 108763K [0x0000000080000000, 0x0000000100000000)
  region size 1024K, 10 young (10240K), 8 survivors (8192K)
 Metaspace       used 80285K, capacity 82329K, committed 82940K, reserved 1120256K
  class space    used 10726K, capacity 11509K, committed 11772K, reserved 1048576K
}

Deoptimization events (20 events):
Event: 13.375 Thread 0x0000023945933000 Uncommon trap: trap_request=0xffffffde fr.pc=0x00000239326e2820 relative=0x00000000000002e0
Event: 13.376 Thread 0x0000023945933000 Uncommon trap: reason=class_check action=maybe_recompile pc=0x00000239326e2820 method=com.android.ide.common.resources.NodeUtils.processSingleNodeNamespace(Lorg/w3c/dom/Node;Lorg/w3c/dom/Document;)Z @ 100 c2
Event: 13.376 Thread 0x0000023945933000 DEOPT PACKING pc=0x00000239326e2820 sp=0x000000fab60fa7c0
Event: 13.376 Thread 0x0000023945933000 DEOPT UNPACKING pc=0x000002392abe912f sp=0x000000fab60fa748 mode 2
Event: 13.385 Thread 0x0000023945933000 DEOPT PACKING pc=0x000002392b615528 sp=0x000000fab60fa6c0
Event: 13.385 Thread 0x0000023945933000 DEOPT UNPACKING pc=0x000002392abe964e sp=0x000000fab60f9b68 mode 0
Event: 13.401 Thread 0x0000023945933000 DEOPT PACKING pc=0x000002392b615528 sp=0x000000fab60fa6c0
Event: 13.401 Thread 0x0000023945933000 DEOPT UNPACKING pc=0x000002392abe964e sp=0x000000fab60f9b68 mode 0
Event: 13.401 Thread 0x0000023945933000 Uncommon trap: trap_request=0xffffffde fr.pc=0x0000023932bffea0 relative=0x00000000000004c0
Event: 13.401 Thread 0x0000023945933000 Uncommon trap: reason=class_check action=maybe_recompile pc=0x0000023932bffea0 method=com.android.ide.common.resources.configuration.FolderConfiguration.getQualifierString()Ljava/lang/String; @ 37 c2
Event: 13.401 Thread 0x0000023945933000 DEOPT PACKING pc=0x0000023932bffea0 sp=0x000000fab60fa670
Event: 13.401 Thread 0x0000023945933000 DEOPT UNPACKING pc=0x000002392abe912f sp=0x000000fab60fa628 mode 2
Event: 13.449 Thread 0x0000023945933000 DEOPT PACKING pc=0x000002392bdb3da8 sp=0x000000fab60fa020
Event: 13.449 Thread 0x0000023945933000 DEOPT UNPACKING pc=0x000002392abe964e sp=0x000000fab60f9550 mode 0
Event: 13.449 Thread 0x0000023945933000 DEOPT PACKING pc=0x000002392bdb3da8 sp=0x000000fab60fa020
Event: 13.449 Thread 0x0000023945933000 DEOPT UNPACKING pc=0x000002392abe964e sp=0x000000fab60f9550 mode 0
Event: 13.450 Thread 0x0000023945933000 DEOPT PACKING pc=0x000002392bdb3da8 sp=0x000000fab60fa020
Event: 13.450 Thread 0x0000023945933000 DEOPT UNPACKING pc=0x000002392abe964e sp=0x000000fab60f9550 mode 0
Event: 13.451 Thread 0x0000023945933000 DEOPT PACKING pc=0x000002392b606d70 sp=0x000000fab60fa020
Event: 13.451 Thread 0x0000023945933000 DEOPT UNPACKING pc=0x000002392abe964e sp=0x000000fab60f9550 mode 0

Classes unloaded (20 events):
Event: 12.799 Thread 0x00000239416b2800 Unloading class 0x00000008015dbc40 'org/gradle/api/internal/artifacts/transform/DefaultTransformerInvocationFactory$1$$Lambda$939'
Event: 12.799 Thread 0x00000239416b2800 Unloading class 0x00000008015db840 'org/gradle/api/internal/artifacts/transform/DefaultTransformerInvocationFactory$1$$Lambda$938'
Event: 12.799 Thread 0x00000239416b2800 Unloading class 0x00000008015dc040 'org/gradle/internal/execution/steps/IdentityCacheStep$$Lambda$936'
Event: 12.799 Thread 0x00000239416b2800 Unloading class 0x00000008015dc840 'org/gradle/internal/execution/steps/IdentityCacheStep$$Lambda$934'
Event: 12.799 Thread 0x00000239416b2800 Unloading class 0x00000008015dd440 'org/gradle/internal/execution/steps/IdentityCacheStep$$Lambda$933'
Event: 12.799 Thread 0x00000239416b2800 Unloading class 0x00000008015dd040 'org/gradle/api/internal/artifacts/transform/DefaultTransformerInvocationFactory$ImmutableTransformerExecution$$Lambda$932'
Event: 12.799 Thread 0x00000239416b2800 Unloading class 0x00000008015ddc40 'org/gradle/api/internal/artifacts/transform/DefaultTransformerInvocationFactory$ImmutableTransformerExecution$$Lambda$931'
Event: 12.799 Thread 0x00000239416b2800 Unloading class 0x00000008015de440 'org/gradle/api/internal/artifacts/transform/DefaultTransformerInvocationFactory$ImmutableTransformerExecution$$Lambda$929'
Event: 12.799 Thread 0x00000239416b2800 Unloading class 0x00000008015dec40 'org/gradle/api/internal/artifacts/transform/DefaultTransformerInvocationFactory$AbstractTransformerExecution$$Lambda$927'
Event: 12.799 Thread 0x00000239416b2800 Unloading class 0x00000008015de840 'org/gradle/api/internal/artifacts/transform/DefaultTransformerInvocationFactory$AbstractTransformerExecution$$Lambda$924'
Event: 12.799 Thread 0x00000239416b2800 Unloading class 0x00000008015df040 'org/gradle/api/internal/artifacts/transform/DefaultTransformerInvocationFactory$AbstractTransformerExecution$$Lambda$925'
Event: 12.799 Thread 0x00000239416b2800 Unloading class 0x00000008015dfc40 'org/gradle/api/internal/artifacts/transform/DefaultTransformerInvocationFactory$AbstractTransformerExecution$$Lambda$922'
Event: 12.799 Thread 0x00000239416b2800 Unloading class 0x00000008015d9440 'org/gradle/api/internal/artifacts/transform/TransformationStep$$Lambda$920'
Event: 12.799 Thread 0x00000239416b2800 Unloading class 0x00000008015a0c40 'org/gradle/execution/plan/DefaultPlanExecutor$ExecutorWorker$$Lambda$839'
Event: 12.799 Thread 0x00000239416b2800 Unloading class 0x00000008015a0840 'org/gradle/execution/plan/DefaultPlanExecutor$ExecutorWorker$$Lambda$844'
Event: 12.799 Thread 0x00000239416b2800 Unloading class 0x00000008015a0440 'org/gradle/execution/plan/DefaultPlanExecutor$ExecutorWorker$$Lambda$840'
Event: 12.799 Thread 0x00000239416b2800 Unloading class 0x00000008015a0040 'org/gradle/execution/plan/DefaultPlanExecutor$ExecutorWorker$$Lambda$843'
Event: 12.799 Thread 0x00000239416b2800 Unloading class 0x000000080157a840 'org/gradle/execution/plan/DefaultPlanExecutor$ExecutorWorker$$Lambda$841'
Event: 12.799 Thread 0x00000239416b2800 Unloading class 0x000000080157b440 'org/gradle/execution/plan/DefaultPlanExecutor$ExecutorWorker$$Lambda$838'
Event: 12.799 Thread 0x00000239416b2800 Unloading class 0x000000080157bc40 'org/gradle/execution/plan/DefaultPlanExecutor$ExecutorWorker$$Lambda$837'

Classes redefined (0 events):
No events

Internal exceptions (20 events):
Event: 11.556 Thread 0x00000239445a9800 Exception <a 'java/lang/NoSuchMethodError'{0x000000008a5bf888}: static Lorg/gradle/internal/build/event/types/AbstractTaskResult;.<clinit>()V> (0x000000008a5bf888) 
thrown [t:/workspace/open/src/hotspot/share/prims/jni.cpp, line 1347]
Event: 11.579 Thread 0x0000023945931000 Exception <a 'java/lang/NoSuchMethodError'{0x000000008a3e7d08}: static Lcom/android/ide/common/attribution/AndroidGradlePluginAttributionData$BuildInfo;.<clinit>()V> (0x000000008a3e7d08) 
thrown [t:/workspace/open/src/hotspot/share/prims/jni.cpp, line 1347]
Event: 11.580 Thread 0x0000023945933000 Exception <a 'java/lang/IncompatibleClassChangeError'{0x000000008a20e3f8}: Found class java.lang.Object, but interface was expected> (0x000000008a20e3f8) 
thrown [t:/workspace/open/src/hotspot/share/interpreter/linkResolver.cpp, line 833]
Event: 11.582 Thread 0x0000023945931000 Exception <a 'java/lang/NoSuchMethodError'{0x000000008a3fc980}: static Lcom/android/ide/common/attribution/AndroidGradlePluginAttributionData$JavaInfo;.<clinit>()V> (0x000000008a3fc980) 
thrown [t:/workspace/open/src/hotspot/share/prims/jni.cpp, line 1347]
Event: 11.586 Thread 0x0000023945931000 Exception <a 'java/lang/NoSuchMethodError'{0x000000008a263de8}: static [Ljava/lang/String;.<clinit>()V> (0x000000008a263de8) 
thrown [t:/workspace/open/src/hotspot/share/prims/jni.cpp, line 1347]
Event: 11.588 Thread 0x0000023945931000 Exception <a 'java/lang/NoSuchMethodError'{0x000000008a26e218}: 'void java.lang.invoke.DirectMethodHandle$Holder.invokeSpecial(java.lang.Object, java.lang.Object, java.lang.Object, int)'> (0x000000008a26e218) 
thrown [t:/workspace/open/src/hotspot/share/interpreter/linkResolver.cpp, line 767]
Event: 11.605 Thread 0x00000239445a9800 Exception <a 'java/lang/NoSuchMethodError'{0x000000008a005268}: static Lorg/gradle/internal/build/event/types/DefaultTaskSkippedResult;.<clinit>()V> (0x000000008a005268) 
thrown [t:/workspace/open/src/hotspot/share/prims/jni.cpp, line 1347]
Event: 11.605 Thread 0x0000023945933000 Exception <a 'java/lang/NoSuchMethodError'{0x000000008a1c0dc8}: 'java.lang.Object java.lang.invoke.DirectMethodHandle$Holder.invokeInterface(java.lang.Object, java.lang.Object, int)'> (0x000000008a1c0dc8) 
thrown [t:/workspace/open/src/hotspot/share/interpreter/linkResolver.cpp, line 767]
Event: 11.607 Thread 0x0000023945933000 Exception <a 'java/lang/NoSuchMethodError'{0x000000008a00a588}: 'void java.lang.invoke.DirectMethodHandle$Holder.invokeStatic(java.lang.Object, java.lang.Object, java.lang.Object, int)'> (0x000000008a00a588) 
thrown [t:/workspace/open/src/hotspot/share/interpreter/linkResolver.cpp, line 767]
Event: 11.634 Thread 0x0000023945933000 Exception <a 'java/lang/IncompatibleClassChangeError'{0x000000008a0bd150}: Found class java.lang.Object, but interface was expected> (0x000000008a0bd150) 
thrown [t:/workspace/open/src/hotspot/share/interpreter/linkResolver.cpp, line 833]
Event: 11.637 Thread 0x0000023945933000 Exception <a 'java/lang/IncompatibleClassChangeError'{0x0000000089f60dc8}: Found class java.lang.Object, but interface was expected> (0x0000000089f60dc8) 
thrown [t:/workspace/open/src/hotspot/share/interpreter/linkResolver.cpp, line 833]
Event: 11.900 Thread 0x0000023945933000 Exception <a 'java/lang/NoSuchMethodError'{0x00000000894ad800}: 'void java.lang.invoke.DirectMethodHandle$Holder.invokeStatic(java.lang.Object, java.lang.Object, java.lang.Object, java.lang.Object, int, java.lang.Object, java.lang.Object)'> (0x00000000894ad800) 
thrown [t:/workspace/open/src/hotspot/share/interpreter/linkResolver.cpp, line 767]
Event: 11.934 Thread 0x000002394500f800 Exception <a 'java/lang/NoSuchMethodError'{0x0000000088cc8688}: 'java.lang.Object java.lang.invoke.DirectMethodHandle$Holder.invokeSpecialIFC(java.lang.Object, java.lang.Object, java.lang.Object)'> (0x0000000088cc8688) 
thrown [t:/workspace/open/src/hotspot/share/interpreter/linkResolver.cpp, line 767]
Event: 11.934 Thread 0x0000023945012000 Exception <a 'java/lang/NoSuchMethodError'{0x0000000088b63548}: 'java.lang.Object java.lang.invoke.DirectMethodHandle$Holder.invokeSpecialIFC(java.lang.Object, java.lang.Object, java.lang.Object)'> (0x0000000088b63548) 
thrown [t:/workspace/open/src/hotspot/share/interpreter/linkResolver.cpp, line 767]
Event: 11.934 Thread 0x000002394862e000 Exception <a 'java/lang/NoSuchMethodError'{0x0000000088b0d5d0}: 'java.lang.Object java.lang.invoke.DirectMethodHandle$Holder.invokeSpecialIFC(java.lang.Object, java.lang.Object, java.lang.Object)'> (0x0000000088b0d5d0) 
thrown [t:/workspace/open/src/hotspot/share/interpreter/linkResolver.cpp, line 767]
Event: 11.967 Thread 0x0000023948634800 Exception <a 'java/lang/NoSuchMethodError'{0x000000008870d150}: 'int java.lang.invoke.DirectMethodHandle$Holder.invokeStaticInit(java.lang.Object, java.lang.Object, java.lang.Object, java.lang.Object, java.lang.Object)'> (0x000000008870d150) 
thrown [t:/workspace/open/src/hotspot/share/interpreter/linkResolver.cpp, line 767]
Event: 12.019 Thread 0x0000023948631800 Exception <a 'java/lang/NoSuchMethodError'{0x000000008810f348}: 'void java.lang.invoke.DirectMethodHandle$Holder.invokeVirtual(java.lang.Object, java.lang.Object)'> (0x000000008810f348) 
thrown [t:/workspace/open/src/hotspot/share/interpreter/linkResolver.cpp, line 767]
Event: 12.450 Thread 0x000002394862e000 Implicit null exception at 0x0000023932934924 to 0x000002393293498c
Event: 12.852 Thread 0x0000023945933000 Implicit null exception at 0x00000239329bae74 to 0x00000239329bb082
Event: 13.350 Thread 0x0000023945933000 Implicit null exception at 0x0000023932a20d3c to 0x0000023932a2101a

Events (20 events):
Event: 13.304 loading class javax/xml/transform/sax/SAXResult done
Event: 13.304 loading class javax/xml/transform/dom/DOMResult
Event: 13.304 loading class javax/xml/transform/dom/DOMResult done
Event: 13.304 loading class com/sun/xml/bind/marshaller/NioEscapeHandler
Event: 13.304 loading class com/sun/xml/bind/marshaller/NioEscapeHandler done
Event: 13.305 loading class com/sun/xml/bind/v2/runtime/output/SAXOutput
Event: 13.305 loading class com/sun/xml/bind/v2/runtime/output/SAXOutput done
Event: 13.306 loading class com/sun/xml/bind/util/AttributesImpl
Event: 13.306 loading class com/sun/xml/bind/util/AttributesImpl done
Event: 13.307 loading class com/sun/xml/bind/v2/runtime/reflect/Lister$CollectionLister$1
Event: 13.307 loading class com/sun/xml/bind/v2/runtime/reflect/Lister$CollectionLister$1 done
Event: 13.307 loading class com/sun/xml/bind/v2/runtime/reflect/Lister$IDREFSIterator
Event: 13.307 loading class com/sun/xml/bind/v2/runtime/reflect/Lister$IDREFSIterator done
Event: 13.308 loading class org/apache/commons/io/Charsets
Event: 13.308 loading class org/apache/commons/io/Charsets done
Event: 13.412 Executing VM operation: G1CollectForAllocation
Event: 13.432 Executing VM operation: G1CollectForAllocation done
Event: 13.436 loading class com/android/utils/XmlUtils$PositionAwareStringBuilder
Event: 13.436 loading class com/android/utils/XmlUtils$PositionAwareStringBuilder done
Event: 13.451 Executing VM operation: G1CollectForAllocation


Dynamic libraries:
0x00007ff77fab0000 - 0x00007ff77fabf000 	C:\Program Files\Java\jdk-13.0.2\bin\java.exe
0x00007ff8b6890000 - 0x00007ff8b6a85000 	C:\WINDOWS\SYSTEM32\ntdll.dll
0x00007ff8b5200000 - 0x00007ff8b52be000 	C:\WINDOWS\System32\KERNEL32.DLL
0x00007ff8b3fb0000 - 0x00007ff8b4278000 	C:\WINDOWS\System32\KERNELBASE.dll
0x00007ff8b4640000 - 0x00007ff8b4740000 	C:\WINDOWS\System32\ucrtbase.dll
0x00007ff88ea60000 - 0x00007ff88ea75000 	C:\Program Files\Java\jdk-13.0.2\bin\VCRUNTIME140.dll
0x00007ff88ea40000 - 0x00007ff88ea58000 	C:\Program Files\Java\jdk-13.0.2\bin\jli.dll
0x00007ff8b6700000 - 0x00007ff8b67ae000 	C:\WINDOWS\System32\ADVAPI32.dll
0x00007ff8b52c0000 - 0x00007ff8b535e000 	C:\WINDOWS\System32\msvcrt.dll
0x00007ff8b67b0000 - 0x00007ff8b684c000 	C:\WINDOWS\System32\sechost.dll
0x00007ff8b5070000 - 0x00007ff8b5195000 	C:\WINDOWS\System32\RPCRT4.dll
0x00007ff8b48f0000 - 0x00007ff8b4a90000 	C:\WINDOWS\System32\USER32.dll
0x00007ff8a6250000 - 0x00007ff8a64ea000 	C:\WINDOWS\WinSxS\amd64_microsoft.windows.common-controls_6595b64144ccf1df_6.0.19041.1110_none_60b5254171f9507e\COMCTL32.dll
0x00007ff8b4330000 - 0x00007ff8b4352000 	C:\WINDOWS\System32\win32u.dll
0x00007ff8b4f60000 - 0x00007ff8b4f8a000 	C:\WINDOWS\System32\GDI32.dll
0x00007ff8b4530000 - 0x00007ff8b463b000 	C:\WINDOWS\System32\gdi32full.dll
0x00007ff8b4360000 - 0x00007ff8b43fd000 	C:\WINDOWS\System32\msvcp_win.dll
0x00007ff8ad6f0000 - 0x00007ff8ad6fa000 	C:\WINDOWS\SYSTEM32\VERSION.dll
0x00007ff8b6530000 - 0x00007ff8b6560000 	C:\WINDOWS\System32\IMM32.DLL
0x00007ff87f6e0000 - 0x00007ff87f77b000 	C:\Program Files\Java\jdk-13.0.2\bin\msvcp140.dll
0x00007ff870650000 - 0x00007ff8711ad000 	C:\Program Files\Java\jdk-13.0.2\bin\server\jvm.dll
0x00007ff8b6240000 - 0x00007ff8b6248000 	C:\WINDOWS\System32\PSAPI.DLL
0x00007ff8a6bd0000 - 0x00007ff8a6bf7000 	C:\WINDOWS\SYSTEM32\WINMM.dll
0x00007ff894b30000 - 0x00007ff894b39000 	C:\WINDOWS\SYSTEM32\WSOCK32.dll
0x00007ff8b64c0000 - 0x00007ff8b652b000 	C:\WINDOWS\System32\WS2_32.dll
0x00007ff8b2870000 - 0x00007ff8b2882000 	C:\WINDOWS\SYSTEM32\kernel.appcore.dll
0x00007ff8aea90000 - 0x00007ff8aeaa0000 	C:\Program Files\Java\jdk-13.0.2\bin\verify.dll
0x00007ff899100000 - 0x00007ff8992e4000 	C:\WINDOWS\SYSTEM32\DBGHELP.DLL
0x00007ff8990d0000 - 0x00007ff8990fc000 	C:\WINDOWS\SYSTEM32\dbgcore.DLL
0x00007ff8b44a0000 - 0x00007ff8b4522000 	C:\WINDOWS\System32\bcryptPrimitives.dll
0x00007ff885b00000 - 0x00007ff885b26000 	C:\Program Files\Java\jdk-13.0.2\bin\java.dll
0x00007ff884120000 - 0x00007ff884137000 	C:\Program Files\Java\jdk-13.0.2\bin\zip.dll
0x00007ff8aea50000 - 0x00007ff8aea5a000 	C:\Program Files\Java\jdk-13.0.2\bin\jimage.dll
0x00007ff8b5560000 - 0x00007ff8b5ca4000 	C:\WINDOWS\System32\SHELL32.dll
0x00007ff8b2070000 - 0x00007ff8b2804000 	C:\WINDOWS\SYSTEM32\windows.storage.dll
0x00007ff8b5cb0000 - 0x00007ff8b6004000 	C:\WINDOWS\System32\combase.dll
0x00007ff8b3a20000 - 0x00007ff8b3a4c000 	C:\WINDOWS\SYSTEM32\Wldp.dll
0x00007ff8b6010000 - 0x00007ff8b60bd000 	C:\WINDOWS\System32\SHCORE.dll
0x00007ff8b51a0000 - 0x00007ff8b51f5000 	C:\WINDOWS\System32\shlwapi.dll
0x00007ff8b3ef0000 - 0x00007ff8b3f0f000 	C:\WINDOWS\SYSTEM32\profapi.dll
0x00007ff8836c0000 - 0x00007ff8836d9000 	C:\Program Files\Java\jdk-13.0.2\bin\net.dll
0x00007ff8ab000000 - 0x00007ff8ab10a000 	C:\WINDOWS\SYSTEM32\WINHTTP.dll
0x00007ff8b3730000 - 0x00007ff8b379a000 	C:\WINDOWS\system32\mswsock.dll
0x00007ff8836a0000 - 0x00007ff8836b3000 	C:\Program Files\Java\jdk-13.0.2\bin\nio.dll
0x00007ff87a740000 - 0x00007ff87a767000 	C:\Users\alopezorozco\.gradle\native\e1d6ef7f7dcc3fd88c89a11ec53ec762bb8ba0a96d01ffa2cd45eb1d1d8dd5c5\windows-amd64\native-platform.dll
0x00007ff8717d0000 - 0x00007ff871914000 	C:\Users\alopezorozco\.gradle\native\5664cfc778a61ccfe75a443a1ab52a65af34e5dc3c78e0209fed803814484fcb\windows-amd64\native-platform-file-events.dll
0x00007ff8a5160000 - 0x00007ff8a5169000 	C:\Program Files\Java\jdk-13.0.2\bin\management.dll
0x00007ff8997a0000 - 0x00007ff8997ab000 	C:\Program Files\Java\jdk-13.0.2\bin\management_ext.dll
0x00007ff8b3950000 - 0x00007ff8b3968000 	C:\WINDOWS\SYSTEM32\CRYPTSP.dll
0x00007ff8b3050000 - 0x00007ff8b3084000 	C:\WINDOWS\system32\rsaenh.dll
0x00007ff8b4400000 - 0x00007ff8b4427000 	C:\WINDOWS\System32\bcrypt.dll
0x00007ff8b3eb0000 - 0x00007ff8b3ede000 	C:\WINDOWS\SYSTEM32\USERENV.dll
0x00007ff8b3970000 - 0x00007ff8b397c000 	C:\WINDOWS\SYSTEM32\CRYPTBASE.dll
0x00007ff8b33e0000 - 0x00007ff8b341b000 	C:\WINDOWS\SYSTEM32\IPHLPAPI.DLL
0x00007ff8b66f0000 - 0x00007ff8b66f8000 	C:\WINDOWS\System32\NSI.dll
0x00007ff8ad840000 - 0x00007ff8ad857000 	C:\WINDOWS\SYSTEM32\dhcpcsvc6.DLL
0x00007ff8ad820000 - 0x00007ff8ad83d000 	C:\WINDOWS\SYSTEM32\dhcpcsvc.DLL
0x00007ff8b3420000 - 0x00007ff8b34eb000 	C:\WINDOWS\SYSTEM32\DNSAPI.dll

dbghelp: loaded successfully - version: 4.0.5 - missing functions: none
symbol engine: initialized successfully - sym options: 0x614 - pdb path: .;C:\Program Files\Java\jdk-13.0.2\bin;C:\WINDOWS\SYSTEM32;C:\WINDOWS\WinSxS\amd64_microsoft.windows.common-controls_6595b64144ccf1df_6.0.19041.1110_none_60b5254171f9507e;C:\Program Files\Java\jdk-13.0.2\bin\server;C:\Users\alopezorozco\.gradle\native\e1d6ef7f7dcc3fd88c89a11ec53ec762bb8ba0a96d01ffa2cd45eb1d1d8dd5c5\windows-amd64;C:\Users\alopezorozco\.gradle\native\5664cfc778a61ccfe75a443a1ab52a65af34e5dc3c78e0209fed803814484fcb\windows-amd64

VM Arguments:
jvm_args: --add-opens=java.base/java.util=ALL-UNNAMED --add-opens=java.base/java.lang=ALL-UNNAMED --add-opens=java.base/java.lang.invoke=ALL-UNNAMED --add-opens=java.base/java.util=ALL-UNNAMED --add-opens=java.prefs/java.util.prefs=ALL-UNNAMED --add-opens=java.prefs/java.util.prefs=ALL-UNNAMED --add-opens=java.base/java.nio.charset=ALL-UNNAMED --add-opens=java.base/java.net=ALL-UNNAMED --add-opens=java.base/java.util.concurrent.atomic=ALL-UNNAMED -Xmx2048m -Dfile.encoding=UTF-8 -Duser.country=MX -Duser.language=es -Duser.variant 
java_command: org.gradle.launcher.daemon.bootstrap.GradleDaemon 7.2
java_class_path (initial): C:\Users\alopezorozco\.gradle\wrapper\dists\gradle-7.2-bin\2dnblmf4td7x66yl1d74lt32g\gradle-7.2\lib\gradle-launcher-7.2.jar
Launcher Type: SUN_STANDARD

[Global flags]
     intx CICompilerCount                          = 4                                         {product} {ergonomic}
     uint ConcGCThreads                            = 2                                         {product} {ergonomic}
     uint G1ConcRefinementThreads                  = 8                                         {product} {ergonomic}
   size_t G1HeapRegionSize                         = 1048576                                   {product} {ergonomic}
    uintx GCDrainStackTargetSize                   = 64                                        {product} {ergonomic}
   size_t InitialHeapSize                          = 268435456                                 {product} {ergonomic}
   size_t MarkStackSize                            = 4194304                                   {product} {ergonomic}
   size_t MaxHeapSize                              = 2147483648                                {product} {command line}
   size_t MaxNewSize                               = 1287651328                                {product} {ergonomic}
   size_t MinHeapDeltaBytes                        = 1048576                                   {product} {ergonomic}
   size_t MinHeapSize                              = 8388608                                   {product} {ergonomic}
    uintx NonNMethodCodeHeapSize                   = 5839372                                {pd product} {ergonomic}
    uintx NonProfiledCodeHeapSize                  = 122909434                              {pd product} {ergonomic}
    uintx ProfiledCodeHeapSize                     = 122909434                              {pd product} {ergonomic}
    uintx ReservedCodeCacheSize                    = 251658240                              {pd product} {ergonomic}
     bool SegmentedCodeCache                       = true                                      {product} {ergonomic}
   size_t SoftMaxHeapSize                          = 2147483648                             {manageable} {ergonomic}
     bool UseCompressedClassPointers               = true                                 {lp64_product} {ergonomic}
     bool UseCompressedOops                        = true                                 {lp64_product} {ergonomic}
     bool UseG1GC                                  = true                                      {product} {ergonomic}
     bool UseLargePagesIndividualAllocation        = false                                  {pd product} {ergonomic}

Logging:
Log output configuration:
 #0: stdout all=warning uptime,level,tags
 #1: stderr all=off uptime,level,tags

Environment Variables:
JAVA_HOME=C:\Program Files\Java\jre1.8.0_171
PATH=C:\Python310\Scripts\;C:\Python310\;C:\Program Files (x86)\Common Files\Oracle\Java\javapath;C:\Program Files (x86)\Intel\iCLS Client\;C:\Program Files\Intel\iCLS Client\;C:\Windows\system32;C:\Windows;C:\Windows\System32\Wbem;C:\Windows\System32\WindowsPowerShell\v1.0\;C:\Program Files (x86)\Intel\Intel(R) Management Engine Components\DAL;C:\Program Files\Intel\Intel(R) Management Engine Components\DAL;C:\Program Files (x86)\Intel\Intel(R) Management Engine Components\IPT;C:\Program Files\Intel\Intel(R) Management Engine Components\IPT;C:\Program Files (x86)\NVIDIA Corporation\PhysX\Common;D:\Program Files (x86)\php-8;C:\Program Files (x86)\Common Files\Acronis\VirtualFile\;C:\Program Files (x86)\Common Files\Acronis\VirtualFile64\;C:\Program Files (x86)\Common Files\Acronis\SnapAPI\;C:\WINDOWS\system32;C:\WINDOWS;C:\WINDOWS\System32\Wbem;C:\WINDOWS\System32\WindowsPowerShell\v1.0\;C:\WINDOWS\System32\OpenSSH\;C:\Program Files\Java\jre1.8.0_171\bin;C:\Program Files\Symfony;C:\Program Files (x86)\Google\Cloud SDK\google-cloud-sdk\bin;C:\Program Files\PuTTY\;C:\ProgramData\ComposerSetup\bin;C:\Program Files\Git\cmd;C:\Program Files\nodejs\;C:\ProgramData\chocolatey\bin;C:\maven\bin;D:\Program Files (x86)\php-8\php.exe;D:\symfony_projects\guestbook\node_modules\.bin;C:\Program Fil;D:\Archivos de Programa\Microsoft VS Code\bin
USERNAME=alopezorozco
OS=Windows_NT
PROCESSOR_IDENTIFIER=Intel64 Family 6 Model 158 Stepping 9, GenuineIntel



---------------  S Y S T E M  ---------------

OS: Windows 10 , 64 bit Build 19041 (10.0.19041.1645)
HyperV virtualization detected

CPU:total 8 (initial active 8) (4 cores per cpu, 2 threads per core) family 6 model 158 stepping 9, cmov, cx8, fxsr, mmx, sse, sse2, sse3, ssse3, sse4.1, sse4.2, popcnt, avx, avx2, aes, clmul, erms, 3dnowpref, lzcnt, ht, tsc, tscinvbit, bmi1, bmi2, adx, fma

Memory: 4k page, system-wide physical 16267M (3649M free)
TotalPageFile size 16267M (AvailPageFile size 39M)
current process WorkingSet (physical memory assigned to process): 479M, peak: 480M
current process commit charge ("private bytes"): 526M, peak: 562M

vm_info: Java HotSpot(TM) 64-Bit Server VM (13.0.2+8) for windows-amd64 JRE (13.0.2+8), built on Dec 11 2019 09:20:33 by "mach5one" with unknown MS VC++:1916

END.
